2024-12-08 00:49:12,612 [INFO] Activator:176 - 


2024-12-08 00:49:12,622 [INFO] Activator:177 - !SESSION log4j initialized
2024-12-08 00:49:19,638 [INFO] LogOutputStream:77 - [STDOUT_REDIRECT] 
2024-12-08 00:49:22,335 [INFO] ApplicationProperties:184 - Using Application install path: C:\ST\STM32CubeIDE_1.16.1\STM32CubeIDE\plugins\com.st.stm32cube.common.mx_6.12.1.202409122256
2024-12-08 00:49:22,369 [INFO] DbMcusXml:78 - Set database path to: C:\ST\STM32CubeIDE_1.16.1\STM32CubeIDE\plugins\com.st.stm32cube.common.mx_6.12.1.202409122256\\db\/mcu/
2024-12-08 00:49:22,369 [INFO] ApiDb:274 - Set plugin database path to: C:\ST\STM32CubeIDE_1.16.1\STM32CubeIDE\plugins\com.st.stm32cube.common.mx_6.12.1.202409122256\\db\/plugins/boardmanager/
2024-12-08 00:49:22,370 [WARN] ApiDb:259 - Overriding images path with different value:  => C:\ST\STM32CubeIDE_1.16.1\STM32CubeIDE\plugins\com.st.stm32cube.common.mx_6.12.1.202409122256\\db\/plugins/mcufinder/images/
2024-12-08 00:49:22,395 [INFO] ApiDb:250 - Set database path to: C:\Users\tcbir\.stmcufinder\plugins\mcufinder//mcu/
2024-12-08 00:49:22,397 [INFO] DbMcusAds:125 - Set database path to: C:\Users\tcbir\.stmcufinder\plugins\mcufinder//mcu/
2024-12-08 00:49:22,402 [INFO] CrossReferenceDbSqlite:203 - Set database path to: C:\Users\tcbir\.stmcufinder\plugins\mcufinder//mcu/cs/
2024-12-08 00:49:22,555 [INFO] RulesReader:64 - Compatibility file has been processed (297 Rules)
2024-12-08 00:49:22,675 [INFO] DbMcusXml:78 - Set database path to: C:\ST\STM32CubeIDE_1.16.1\STM32CubeIDE\plugins\com.st.stm32cube.common.mx_6.12.1.202409122256\\db\/mcu/
2024-12-08 00:49:22,675 [INFO] ApiDb:274 - Set plugin database path to: C:\ST\STM32CubeIDE_1.16.1\STM32CubeIDE\plugins\com.st.stm32cube.common.mx_6.12.1.202409122256\\db\/plugins/boardmanager/
2024-12-08 00:49:22,675 [INFO] ApiDb:261 - Set plugin images path to: C:\ST\STM32CubeIDE_1.16.1\STM32CubeIDE\plugins\com.st.stm32cube.common.mx_6.12.1.202409122256\\db\/plugins/mcufinder/images/
2024-12-08 00:49:22,675 [WARN] DbFile:41 - Overriding database path with different value: C:\Users\tcbir\.stmcufinder\plugins\mcufinder/ => C:\Users\tcbir\.stmcufinder\plugins\mcufinder
2024-12-08 00:49:22,676 [INFO] ApiDb:250 - Set database path to: C:\Users\tcbir\.stmcufinder\plugins\mcufinder//mcu/
2024-12-08 00:49:22,676 [WARN] DbFile:41 - Overriding database path with different value: C:\Users\tcbir\.stmcufinder\plugins\mcufinder/ => C:\Users\tcbir\.stmcufinder\plugins\mcufinder
2024-12-08 00:49:22,676 [INFO] DbMcusAds:125 - Set database path to: C:\Users\tcbir\.stmcufinder\plugins\mcufinder//mcu/
2024-12-08 00:49:22,676 [WARN] DbFile:41 - Overriding database path with different value: C:\Users\tcbir\.stmcufinder\plugins\mcufinder/ => C:\Users\tcbir\.stmcufinder\plugins\mcufinder
2024-12-08 00:49:22,676 [WARN] DbFile:41 - Overriding database path with different value: C:\Users\tcbir\.stmcufinder\plugins\mcufinder/ => C:\Users\tcbir\.stmcufinder\plugins\mcufinder
2024-12-08 00:49:22,676 [INFO] CrossReferenceDbSqlite:203 - Set database path to: C:\Users\tcbir\.stmcufinder\plugins\mcufinder//mcu/cs/
2024-12-08 00:49:22,788 [INFO] MainPanel:268 - HeapMemory: 268435456
2024-12-08 00:49:22,921 [INFO] DbMcusXml:78 - Set database path to: C:\ST\STM32CubeIDE_1.16.1\STM32CubeIDE\plugins\com.st.stm32cube.common.mx_6.12.1.202409122256\\db\/mcu/
2024-12-08 00:49:22,921 [INFO] ApiDb:274 - Set plugin database path to: C:\ST\STM32CubeIDE_1.16.1\STM32CubeIDE\plugins\com.st.stm32cube.common.mx_6.12.1.202409122256\\db\/plugins/boardmanager/
2024-12-08 00:49:22,922 [INFO] ApiDb:261 - Set plugin images path to: C:\ST\STM32CubeIDE_1.16.1\STM32CubeIDE\plugins\com.st.stm32cube.common.mx_6.12.1.202409122256\\db\/plugins/mcufinder/images/
2024-12-08 00:49:22,922 [WARN] DbFile:41 - Overriding database path with different value: C:\Users\tcbir\.stmcufinder\plugins\mcufinder/ => C:\Users\tcbir\.stmcufinder\plugins\mcufinder
2024-12-08 00:49:22,922 [INFO] ApiDb:250 - Set database path to: C:\Users\tcbir\.stmcufinder\plugins\mcufinder//mcu/
2024-12-08 00:49:22,922 [WARN] DbFile:41 - Overriding database path with different value: C:\Users\tcbir\.stmcufinder\plugins\mcufinder/ => C:\Users\tcbir\.stmcufinder\plugins\mcufinder
2024-12-08 00:49:22,923 [INFO] DbMcusAds:125 - Set database path to: C:\Users\tcbir\.stmcufinder\plugins\mcufinder//mcu/
2024-12-08 00:49:22,923 [WARN] DbFile:41 - Overriding database path with different value: C:\Users\tcbir\.stmcufinder\plugins\mcufinder/ => C:\Users\tcbir\.stmcufinder\plugins\mcufinder
2024-12-08 00:49:22,923 [WARN] DbFile:41 - Overriding database path with different value: C:\Users\tcbir\.stmcufinder\plugins\mcufinder/ => C:\Users\tcbir\.stmcufinder\plugins\mcufinder
2024-12-08 00:49:22,923 [INFO] CrossReferenceDbSqlite:203 - Set database path to: C:\Users\tcbir\.stmcufinder\plugins\mcufinder//mcu/cs/
2024-12-08 00:49:22,941 [INFO] ApplicationProperties:184 - Using Application install path: C:\ST\STM32CubeIDE_1.16.1\STM32CubeIDE\plugins\com.st.stm32cube.common.mx_6.12.1.202409122256
2024-12-08 00:49:22,943 [INFO] PluginManage:196 - Search for loadable plugins [exclusion list=, ]
2024-12-08 00:49:22,945 [INFO] PluginManage:310 - Check plugin analytics
2024-12-08 00:49:23,150 [INFO] AnalyticsPlugin:253 - Accepted Software Licenses: STM32CubeMX.6.12.1
2024-12-08 00:49:23,150 [INFO] AnalyticsPlugin:255 - Accepted CMSIS Pack Licenses: 
2024-12-08 00:49:23,151 [INFO] AnalyticsPlugin:257 - Accepted Firmware Licenses: FW.F4.1.28.0
2024-12-08 00:49:23,153 [INFO] PluginManage:359 - Loaded plugin analytics (category:tool,tabindex:-1)
2024-12-08 00:49:23,154 [INFO] PluginManage:310 - Check plugin cadmodel
2024-12-08 00:49:23,176 [INFO] CADModel:105 - Init CAD model plugin
2024-12-08 00:49:23,177 [INFO] PluginManage:359 - Loaded plugin cadmodel (category:power,tabindex:5)
2024-12-08 00:49:23,177 [INFO] PluginManage:310 - Check plugin clock
2024-12-08 00:49:23,202 [INFO] PluginManage:359 - Loaded plugin clock (category:base,tabindex:2)
2024-12-08 00:49:23,202 [INFO] PluginManage:310 - Check plugin ddr
2024-12-08 00:49:23,205 [INFO] PluginManage:359 - Loaded plugin ddr (category:tool,tabindex:6)
2024-12-08 00:49:23,205 [INFO] PluginManage:310 - Check plugin filemanager
2024-12-08 00:49:23,369 [INFO] PluginManage:359 - Loaded plugin filemanager (category:base,tabindex:10)
2024-12-08 00:49:23,369 [INFO] PluginManage:310 - Check plugin ipmanager
2024-12-08 00:49:23,376 [INFO] PluginManage:359 - Loaded plugin ipmanager (category:base,tabindex:5)
2024-12-08 00:49:23,377 [INFO] PluginManage:310 - Check plugin lpbam
2024-12-08 00:49:23,398 [INFO] PluginManage:359 - Loaded plugin lpbam (category:base,tabindex:0)
2024-12-08 00:49:23,398 [INFO] PluginManage:310 - Check plugin memorymap
2024-12-08 00:49:23,425 [INFO] PluginManage:359 - Loaded plugin memorymap (category:base,tabindex:4)
2024-12-08 00:49:23,425 [INFO] PluginManage:310 - Check plugin pinoutandconfiguration
2024-12-08 00:49:23,449 [INFO] PluginManage:359 - Loaded plugin pinoutandconfiguration (category:base,tabindex:1)
2024-12-08 00:49:23,449 [INFO] PluginManage:310 - Check plugin pinoutconfig
2024-12-08 00:49:23,576 [WARN] SupportedApi:132 - Cannot load RTOS API schema: s4s-elt-must-match.1: The content of 'definitions' must match (annotation?, (simpleType | complexType)?, (unique | key | keyref)*)). A problem was found starting at: attribute.
2024-12-08 00:49:23,739 [INFO] PluginManage:359 - Loaded plugin pinoutconfig (category:base,tabindex:0)
2024-12-08 00:49:23,739 [INFO] PluginManage:310 - Check plugin power
2024-12-08 00:49:23,765 [INFO] PluginManage:359 - Loaded plugin power (category:power,tabindex:4)
2024-12-08 00:49:23,766 [INFO] PluginManage:310 - Check plugin projectmanager
2024-12-08 00:49:23,794 [INFO] PluginManage:359 - Loaded plugin projectmanager (category:projectmanager,tabindex:4)
2024-12-08 00:49:23,794 [INFO] PluginManage:310 - Check plugin rif
2024-12-08 00:49:23,826 [INFO] PluginManage:359 - Loaded plugin rif (category:base,tabindex:3)
2024-12-08 00:49:23,826 [INFO] PluginManage:310 - Check plugin thirdparty
2024-12-08 00:49:24,207 [INFO] PluginManage:359 - Loaded plugin thirdparty (category:base,tabindex:-1)
2024-12-08 00:49:24,207 [WARN] IntegrityCheckThread:84 - waiting for thirdparty lock release [integrity check]
2024-12-08 00:49:24,207 [INFO] PluginManage:310 - Check plugin tools
2024-12-08 00:49:24,207 [INFO] IntegrityCheckThread:86 - entering critical section [integrity check]
2024-12-08 00:49:24,208 [INFO] ThirdPartyUpdaterWithRetryManager:70 - Updater plugin not ready yet. [1/15]
2024-12-08 00:49:24,259 [INFO] PluginManage:359 - Loaded plugin tools (category:base,tabindex:7)
2024-12-08 00:49:24,259 [INFO] PluginManage:310 - Check plugin tutovideos
2024-12-08 00:49:24,480 [INFO] PluginManage:359 - Loaded plugin tutovideos (category:base,tabindex:-1)
2024-12-08 00:49:24,481 [INFO] PluginManage:310 - Check plugin updater
2024-12-08 00:49:24,498 [INFO] PluginManage:359 - Loaded plugin updater (category:base,tabindex:12)
2024-12-08 00:49:24,498 [INFO] PluginManage:310 - Check plugin userauth
2024-12-08 00:49:24,505 [INFO] UserAuth:113 - Init User Auth plugin
2024-12-08 00:49:24,505 [INFO] PluginManage:359 - Loaded plugin userauth (category:base,tabindex:14)
2024-12-08 00:49:24,505 [INFO] PluginManage:283 - PluginManage : Loaded plugins [18]
2024-12-08 00:49:24,724 [INFO] PinOutPanel:1561 - setPackage(No Configuration,No Configuration)
2024-12-08 00:49:24,841 [INFO] CADModel:165 - CPN selected for project level
2024-12-08 00:49:24,841 [INFO] CADModel:114 - Register for checkConnection events
2024-12-08 00:49:24,872 [INFO] IPUIPlugin:80 - create IPUIPlugin
2024-12-08 00:49:24,872 [INFO] PluginManager:220 - loadIPPluginJar : add adc
2024-12-08 00:49:24,919 [INFO] IPUIPlugin:80 - create IPUIPlugin
2024-12-08 00:49:24,919 [INFO] PluginManager:220 - loadIPPluginJar : add aes
2024-12-08 00:49:24,972 [INFO] IPUIPlugin:80 - create IPUIPlugin
2024-12-08 00:49:24,972 [INFO] PluginManager:220 - loadIPPluginJar : add can
2024-12-08 00:49:25,007 [INFO] IPUIPlugin:80 - create IPUIPlugin
2024-12-08 00:49:25,007 [INFO] PluginManager:220 - loadIPPluginJar : add comp
2024-12-08 00:49:25,050 [INFO] IPUIPlugin:80 - create IPUIPlugin
2024-12-08 00:49:25,050 [INFO] PluginManager:220 - loadIPPluginJar : add cryp
2024-12-08 00:49:25,067 [INFO] IPUIPlugin:80 - create IPUIPlugin
2024-12-08 00:49:25,067 [INFO] PluginManager:220 - loadIPPluginJar : add ddr_ctrl_phy
2024-12-08 00:49:25,109 [INFO] IPUIPlugin:80 - create IPUIPlugin
2024-12-08 00:49:25,109 [INFO] PluginManager:220 - loadIPPluginJar : add dfsdm
2024-12-08 00:49:25,127 [INFO] IPUIPlugin:80 - create IPUIPlugin
2024-12-08 00:49:25,128 [INFO] PluginManager:220 - loadIPPluginJar : add dma
2024-12-08 00:49:25,184 [INFO] IPUIPlugin:80 - create IPUIPlugin
2024-12-08 00:49:25,184 [INFO] PluginManager:220 - loadIPPluginJar : add dma3
2024-12-08 00:49:25,243 [INFO] IPUIPlugin:80 - create IPUIPlugin
2024-12-08 00:49:25,243 [INFO] PluginManager:220 - loadIPPluginJar : add extmemmanager
2024-12-08 00:49:25,271 [INFO] IPUIPlugin:80 - create IPUIPlugin
2024-12-08 00:49:25,271 [INFO] PluginManager:220 - loadIPPluginJar : add fatfs
2024-12-08 00:49:25,332 [INFO] IPUIPlugin:80 - create IPUIPlugin
2024-12-08 00:49:25,332 [INFO] PluginManager:220 - loadIPPluginJar : add fmc
2024-12-08 00:49:25,351 [INFO] IPUIPlugin:80 - create IPUIPlugin
2024-12-08 00:49:25,351 [INFO] PluginManager:220 - loadIPPluginJar : add freertos
2024-12-08 00:49:25,378 [INFO] IPUIPlugin:80 - create IPUIPlugin
2024-12-08 00:49:25,378 [INFO] PluginManager:220 - loadIPPluginJar : add genericplugin
2024-12-08 00:49:25,500 [INFO] IPUIPlugin:80 - create IPUIPlugin
2024-12-08 00:49:25,501 [INFO] PluginManager:220 - loadIPPluginJar : add gfxmmu
2024-12-08 00:49:25,676 [INFO] IPUIPlugin:80 - create IPUIPlugin
2024-12-08 00:49:25,677 [INFO] PluginManager:220 - loadIPPluginJar : add gic
2024-12-08 00:49:25,693 [INFO] IPUIPlugin:80 - create IPUIPlugin
2024-12-08 00:49:25,694 [INFO] PluginManager:220 - loadIPPluginJar : add gpio
2024-12-08 00:49:25,810 [INFO] IPUIPlugin:80 - create IPUIPlugin
2024-12-08 00:49:25,810 [INFO] PluginManager:220 - loadIPPluginJar : add gtzc
2024-12-08 00:49:25,853 [INFO] IPUIPlugin:80 - create IPUIPlugin
2024-12-08 00:49:25,853 [INFO] PluginManager:220 - loadIPPluginJar : add hash
2024-12-08 00:49:25,920 [INFO] IPUIPlugin:80 - create IPUIPlugin
2024-12-08 00:49:25,920 [INFO] PluginManager:220 - loadIPPluginJar : add i2c
2024-12-08 00:49:25,970 [INFO] IPUIPlugin:80 - create IPUIPlugin
2024-12-08 00:49:25,970 [INFO] PluginManager:220 - loadIPPluginJar : add i2s
2024-12-08 00:49:26,024 [INFO] IPUIPlugin:80 - create IPUIPlugin
2024-12-08 00:49:26,024 [INFO] PluginManager:220 - loadIPPluginJar : add i3c
2024-12-08 00:49:26,151 [INFO] IPUIPlugin:80 - create IPUIPlugin
2024-12-08 00:49:26,151 [INFO] PluginManager:220 - loadIPPluginJar : add ipddr
2024-12-08 00:49:26,271 [INFO] IPUIPlugin:80 - create IPUIPlugin
2024-12-08 00:49:26,271 [INFO] PluginManager:220 - loadIPPluginJar : add linkedlist
2024-12-08 00:49:26,317 [INFO] IPUIPlugin:80 - create IPUIPlugin
2024-12-08 00:49:26,317 [INFO] PluginManager:220 - loadIPPluginJar : add lorawan
2024-12-08 00:49:26,364 [INFO] IPUIPlugin:80 - create IPUIPlugin
2024-12-08 00:49:26,364 [INFO] PluginManager:220 - loadIPPluginJar : add ltdc
2024-12-08 00:49:26,381 [INFO] IPUIPlugin:80 - create IPUIPlugin
2024-12-08 00:49:26,382 [INFO] PluginManager:220 - loadIPPluginJar : add mdma
2024-12-08 00:49:26,397 [INFO] IPUIPlugin:80 - create IPUIPlugin
2024-12-08 00:49:26,397 [INFO] PluginManager:220 - loadIPPluginJar : add nvic
2024-12-08 00:49:26,445 [INFO] IPUIPlugin:80 - create IPUIPlugin
2024-12-08 00:49:26,445 [INFO] PluginManager:220 - loadIPPluginJar : add opamp
2024-12-08 00:49:26,523 [INFO] IPUIPlugin:80 - create IPUIPlugin
2024-12-08 00:49:26,523 [INFO] PluginManager:220 - loadIPPluginJar : add openamp
2024-12-08 00:49:26,578 [INFO] IPUIPlugin:80 - create IPUIPlugin
2024-12-08 00:49:26,579 [INFO] PluginManager:220 - loadIPPluginJar : add pdm2pcm
2024-12-08 00:49:26,597 [INFO] IPUIPlugin:80 - create IPUIPlugin
2024-12-08 00:49:26,600 [INFO] PluginManager:220 - loadIPPluginJar : add plateformsettings
2024-12-08 00:49:26,630 [INFO] IPUIPlugin:80 - create IPUIPlugin
2024-12-08 00:49:26,630 [INFO] PluginManager:220 - loadIPPluginJar : add quadspi
2024-12-08 00:49:26,663 [INFO] IPUIPlugin:80 - create IPUIPlugin
2024-12-08 00:49:26,664 [INFO] PluginManager:220 - loadIPPluginJar : add radio
2024-12-08 00:49:26,680 [INFO] IPUIPlugin:80 - create IPUIPlugin
2024-12-08 00:49:26,680 [INFO] PluginManager:220 - loadIPPluginJar : add resmgrutility
2024-12-08 00:49:26,740 [INFO] IPUIPlugin:80 - create IPUIPlugin
2024-12-08 00:49:26,740 [INFO] PluginManager:220 - loadIPPluginJar : add sai
2024-12-08 00:49:26,789 [INFO] IPUIPlugin:80 - create IPUIPlugin
2024-12-08 00:49:26,789 [INFO] PluginManager:220 - loadIPPluginJar : add spi
2024-12-08 00:49:26,875 [INFO] IPUIPlugin:80 - create IPUIPlugin
2024-12-08 00:49:26,875 [INFO] PluginManager:220 - loadIPPluginJar : add stm32_wpan
2024-12-08 00:49:26,906 [INFO] IPUIPlugin:80 - create IPUIPlugin
2024-12-08 00:49:26,906 [INFO] PluginManager:220 - loadIPPluginJar : add tim
2024-12-08 00:49:26,982 [INFO] IPUIPlugin:80 - create IPUIPlugin
2024-12-08 00:49:26,983 [INFO] PluginManager:220 - loadIPPluginJar : add touchsensing
2024-12-08 00:49:27,012 [INFO] IPUIPlugin:80 - create IPUIPlugin
2024-12-08 00:49:27,013 [INFO] PluginManager:220 - loadIPPluginJar : add tracer_emb
2024-12-08 00:49:27,043 [INFO] IPUIPlugin:80 - create IPUIPlugin
2024-12-08 00:49:27,044 [INFO] PluginManager:220 - loadIPPluginJar : add ts
2024-12-08 00:49:27,074 [INFO] IPUIPlugin:80 - create IPUIPlugin
2024-12-08 00:49:27,074 [INFO] PluginManager:220 - loadIPPluginJar : add tsc
2024-12-08 00:49:27,103 [INFO] IPUIPlugin:80 - create IPUIPlugin
2024-12-08 00:49:27,104 [INFO] PluginManager:220 - loadIPPluginJar : add ucpd
2024-12-08 00:49:27,160 [INFO] IPUIPlugin:80 - create IPUIPlugin
2024-12-08 00:49:27,160 [INFO] PluginManager:220 - loadIPPluginJar : add usart
2024-12-08 00:49:27,212 [INFO] ThirdPartyUpdaterWithRetryManager:70 - Updater plugin not ready yet. [2/15]
2024-12-08 00:49:27,215 [INFO] IPUIPlugin:80 - create IPUIPlugin
2024-12-08 00:49:27,215 [INFO] PluginManager:220 - loadIPPluginJar : add usbx
2024-12-08 00:49:27,344 [INFO] CADModel:165 - CPN selected for project level
2024-12-08 00:49:27,345 [INFO] CADModel:114 - Register for checkConnection events
2024-12-08 00:49:27,345 [FATAL] Updater:334 - Updater called before beeing initialized
2024-12-08 00:49:27,346 [ERROR] CADModel:125 - Updater not yet initialized, retry later 
2024-12-08 00:49:27,508 [INFO] CADModel:165 - CPN selected for project level
2024-12-08 00:49:27,508 [INFO] CADModel:114 - Register for checkConnection events
2024-12-08 00:49:27,508 [FATAL] Updater:334 - Updater called before beeing initialized
2024-12-08 00:49:27,508 [ERROR] CADModel:125 - Updater not yet initialized, retry later 
2024-12-08 00:49:27,511 [FATAL] Updater:334 - Updater called before beeing initialized
2024-12-08 00:49:27,617 [FATAL] Updater:334 - Updater called before beeing initialized
2024-12-08 00:49:27,632 [INFO] DbMcusAds:53 - JSON generation date=Fri Sep 20 09:04:23 EDT 2024 (1726837463113)
2024-12-08 00:49:27,633 [FATAL] Updater:334 - Updater called before beeing initialized
2024-12-08 00:49:27,673 [WARN] DetailPanel:346 - Failed to get advertising image, set to default
2024-12-08 00:49:27,768 [FATAL] Updater:334 - Updater called before beeing initialized
2024-12-08 00:49:27,769 [FATAL] Updater:334 - Updater called before beeing initialized
2024-12-08 00:49:27,769 [FATAL] Updater:334 - Updater called before beeing initialized
2024-12-08 00:49:27,770 [WARN] DetailPanel:346 - Failed to get advertising image, set to default
2024-12-08 00:49:27,771 [FATAL] Updater:334 - Updater called before beeing initialized
2024-12-08 00:49:27,866 [ERROR] Updater:1164 - MainUpdater not yet initialized. External WinMGr cannot be set.
2024-12-08 00:49:27,890 [INFO] Updater:1100 - Updater Version found : 6.12.1
2024-12-08 00:49:27,909 [INFO] ApplicationProperties:184 - Using Application install path: C:\ST\STM32CubeIDE_1.16.1\STM32CubeIDE\plugins\com.st.stm32cube.common.mx_6.12.1.202409122256
2024-12-08 00:49:29,494 [ERROR] LogOutputStream:75 - [STDERR_REDIRECT] Dec 08, 2024 12:49:29 AM java.util.prefs.WindowsPreferences <init>
2024-12-08 00:49:29,496 [ERROR] LogOutputStream:75 - [STDERR_REDIRECT] WARNING: Could not open/create prefs root node Software\JavaSoft\Prefs at root 0xffffffff80000002. Windows RegCreateKeyEx(...) returned error code 5.
2024-12-08 00:49:29,497 [ERROR] LogOutputStream:75 - [STDERR_REDIRECT] 
2024-12-08 00:49:29,949 [INFO] MainUpdater:2873 - connection check result : 10
2024-12-08 00:49:29,950 [INFO] MainUpdater:290 - Updater Check For Update Now.
2024-12-08 00:49:29,950 [INFO] MicroXplorer:498 - Change Database Version : DB.6.0.121
2024-12-08 00:49:29,979 [INFO] McuFinderGlobals:63 - Set McuFinder mode to 2 (CubeIDE integrated)
2024-12-08 00:49:29,988 [INFO] UserAuth:417 - Internet connection configuration mode: 1
2024-12-08 00:49:30,023 [INFO] JxBrowserEngine:152 - Initiate JxBrowser Engine with user profile folder
2024-12-08 00:49:30,214 [WARN] MainUpdater:1194 - Updater busy. Cannot search thirdparties
2024-12-08 00:49:30,214 [INFO] ThirdPartyUpdaterWithRetryManager:96 - Updater plugin is busy. [1/15]
2024-12-08 00:49:30,238 [INFO] CheckServerUpdateThread:120 - End of CheckServer Thread
2024-12-08 00:49:33,461 [WARN] PackLoader:240 - Cannot read IP mode file for STMicroelectronics.FP-SNS-MOTENVWB1.1.4.0
2024-12-08 00:49:33,483 [WARN] PackLoader:240 - Cannot read IP mode file for STMicroelectronics.FP-ATR-ASTRA1.2.0.1
2024-12-08 00:49:33,508 [WARN] PackLoader:240 - Cannot read IP mode file for STMicroelectronics.X-CUBE-SMBUS.2.1.0
2024-12-08 00:49:33,533 [WARN] PackLoader:240 - Cannot read IP mode file for STMicroelectronics.X-CUBE-WB05N.1.1.0
2024-12-08 00:49:33,583 [WARN] PackLoader:240 - Cannot read IP mode file for STMicroelectronics.X-CUBE-AZRTOS-F7.1.1.0
2024-12-08 00:49:33,700 [WARN] PackLoader:240 - Cannot read IP mode file for STMicroelectronics.X-CUBE-MEMS1.11.0.0
2024-12-08 00:49:33,931 [WARN] PackLoader:240 - Cannot read IP mode file for STMicroelectronics.FP-SNS-FLIGHT1.5.0.2
2024-12-08 00:49:33,955 [WARN] PackLoader:240 - Cannot read IP mode file for STMicroelectronics.X-CUBE-DISPLAY.3.0.0
2024-12-08 00:49:33,982 [WARN] PackLoader:240 - Cannot read IP mode file for STMicroelectronics.X-CUBE-BLE1.7.0.0
2024-12-08 00:49:34,003 [WARN] PackLoader:240 - Cannot read IP mode file for STMicroelectronics.X-CUBE-NFC10.1.0.0
2024-12-08 00:49:34,028 [WARN] PackLoader:240 - Cannot read IP mode file for STMicroelectronics.X-CUBE-BLEMGR.4.0.0
2024-12-08 00:49:34,054 [WARN] PackLoader:240 - Cannot read IP mode file for emotas.I-CUBE-CANOPEN.1.3.0
2024-12-08 00:49:34,079 [WARN] PackLoader:240 - Cannot read IP mode file for STMicroelectronics.X-CUBE-BLEMGR.3.1.0
2024-12-08 00:49:34,109 [WARN] PackLoader:240 - Cannot read IP mode file for STMicroelectronics.FP-SNS-SMARTAG2.1.2.0
2024-12-08 00:49:34,138 [INFO] LogOutputStream:77 - [STDOUT_REDIRECT] 1 : Invalid condition id : UX_CORESTACK_Condition cause : null
2024-12-08 00:49:34,139 [INFO] LogOutputStream:77 - [STDOUT_REDIRECT] 1 : Invalid condition id : UX_CORESTACK_Condition cause : null
2024-12-08 00:49:34,140 [INFO] LogOutputStream:77 - [STDOUT_REDIRECT] 1 : Invalid condition id : UX_CORESTACK_Condition cause : null
2024-12-08 00:49:34,142 [INFO] LogOutputStream:77 - [STDOUT_REDIRECT] 1 : Invalid condition id : UX_CORESTACK_Condition cause : null
2024-12-08 00:49:34,144 [INFO] LogOutputStream:77 - [STDOUT_REDIRECT] 1 : Invalid condition id : UX_CORESTACK_Condition cause : null
2024-12-08 00:49:34,147 [WARN] PackLoader:240 - Cannot read IP mode file for STMicroelectronics.X-CUBE-AZRTOS-WL.2.0.0
2024-12-08 00:49:34,169 [WARN] PackLoader:240 - Cannot read IP mode file for STMicroelectronics.FP-SNS-MOTENV1.5.0.0
2024-12-08 00:49:34,191 [WARN] PackLoader:240 - Cannot read IP mode file for wolfSSL.I-CUBE-wolfMQTT.1.19.0
2024-12-08 00:49:34,218 [WARN] PackLoader:240 - Cannot read IP mode file for WES.I-CUBE-Cesium.1.3.0
2024-12-08 00:49:34,254 [WARN] PackLoader:240 - Cannot read IP mode file for STMicroelectronics.X-CUBE-BLE2.3.3.0
2024-12-08 00:49:34,295 [WARN] PackLoader:240 - Cannot read IP mode file for STMicroelectronics.X-CUBE-NFC9.1.0.0
2024-12-08 00:49:34,324 [WARN] PackLoader:240 - Cannot read IP mode file for STMicroelectronics.X-CUBE-TCPP.4.1.0
2024-12-08 00:49:34,390 [WARN] PackLoader:240 - Cannot read IP mode file for STMicroelectronics.X-CUBE-AZRTOS-G0.1.1.0
2024-12-08 00:49:34,467 [WARN] PackLoader:240 - Cannot read IP mode file for STMicroelectronics.X-CUBE-SAFEA1.1.2.2
2024-12-08 00:49:34,501 [WARN] PackLoader:240 - Cannot read IP mode file for STMicroelectronics.X-CUBE-NFC4.3.0.0
2024-12-08 00:49:34,565 [WARN] PackLoader:240 - Cannot read IP mode file for EmbeddedOffice.I-CUBE-FS-RTOS.1.0.1
2024-12-08 00:49:34,565 [ERROR] ConditionMgr:805 - Attr not supported : Dmpu
2024-12-08 00:49:34,566 [ERROR] ConditionMgr:805 - Attr not supported : Dmpu
2024-12-08 00:49:34,566 [ERROR] ConditionMgr:805 - Attr not supported : Dmpu
2024-12-08 00:49:34,566 [ERROR] ConditionMgr:805 - Attr not supported : Dmpu
2024-12-08 00:49:34,566 [ERROR] ConditionMgr:805 - Attr not supported : Dmpu
2024-12-08 00:49:34,566 [ERROR] ConditionMgr:805 - Attr not supported : Dmpu
2024-12-08 00:49:34,566 [ERROR] ConditionMgr:805 - Attr not supported : Dmpu
2024-12-08 00:49:34,566 [ERROR] ConditionMgr:805 - Attr not supported : Dmpu
2024-12-08 00:49:34,566 [ERROR] ConditionMgr:805 - Attr not supported : Dmpu
2024-12-08 00:49:34,566 [ERROR] ConditionMgr:805 - Attr not supported : Dmpu
2024-12-08 00:49:34,566 [ERROR] ConditionMgr:805 - Attr not supported : Dmpu
2024-12-08 00:49:34,567 [ERROR] ConditionMgr:805 - Attr not supported : Dmpu
2024-12-08 00:49:34,567 [ERROR] ConditionMgr:805 - Attr not supported : Dmpu
2024-12-08 00:49:34,567 [ERROR] ConditionMgr:805 - Attr not supported : Dmpu
2024-12-08 00:49:34,567 [ERROR] ConditionMgr:805 - Attr not supported : Dmpu
2024-12-08 00:49:34,567 [ERROR] ConditionMgr:805 - Attr not supported : Dmpu
2024-12-08 00:49:34,567 [ERROR] ConditionMgr:805 - Attr not supported : Dmpu
2024-12-08 00:49:34,567 [ERROR] ConditionMgr:805 - Attr not supported : Dmpu
2024-12-08 00:49:34,567 [ERROR] ConditionMgr:805 - Attr not supported : Dmpu
2024-12-08 00:49:34,567 [ERROR] ConditionMgr:805 - Attr not supported : Dmpu
2024-12-08 00:49:34,567 [ERROR] ConditionMgr:805 - Attr not supported : Dmpu
2024-12-08 00:49:34,568 [ERROR] ConditionMgr:805 - Attr not supported : Dmpu
2024-12-08 00:49:34,568 [ERROR] ConditionMgr:805 - Attr not supported : Dmpu
2024-12-08 00:49:34,568 [ERROR] ConditionMgr:805 - Attr not supported : Dmpu
2024-12-08 00:49:34,568 [ERROR] ConditionMgr:805 - Attr not supported : Dmpu
2024-12-08 00:49:34,568 [ERROR] ConditionMgr:805 - Attr not supported : Dmpu
2024-12-08 00:49:34,568 [ERROR] ConditionMgr:805 - Attr not supported : Dmpu
2024-12-08 00:49:34,568 [ERROR] ConditionMgr:805 - Attr not supported : Dmpu
2024-12-08 00:49:34,568 [ERROR] ConditionMgr:805 - Attr not supported : Dmpu
2024-12-08 00:49:34,568 [ERROR] ConditionMgr:805 - Attr not supported : Dmpu
2024-12-08 00:49:34,568 [ERROR] ConditionMgr:805 - Attr not supported : Dmpu
2024-12-08 00:49:34,568 [ERROR] ConditionMgr:805 - Attr not supported : Dmpu
2024-12-08 00:49:34,569 [ERROR] ConditionMgr:805 - Attr not supported : Dmpu
2024-12-08 00:49:34,569 [ERROR] ConditionMgr:805 - Attr not supported : Dmpu
2024-12-08 00:49:34,569 [ERROR] ConditionMgr:805 - Attr not supported : Dmpu
2024-12-08 00:49:34,569 [ERROR] ConditionMgr:805 - Attr not supported : Dmpu
2024-12-08 00:49:34,569 [ERROR] ConditionMgr:805 - Attr not supported : Dmpu
2024-12-08 00:49:34,569 [ERROR] ConditionMgr:805 - Attr not supported : Dmpu
2024-12-08 00:49:34,569 [ERROR] ConditionMgr:805 - Attr not supported : Dmpu
2024-12-08 00:49:34,570 [ERROR] ConditionMgr:805 - Attr not supported : Dmpu
2024-12-08 00:49:34,570 [ERROR] ConditionMgr:805 - Attr not supported : Dmpu
2024-12-08 00:49:34,570 [ERROR] ConditionMgr:805 - Attr not supported : Dmpu
2024-12-08 00:49:34,570 [ERROR] ConditionMgr:805 - Attr not supported : Dmpu
2024-12-08 00:49:34,570 [ERROR] ConditionMgr:805 - Attr not supported : Dmpu
2024-12-08 00:49:34,570 [ERROR] ConditionMgr:805 - Attr not supported : Dmpu
2024-12-08 00:49:34,570 [ERROR] ConditionMgr:805 - Attr not supported : Dmpu
2024-12-08 00:49:34,570 [ERROR] ConditionMgr:805 - Attr not supported : Dmpu
2024-12-08 00:49:34,570 [ERROR] ConditionMgr:805 - Attr not supported : Dmpu
2024-12-08 00:49:34,571 [ERROR] ConditionMgr:805 - Attr not supported : Dmpu
2024-12-08 00:49:34,571 [ERROR] ConditionMgr:805 - Attr not supported : Dmpu
2024-12-08 00:49:34,571 [ERROR] ConditionMgr:805 - Attr not supported : Dmpu
2024-12-08 00:49:34,571 [ERROR] ConditionMgr:805 - Attr not supported : Dmpu
2024-12-08 00:49:34,571 [ERROR] ConditionMgr:805 - Attr not supported : Dmpu
2024-12-08 00:49:34,571 [ERROR] ConditionMgr:805 - Attr not supported : Dmpu
2024-12-08 00:49:34,571 [ERROR] ConditionMgr:805 - Attr not supported : Dmpu
2024-12-08 00:49:34,571 [ERROR] ConditionMgr:805 - Attr not supported : Dmpu
2024-12-08 00:49:34,571 [ERROR] ConditionMgr:805 - Attr not supported : Dmpu
2024-12-08 00:49:34,571 [ERROR] ConditionMgr:805 - Attr not supported : Dmpu
2024-12-08 00:49:34,571 [ERROR] ConditionMgr:805 - Attr not supported : Dmpu
2024-12-08 00:49:34,571 [ERROR] ConditionMgr:805 - Attr not supported : Dmpu
2024-12-08 00:49:34,572 [ERROR] ConditionMgr:805 - Attr not supported : Dmpu
2024-12-08 00:49:34,572 [ERROR] ConditionMgr:805 - Attr not supported : Dmpu
2024-12-08 00:49:34,572 [ERROR] ConditionMgr:805 - Attr not supported : Dmpu
2024-12-08 00:49:34,573 [ERROR] ConditionMgr:805 - Attr not supported : Dmpu
2024-12-08 00:49:34,615 [WARN] PackLoader:240 - Cannot read IP mode file for RealThread.X-CUBE-RT-Thread_Nano.4.1.1
2024-12-08 00:49:34,651 [WARN] PackLoader:240 - Cannot read IP mode file for STMicroelectronics.FP-ATR-SIGFOX1.3.2.0
2024-12-08 00:49:34,679 [WARN] PackLoader:240 - Cannot read IP mode file for wolfSSL.I-CUBE-wolfSSL.5.7.2
2024-12-08 00:49:34,698 [WARN] ConditionMgr:438 - getConditionDescription Invalid condition id : Cortex-A Device cause : null
2024-12-08 00:49:34,745 [WARN] ConditionMgr:1039 - genDependencies : Invalid condition id : Cortex-A Device cause : null
2024-12-08 00:49:34,745 [WARN] ConditionMgr:1039 - genDependencies : Invalid condition id : Cortex-A Device cause : null
2024-12-08 00:49:34,746 [WARN] ConditionMgr:1039 - genDependencies : Invalid condition id : Cortex-A Device cause : null
2024-12-08 00:49:34,774 [WARN] PackLoader:240 - Cannot read IP mode file for STMicroelectronics.X-CUBE-EEPRMA1.5.1.0
2024-12-08 00:49:34,798 [WARN] PackLoader:240 - Cannot read IP mode file for ITTIA_DB.I-CUBE-ITTIADB.8.9.0
2024-12-08 00:49:34,854 [WARN] PackLoader:240 - Cannot read IP mode file for SEGGER.I-CUBE-embOS.1.3.1
2024-12-08 00:49:34,930 [WARN] PackLoader:240 - Cannot read IP mode file for STMicroelectronics.X-CUBE-ALGOBUILD.1.4.0
2024-12-08 00:49:34,952 [WARN] PackLoader:240 - Cannot read IP mode file for STMicroelectronics.X-CUBE-AI.9.1.0
2024-12-08 00:49:34,995 [WARN] PackLoader:240 - Cannot read IP mode file for STMicroelectronics.X-CUBE-AZRTOS-F4.1.1.0
2024-12-08 00:49:35,017 [WARN] PackLoader:240 - Cannot read IP mode file for STMicroelectronics.X-CUBE-ISPU.2.1.0
2024-12-08 00:49:35,039 [WARN] PackLoader:240 - Cannot read IP mode file for STMicroelectronics.X-CUBE-FREERTOS.1.2.0
2024-12-08 00:49:35,080 [WARN] PackLoader:240 - Cannot read IP mode file for STMicroelectronics.X-CUBE-AZRTOS-L5.2.0.0
2024-12-08 00:49:35,106 [WARN] PackLoader:240 - Cannot read IP mode file for STMicroelectronics.X-CUBE-NFC6.3.1.0
2024-12-08 00:49:35,127 [WARN] PackLoader:240 - Cannot read IP mode file for STMicroelectronics.X-CUBE-DPower.1.2.0
2024-12-08 00:49:35,146 [WARN] PackLoader:240 - Cannot read IP mode file for STMicroelectronics.X-CUBE-NFC7.1.0.1
2024-12-08 00:49:35,186 [WARN] ConditionMgr:438 - getConditionDescription Invalid condition id : LAN8742 Phy interface Condition cause : null
2024-12-08 00:49:35,186 [WARN] PackLoader:240 - Cannot read IP mode file for STMicroelectronics.X-CUBE-AZRTOS-L4.2.0.0
2024-12-08 00:49:35,190 [WARN] ConditionMgr:1039 - genDependencies : Invalid condition id : LAN8742 Phy interface Condition cause : null
2024-12-08 00:49:35,191 [WARN] ConditionMgr:1039 - genDependencies : Invalid condition id : LAN8742 Phy interface Condition cause : null
2024-12-08 00:49:35,192 [WARN] ConditionMgr:1039 - genDependencies : Invalid condition id : LAN8742 Phy interface Condition cause : null
2024-12-08 00:49:35,214 [WARN] PackLoader:240 - Cannot read IP mode file for STMicroelectronics.X-CUBE-SFXS2LP1.4.0.0
2024-12-08 00:49:35,262 [WARN] PackLoader:240 - Cannot read IP mode file for STMicroelectronics.X-CUBE-AZRTOS-H7.3.3.0
2024-12-08 00:49:35,292 [WARN] PackLoader:240 - Cannot read IP mode file for STMicroelectronics.X-CUBE-IPS.3.0.0
2024-12-08 00:49:35,332 [WARN] ConditionMgr:438 - getConditionDescription Invalid condition id : UX DEVICE CLASS RTOS Condition cause : null
2024-12-08 00:49:35,333 [WARN] ConditionMgr:438 - getConditionDescription Invalid condition id : UX DEVICE CLASS RTOS Condition cause : null
2024-12-08 00:49:35,335 [WARN] PackLoader:240 - Cannot read IP mode file for STMicroelectronics.X-CUBE-AZRTOS-WB.2.0.0
2024-12-08 00:49:35,336 [WARN] ConditionMgr:1039 - genDependencies : Invalid condition id : UX DEVICE CLASS RTOS Condition cause : null
2024-12-08 00:49:35,336 [WARN] ConditionMgr:1039 - genDependencies : Invalid condition id : UX DEVICE CLASS RTOS Condition cause : null
2024-12-08 00:49:35,337 [WARN] ConditionMgr:1039 - genDependencies : Invalid condition id : UX DEVICE CLASS RTOS Condition cause : null
2024-12-08 00:49:35,337 [WARN] ConditionMgr:1039 - genDependencies : Invalid condition id : UX DEVICE CLASS RTOS Condition cause : null
2024-12-08 00:49:35,337 [WARN] ConditionMgr:1039 - genDependencies : Invalid condition id : UX DEVICE CLASS RTOS Condition cause : null
2024-12-08 00:49:35,360 [WARN] PackLoader:240 - Cannot read IP mode file for STMicroelectronics.X-CUBE-GNSS1.7.0.0
2024-12-08 00:49:35,381 [WARN] PackLoader:240 - Cannot read IP mode file for STMicroelectronics.FP-SNS-STBOX1.2.0.0
2024-12-08 00:49:35,411 [WARN] PackLoader:240 - Cannot read IP mode file for STMicroelectronics.X-CUBE-SUBG2.5.0.0
2024-12-08 00:49:35,435 [WARN] PackLoader:240 - Cannot read IP mode file for Cesanta.I-CUBE-Mongoose.7.13.0
2024-12-08 00:49:35,470 [WARN] PackLoader:240 - Cannot read IP mode file for STMicroelectronics.X-CUBE-AZRTOS-G4.2.0.0
2024-12-08 00:49:35,491 [WARN] PackLoader:240 - Cannot read IP mode file for STMicroelectronics.X-CUBE-ALS.1.0.2
2024-12-08 00:49:35,511 [WARN] PackLoader:240 - Cannot read IP mode file for STMicroelectronics.X-CUBE-TOUCHGFX.4.24.1
2024-12-08 00:49:35,532 [WARN] PackLoader:240 - Cannot read IP mode file for wolfSSL.I-CUBE-wolfTPM.3.4.0
2024-12-08 00:49:35,551 [WARN] PackLoader:240 - Cannot read IP mode file for portGmbH.I-Cube-SoM-uGOAL.1.1.0
2024-12-08 00:49:35,588 [WARN] PackLoader:240 - Cannot read IP mode file for STMicroelectronics.X-CUBE-AZRTOS-H7RS.1.0.0
2024-12-08 00:49:35,612 [WARN] PackLoader:240 - Cannot read IP mode file for STMicroelectronics.FP-ATR-ASTRA1.2.0.0
2024-12-08 00:49:35,647 [WARN] PackLoader:240 - Cannot read IP mode file for STMicroelectronics.X-CUBE-TOF1.3.4.2
2024-12-08 00:49:35,718 [WARN] PackLoader:240 - Cannot read IP mode file for Infineon.AIROC-Wi-Fi-Bluetooth-STM32.1.6.1
2024-12-08 00:49:35,746 [WARN] PackLoader:240 - Cannot read IP mode file for wolfSSL.I-CUBE-wolfSSH.1.4.17
2024-12-08 00:49:35,747 [INFO] ThirdParty:978 - Integrity check success = true
2024-12-08 00:49:35,747 [INFO] IntegrityCheckThread:100 - exiting critical section [integrity check]
2024-12-08 00:49:35,748 [INFO] IntegrityCheckThread:103 - End integrity checks thread
2024-12-08 00:49:38,895 [INFO] WebApp:167 - Instantiating new browser for Auth
2024-12-08 00:49:39,848 [INFO] WebApp:448 - Apply proxy settings
2024-12-08 00:49:39,849 [INFO] WebApp:533 - Chromium requires no authentication
2024-12-08 00:49:39,864 [INFO] WebApp:476 - Direct internet connection detected
2024-12-08 00:49:39,911 [INFO] WebApp:869 - Register for checkConnection events
2024-12-08 00:49:39,912 [INFO] WebApp:448 - Apply proxy settings
2024-12-08 00:49:39,912 [INFO] WebApp:533 - Chromium requires no authentication
2024-12-08 00:49:39,913 [INFO] WebApp:476 - Direct internet connection detected
2024-12-08 00:49:40,183 [INFO] WebApp:186 - Connection restablished
2024-12-08 00:49:40,195 [INFO] WebApp:220 - Starting web application
2024-12-08 00:49:40,196 [INFO] WebApp:578 - Web application path used C:\ST\STM32CubeIDE_1.16.1\STM32CubeIDE\plugins\com.st.stm32cube.common.mx_6.12.1.202409122256\db\plugins\mcufinder\reactClient1\index.html
2024-12-08 00:49:40,480 [INFO] UserAuth:417 - Internet connection configuration mode: 1
2024-12-08 13:32:27,376 [INFO] WebApp:189 - Connection lost
2024-12-08 13:32:27,544 [INFO] WebApp:186 - Connection restablished
2024-12-08 13:34:12,366 [INFO] WebApp:189 - Connection lost
2024-12-08 13:34:12,578 [INFO] WebApp:186 - Connection restablished
