2024-11-30 20:42:10,215 [ERROR] LogOutputStream:75 - [STDERR_REDIRECT] 
2024-11-30 22:24:41,946 [INFO] Activator:176 - 


2024-11-30 22:24:41,948 [INFO] Activator:177 - !SESSION log4j initialized
2024-11-30 22:24:46,599 [INFO] LogOutputStream:77 - [STDOUT_REDIRECT] 
2024-11-30 22:24:48,917 [INFO] ApplicationProperties:184 - Using Application install path: C:\ST\STM32CubeIDE_1.16.1\STM32CubeIDE\plugins\com.st.stm32cube.common.mx_6.12.1.202409122256
2024-11-30 22:24:48,935 [INFO] DbMcusXml:78 - Set database path to: C:\ST\STM32CubeIDE_1.16.1\STM32CubeIDE\plugins\com.st.stm32cube.common.mx_6.12.1.202409122256\\db\/mcu/
2024-11-30 22:24:48,935 [INFO] ApiDb:274 - Set plugin database path to: C:\ST\STM32CubeIDE_1.16.1\STM32CubeIDE\plugins\com.st.stm32cube.common.mx_6.12.1.202409122256\\db\/plugins/boardmanager/
2024-11-30 22:24:48,936 [WARN] ApiDb:259 - Overriding images path with different value:  => C:\ST\STM32CubeIDE_1.16.1\STM32CubeIDE\plugins\com.st.stm32cube.common.mx_6.12.1.202409122256\\db\/plugins/mcufinder/images/
2024-11-30 22:24:48,949 [INFO] ApiDb:250 - Set database path to: C:\Users\tcbir\.stmcufinder\plugins\mcufinder//mcu/
2024-11-30 22:24:48,950 [INFO] DbMcusAds:125 - Set database path to: C:\Users\tcbir\.stmcufinder\plugins\mcufinder//mcu/
2024-11-30 22:24:48,953 [INFO] CrossReferenceDbSqlite:203 - Set database path to: C:\Users\tcbir\.stmcufinder\plugins\mcufinder//mcu/cs/
2024-11-30 22:24:49,072 [INFO] RulesReader:64 - Compatibility file has been processed (297 Rules)
2024-11-30 22:24:49,155 [INFO] DbMcusXml:78 - Set database path to: C:\ST\STM32CubeIDE_1.16.1\STM32CubeIDE\plugins\com.st.stm32cube.common.mx_6.12.1.202409122256\\db\/mcu/
2024-11-30 22:24:49,155 [INFO] ApiDb:274 - Set plugin database path to: C:\ST\STM32CubeIDE_1.16.1\STM32CubeIDE\plugins\com.st.stm32cube.common.mx_6.12.1.202409122256\\db\/plugins/boardmanager/
2024-11-30 22:24:49,155 [INFO] ApiDb:261 - Set plugin images path to: C:\ST\STM32CubeIDE_1.16.1\STM32CubeIDE\plugins\com.st.stm32cube.common.mx_6.12.1.202409122256\\db\/plugins/mcufinder/images/
2024-11-30 22:24:49,155 [WARN] DbFile:41 - Overriding database path with different value: C:\Users\tcbir\.stmcufinder\plugins\mcufinder/ => C:\Users\tcbir\.stmcufinder\plugins\mcufinder
2024-11-30 22:24:49,155 [INFO] ApiDb:250 - Set database path to: C:\Users\tcbir\.stmcufinder\plugins\mcufinder//mcu/
2024-11-30 22:24:49,155 [WARN] DbFile:41 - Overriding database path with different value: C:\Users\tcbir\.stmcufinder\plugins\mcufinder/ => C:\Users\tcbir\.stmcufinder\plugins\mcufinder
2024-11-30 22:24:49,155 [INFO] DbMcusAds:125 - Set database path to: C:\Users\tcbir\.stmcufinder\plugins\mcufinder//mcu/
2024-11-30 22:24:49,155 [WARN] DbFile:41 - Overriding database path with different value: C:\Users\tcbir\.stmcufinder\plugins\mcufinder/ => C:\Users\tcbir\.stmcufinder\plugins\mcufinder
2024-11-30 22:24:49,157 [WARN] DbFile:41 - Overriding database path with different value: C:\Users\tcbir\.stmcufinder\plugins\mcufinder/ => C:\Users\tcbir\.stmcufinder\plugins\mcufinder
2024-11-30 22:24:49,157 [INFO] CrossReferenceDbSqlite:203 - Set database path to: C:\Users\tcbir\.stmcufinder\plugins\mcufinder//mcu/cs/
2024-11-30 22:24:49,248 [INFO] MainPanel:268 - HeapMemory: 268435456
2024-11-30 22:24:49,352 [INFO] DbMcusXml:78 - Set database path to: C:\ST\STM32CubeIDE_1.16.1\STM32CubeIDE\plugins\com.st.stm32cube.common.mx_6.12.1.202409122256\\db\/mcu/
2024-11-30 22:24:49,352 [INFO] ApiDb:274 - Set plugin database path to: C:\ST\STM32CubeIDE_1.16.1\STM32CubeIDE\plugins\com.st.stm32cube.common.mx_6.12.1.202409122256\\db\/plugins/boardmanager/
2024-11-30 22:24:49,353 [INFO] ApiDb:261 - Set plugin images path to: C:\ST\STM32CubeIDE_1.16.1\STM32CubeIDE\plugins\com.st.stm32cube.common.mx_6.12.1.202409122256\\db\/plugins/mcufinder/images/
2024-11-30 22:24:49,353 [WARN] DbFile:41 - Overriding database path with different value: C:\Users\tcbir\.stmcufinder\plugins\mcufinder/ => C:\Users\tcbir\.stmcufinder\plugins\mcufinder
2024-11-30 22:24:49,353 [INFO] ApiDb:250 - Set database path to: C:\Users\tcbir\.stmcufinder\plugins\mcufinder//mcu/
2024-11-30 22:24:49,353 [WARN] DbFile:41 - Overriding database path with different value: C:\Users\tcbir\.stmcufinder\plugins\mcufinder/ => C:\Users\tcbir\.stmcufinder\plugins\mcufinder
2024-11-30 22:24:49,353 [INFO] DbMcusAds:125 - Set database path to: C:\Users\tcbir\.stmcufinder\plugins\mcufinder//mcu/
2024-11-30 22:24:49,353 [WARN] DbFile:41 - Overriding database path with different value: C:\Users\tcbir\.stmcufinder\plugins\mcufinder/ => C:\Users\tcbir\.stmcufinder\plugins\mcufinder
2024-11-30 22:24:49,353 [WARN] DbFile:41 - Overriding database path with different value: C:\Users\tcbir\.stmcufinder\plugins\mcufinder/ => C:\Users\tcbir\.stmcufinder\plugins\mcufinder
2024-11-30 22:24:49,353 [INFO] CrossReferenceDbSqlite:203 - Set database path to: C:\Users\tcbir\.stmcufinder\plugins\mcufinder//mcu/cs/
2024-11-30 22:24:49,371 [INFO] ApplicationProperties:184 - Using Application install path: C:\ST\STM32CubeIDE_1.16.1\STM32CubeIDE\plugins\com.st.stm32cube.common.mx_6.12.1.202409122256
2024-11-30 22:24:49,373 [INFO] PluginManage:196 - Search for loadable plugins [exclusion list=, ]
2024-11-30 22:24:49,375 [INFO] PluginManage:310 - Check plugin analytics
2024-11-30 22:24:49,541 [INFO] AnalyticsPlugin:253 - Accepted Software Licenses: STM32CubeMX.6.12.1
2024-11-30 22:24:49,541 [INFO] AnalyticsPlugin:255 - Accepted CMSIS Pack Licenses: 
2024-11-30 22:24:49,542 [INFO] AnalyticsPlugin:257 - Accepted Firmware Licenses: FW.F4.1.28.0
2024-11-30 22:24:49,545 [INFO] PluginManage:359 - Loaded plugin analytics (category:tool,tabindex:-1)
2024-11-30 22:24:49,546 [INFO] PluginManage:310 - Check plugin cadmodel
2024-11-30 22:24:49,565 [INFO] CADModel:105 - Init CAD model plugin
2024-11-30 22:24:49,565 [INFO] PluginManage:359 - Loaded plugin cadmodel (category:power,tabindex:5)
2024-11-30 22:24:49,565 [INFO] PluginManage:310 - Check plugin clock
2024-11-30 22:24:49,587 [INFO] PluginManage:359 - Loaded plugin clock (category:base,tabindex:2)
2024-11-30 22:24:49,587 [INFO] PluginManage:310 - Check plugin ddr
2024-11-30 22:24:49,591 [INFO] PluginManage:359 - Loaded plugin ddr (category:tool,tabindex:6)
2024-11-30 22:24:49,591 [INFO] PluginManage:310 - Check plugin filemanager
2024-11-30 22:24:49,745 [INFO] PluginManage:359 - Loaded plugin filemanager (category:base,tabindex:10)
2024-11-30 22:24:49,745 [INFO] PluginManage:310 - Check plugin ipmanager
2024-11-30 22:24:49,752 [INFO] PluginManage:359 - Loaded plugin ipmanager (category:base,tabindex:5)
2024-11-30 22:24:49,753 [INFO] PluginManage:310 - Check plugin lpbam
2024-11-30 22:24:49,773 [INFO] PluginManage:359 - Loaded plugin lpbam (category:base,tabindex:0)
2024-11-30 22:24:49,774 [INFO] PluginManage:310 - Check plugin memorymap
2024-11-30 22:24:49,816 [INFO] PluginManage:359 - Loaded plugin memorymap (category:base,tabindex:4)
2024-11-30 22:24:49,817 [INFO] PluginManage:310 - Check plugin pinoutandconfiguration
2024-11-30 22:24:49,844 [INFO] PluginManage:359 - Loaded plugin pinoutandconfiguration (category:base,tabindex:1)
2024-11-30 22:24:49,844 [INFO] PluginManage:310 - Check plugin pinoutconfig
2024-11-30 22:24:49,967 [WARN] SupportedApi:132 - Cannot load RTOS API schema: s4s-elt-must-match.1: The content of 'definitions' must match (annotation?, (simpleType | complexType)?, (unique | key | keyref)*)). A problem was found starting at: attribute.
2024-11-30 22:24:50,116 [INFO] PluginManage:359 - Loaded plugin pinoutconfig (category:base,tabindex:0)
2024-11-30 22:24:50,116 [INFO] PluginManage:310 - Check plugin power
2024-11-30 22:24:50,138 [INFO] PluginManage:359 - Loaded plugin power (category:power,tabindex:4)
2024-11-30 22:24:50,138 [INFO] PluginManage:310 - Check plugin projectmanager
2024-11-30 22:24:50,154 [INFO] PluginManage:359 - Loaded plugin projectmanager (category:projectmanager,tabindex:4)
2024-11-30 22:24:50,154 [INFO] PluginManage:310 - Check plugin rif
2024-11-30 22:24:50,173 [INFO] PluginManage:359 - Loaded plugin rif (category:base,tabindex:3)
2024-11-30 22:24:50,173 [INFO] PluginManage:310 - Check plugin thirdparty
2024-11-30 22:24:50,502 [INFO] PluginManage:359 - Loaded plugin thirdparty (category:base,tabindex:-1)
2024-11-30 22:24:50,502 [WARN] IntegrityCheckThread:84 - waiting for thirdparty lock release [integrity check]
2024-11-30 22:24:50,502 [INFO] PluginManage:310 - Check plugin tools
2024-11-30 22:24:50,502 [INFO] IntegrityCheckThread:86 - entering critical section [integrity check]
2024-11-30 22:24:50,503 [INFO] ThirdPartyUpdaterWithRetryManager:70 - Updater plugin not ready yet. [1/15]
2024-11-30 22:24:50,549 [INFO] PluginManage:359 - Loaded plugin tools (category:base,tabindex:7)
2024-11-30 22:24:50,551 [INFO] PluginManage:310 - Check plugin tutovideos
2024-11-30 22:24:50,756 [INFO] PluginManage:359 - Loaded plugin tutovideos (category:base,tabindex:-1)
2024-11-30 22:24:50,756 [INFO] PluginManage:310 - Check plugin updater
2024-11-30 22:24:50,775 [INFO] PluginManage:359 - Loaded plugin updater (category:base,tabindex:12)
2024-11-30 22:24:50,775 [INFO] PluginManage:310 - Check plugin userauth
2024-11-30 22:24:50,781 [INFO] UserAuth:113 - Init User Auth plugin
2024-11-30 22:24:50,782 [INFO] PluginManage:359 - Loaded plugin userauth (category:base,tabindex:14)
2024-11-30 22:24:50,782 [INFO] PluginManage:283 - PluginManage : Loaded plugins [18]
2024-11-30 22:24:51,001 [INFO] PinOutPanel:1561 - setPackage(No Configuration,No Configuration)
2024-11-30 22:24:51,092 [INFO] CADModel:165 - CPN selected for project level
2024-11-30 22:24:51,092 [INFO] CADModel:114 - Register for checkConnection events
2024-11-30 22:24:51,122 [INFO] IPUIPlugin:80 - create IPUIPlugin
2024-11-30 22:24:51,122 [INFO] PluginManager:220 - loadIPPluginJar : add adc
2024-11-30 22:24:51,169 [INFO] IPUIPlugin:80 - create IPUIPlugin
2024-11-30 22:24:51,169 [INFO] PluginManager:220 - loadIPPluginJar : add aes
2024-11-30 22:24:51,225 [INFO] IPUIPlugin:80 - create IPUIPlugin
2024-11-30 22:24:51,225 [INFO] PluginManager:220 - loadIPPluginJar : add can
2024-11-30 22:24:51,256 [INFO] IPUIPlugin:80 - create IPUIPlugin
2024-11-30 22:24:51,256 [INFO] PluginManager:220 - loadIPPluginJar : add comp
2024-11-30 22:24:51,301 [INFO] IPUIPlugin:80 - create IPUIPlugin
2024-11-30 22:24:51,301 [INFO] PluginManager:220 - loadIPPluginJar : add cryp
2024-11-30 22:24:51,317 [INFO] IPUIPlugin:80 - create IPUIPlugin
2024-11-30 22:24:51,317 [INFO] PluginManager:220 - loadIPPluginJar : add ddr_ctrl_phy
2024-11-30 22:24:51,357 [INFO] IPUIPlugin:80 - create IPUIPlugin
2024-11-30 22:24:51,357 [INFO] PluginManager:220 - loadIPPluginJar : add dfsdm
2024-11-30 22:24:51,373 [INFO] IPUIPlugin:80 - create IPUIPlugin
2024-11-30 22:24:51,373 [INFO] PluginManager:220 - loadIPPluginJar : add dma
2024-11-30 22:24:51,435 [INFO] IPUIPlugin:80 - create IPUIPlugin
2024-11-30 22:24:51,435 [INFO] PluginManager:220 - loadIPPluginJar : add dma3
2024-11-30 22:24:51,493 [INFO] IPUIPlugin:80 - create IPUIPlugin
2024-11-30 22:24:51,493 [INFO] PluginManager:220 - loadIPPluginJar : add extmemmanager
2024-11-30 22:24:51,522 [INFO] IPUIPlugin:80 - create IPUIPlugin
2024-11-30 22:24:51,523 [INFO] PluginManager:220 - loadIPPluginJar : add fatfs
2024-11-30 22:24:51,583 [INFO] IPUIPlugin:80 - create IPUIPlugin
2024-11-30 22:24:51,584 [INFO] PluginManager:220 - loadIPPluginJar : add fmc
2024-11-30 22:24:51,602 [INFO] IPUIPlugin:80 - create IPUIPlugin
2024-11-30 22:24:51,602 [INFO] PluginManager:220 - loadIPPluginJar : add freertos
2024-11-30 22:24:51,632 [INFO] IPUIPlugin:80 - create IPUIPlugin
2024-11-30 22:24:51,633 [INFO] PluginManager:220 - loadIPPluginJar : add genericplugin
2024-11-30 22:24:51,757 [INFO] IPUIPlugin:80 - create IPUIPlugin
2024-11-30 22:24:51,757 [INFO] PluginManager:220 - loadIPPluginJar : add gfxmmu
2024-11-30 22:24:51,929 [INFO] IPUIPlugin:80 - create IPUIPlugin
2024-11-30 22:24:51,929 [INFO] PluginManager:220 - loadIPPluginJar : add gic
2024-11-30 22:24:51,949 [INFO] IPUIPlugin:80 - create IPUIPlugin
2024-11-30 22:24:51,949 [INFO] PluginManager:220 - loadIPPluginJar : add gpio
2024-11-30 22:24:52,069 [INFO] IPUIPlugin:80 - create IPUIPlugin
2024-11-30 22:24:52,069 [INFO] PluginManager:220 - loadIPPluginJar : add gtzc
2024-11-30 22:24:52,110 [INFO] IPUIPlugin:80 - create IPUIPlugin
2024-11-30 22:24:52,110 [INFO] PluginManager:220 - loadIPPluginJar : add hash
2024-11-30 22:24:52,181 [INFO] IPUIPlugin:80 - create IPUIPlugin
2024-11-30 22:24:52,181 [INFO] PluginManager:220 - loadIPPluginJar : add i2c
2024-11-30 22:24:52,233 [INFO] IPUIPlugin:80 - create IPUIPlugin
2024-11-30 22:24:52,233 [INFO] PluginManager:220 - loadIPPluginJar : add i2s
2024-11-30 22:24:52,286 [INFO] IPUIPlugin:80 - create IPUIPlugin
2024-11-30 22:24:52,286 [INFO] PluginManager:220 - loadIPPluginJar : add i3c
2024-11-30 22:24:52,411 [INFO] IPUIPlugin:80 - create IPUIPlugin
2024-11-30 22:24:52,411 [INFO] PluginManager:220 - loadIPPluginJar : add ipddr
2024-11-30 22:24:52,531 [INFO] IPUIPlugin:80 - create IPUIPlugin
2024-11-30 22:24:52,531 [INFO] PluginManager:220 - loadIPPluginJar : add linkedlist
2024-11-30 22:24:52,579 [INFO] IPUIPlugin:80 - create IPUIPlugin
2024-11-30 22:24:52,579 [INFO] PluginManager:220 - loadIPPluginJar : add lorawan
2024-11-30 22:24:52,628 [INFO] IPUIPlugin:80 - create IPUIPlugin
2024-11-30 22:24:52,628 [INFO] PluginManager:220 - loadIPPluginJar : add ltdc
2024-11-30 22:24:52,644 [INFO] IPUIPlugin:80 - create IPUIPlugin
2024-11-30 22:24:52,644 [INFO] PluginManager:220 - loadIPPluginJar : add mdma
2024-11-30 22:24:52,659 [INFO] IPUIPlugin:80 - create IPUIPlugin
2024-11-30 22:24:52,659 [INFO] PluginManager:220 - loadIPPluginJar : add nvic
2024-11-30 22:24:52,707 [INFO] IPUIPlugin:80 - create IPUIPlugin
2024-11-30 22:24:52,707 [INFO] PluginManager:220 - loadIPPluginJar : add opamp
2024-11-30 22:24:52,788 [INFO] IPUIPlugin:80 - create IPUIPlugin
2024-11-30 22:24:52,789 [INFO] PluginManager:220 - loadIPPluginJar : add openamp
2024-11-30 22:24:52,845 [INFO] IPUIPlugin:80 - create IPUIPlugin
2024-11-30 22:24:52,845 [INFO] PluginManager:220 - loadIPPluginJar : add pdm2pcm
2024-11-30 22:24:52,861 [INFO] IPUIPlugin:80 - create IPUIPlugin
2024-11-30 22:24:52,864 [INFO] PluginManager:220 - loadIPPluginJar : add plateformsettings
2024-11-30 22:24:52,894 [INFO] IPUIPlugin:80 - create IPUIPlugin
2024-11-30 22:24:52,895 [INFO] PluginManager:220 - loadIPPluginJar : add quadspi
2024-11-30 22:24:52,929 [INFO] IPUIPlugin:80 - create IPUIPlugin
2024-11-30 22:24:52,930 [INFO] PluginManager:220 - loadIPPluginJar : add radio
2024-11-30 22:24:52,945 [INFO] IPUIPlugin:80 - create IPUIPlugin
2024-11-30 22:24:52,946 [INFO] PluginManager:220 - loadIPPluginJar : add resmgrutility
2024-11-30 22:24:53,007 [INFO] IPUIPlugin:80 - create IPUIPlugin
2024-11-30 22:24:53,007 [INFO] PluginManager:220 - loadIPPluginJar : add sai
2024-11-30 22:24:53,056 [INFO] IPUIPlugin:80 - create IPUIPlugin
2024-11-30 22:24:53,056 [INFO] PluginManager:220 - loadIPPluginJar : add spi
2024-11-30 22:24:53,150 [INFO] IPUIPlugin:80 - create IPUIPlugin
2024-11-30 22:24:53,150 [INFO] PluginManager:220 - loadIPPluginJar : add stm32_wpan
2024-11-30 22:24:53,182 [INFO] IPUIPlugin:80 - create IPUIPlugin
2024-11-30 22:24:53,182 [INFO] PluginManager:220 - loadIPPluginJar : add tim
2024-11-30 22:24:53,261 [INFO] IPUIPlugin:80 - create IPUIPlugin
2024-11-30 22:24:53,261 [INFO] PluginManager:220 - loadIPPluginJar : add touchsensing
2024-11-30 22:24:53,290 [INFO] IPUIPlugin:80 - create IPUIPlugin
2024-11-30 22:24:53,291 [INFO] PluginManager:220 - loadIPPluginJar : add tracer_emb
2024-11-30 22:24:53,323 [INFO] IPUIPlugin:80 - create IPUIPlugin
2024-11-30 22:24:53,324 [INFO] PluginManager:220 - loadIPPluginJar : add ts
2024-11-30 22:24:53,353 [INFO] IPUIPlugin:80 - create IPUIPlugin
2024-11-30 22:24:53,353 [INFO] PluginManager:220 - loadIPPluginJar : add tsc
2024-11-30 22:24:53,382 [INFO] IPUIPlugin:80 - create IPUIPlugin
2024-11-30 22:24:53,382 [INFO] PluginManager:220 - loadIPPluginJar : add ucpd
2024-11-30 22:24:53,439 [INFO] IPUIPlugin:80 - create IPUIPlugin
2024-11-30 22:24:53,439 [INFO] PluginManager:220 - loadIPPluginJar : add usart
2024-11-30 22:24:53,493 [INFO] IPUIPlugin:80 - create IPUIPlugin
2024-11-30 22:24:53,493 [INFO] PluginManager:220 - loadIPPluginJar : add usbx
2024-11-30 22:24:53,505 [INFO] ThirdPartyUpdaterWithRetryManager:70 - Updater plugin not ready yet. [2/15]
2024-11-30 22:24:53,623 [INFO] CADModel:165 - CPN selected for project level
2024-11-30 22:24:53,623 [INFO] CADModel:114 - Register for checkConnection events
2024-11-30 22:24:53,624 [FATAL] Updater:334 - Updater called before beeing initialized
2024-11-30 22:24:53,624 [ERROR] CADModel:125 - Updater not yet initialized, retry later 
2024-11-30 22:24:53,775 [INFO] CADModel:165 - CPN selected for project level
2024-11-30 22:24:53,775 [INFO] CADModel:114 - Register for checkConnection events
2024-11-30 22:24:53,776 [FATAL] Updater:334 - Updater called before beeing initialized
2024-11-30 22:24:53,776 [ERROR] CADModel:125 - Updater not yet initialized, retry later 
2024-11-30 22:24:53,779 [FATAL] Updater:334 - Updater called before beeing initialized
2024-11-30 22:24:53,893 [FATAL] Updater:334 - Updater called before beeing initialized
2024-11-30 22:24:53,905 [INFO] DbMcusAds:53 - JSON generation date=Fri Sep 20 09:04:38 EDT 2024 (1726837478367)
2024-11-30 22:24:53,905 [FATAL] Updater:334 - Updater called before beeing initialized
2024-11-30 22:24:53,941 [WARN] DetailPanel:346 - Failed to get advertising image, set to default
2024-11-30 22:24:54,031 [FATAL] Updater:334 - Updater called before beeing initialized
2024-11-30 22:24:54,032 [FATAL] Updater:334 - Updater called before beeing initialized
2024-11-30 22:24:54,032 [FATAL] Updater:334 - Updater called before beeing initialized
2024-11-30 22:24:54,033 [WARN] DetailPanel:346 - Failed to get advertising image, set to default
2024-11-30 22:24:54,033 [FATAL] Updater:334 - Updater called before beeing initialized
2024-11-30 22:24:54,100 [ERROR] Updater:1164 - MainUpdater not yet initialized. External WinMGr cannot be set.
2024-11-30 22:24:54,113 [INFO] Updater:1100 - Updater Version found : 6.12.1
2024-11-30 22:24:54,136 [INFO] ApplicationProperties:184 - Using Application install path: C:\ST\STM32CubeIDE_1.16.1\STM32CubeIDE\plugins\com.st.stm32cube.common.mx_6.12.1.202409122256
2024-11-30 22:24:55,722 [ERROR] LogOutputStream:75 - [STDERR_REDIRECT] Nov 30, 2024 10:24:55 PM java.util.prefs.WindowsPreferences <init>
2024-11-30 22:24:55,724 [ERROR] LogOutputStream:75 - [STDERR_REDIRECT] WARNING: Could not open/create prefs root node Software\JavaSoft\Prefs at root 0xffffffff80000002. Windows RegCreateKeyEx(...) returned error code 5.
2024-11-30 22:24:55,724 [ERROR] LogOutputStream:75 - [STDERR_REDIRECT] 
2024-11-30 22:24:56,210 [INFO] MainUpdater:2873 - connection check result : 10
2024-11-30 22:24:56,211 [INFO] MainUpdater:290 - Updater Check For Update Now.
2024-11-30 22:24:56,211 [INFO] MicroXplorer:498 - Change Database Version : DB.6.0.121
2024-11-30 22:24:56,236 [INFO] McuFinderGlobals:63 - Set McuFinder mode to 2 (CubeIDE integrated)
2024-11-30 22:24:56,247 [INFO] UserAuth:417 - Internet connection configuration mode: 1
2024-11-30 22:24:56,282 [INFO] JxBrowserEngine:152 - Initiate JxBrowser Engine with user profile folder
2024-11-30 22:24:56,484 [INFO] CheckServerUpdateThread:120 - End of CheckServer Thread
2024-11-30 22:24:56,702 [WARN] PackLoader:240 - Cannot read IP mode file for STMicroelectronics.FP-SNS-MOTENVWB1.1.4.0
2024-11-30 22:24:56,720 [WARN] PackLoader:240 - Cannot read IP mode file for STMicroelectronics.FP-ATR-ASTRA1.2.0.1
2024-11-30 22:24:56,737 [WARN] PackLoader:240 - Cannot read IP mode file for STMicroelectronics.X-CUBE-SMBUS.2.1.0
2024-11-30 22:24:56,756 [WARN] PackLoader:240 - Cannot read IP mode file for STMicroelectronics.X-CUBE-WB05N.1.1.0
2024-11-30 22:24:56,835 [WARN] PackLoader:240 - Cannot read IP mode file for STMicroelectronics.X-CUBE-AZRTOS-F7.1.1.0
2024-11-30 22:24:56,941 [WARN] PackLoader:240 - Cannot read IP mode file for STMicroelectronics.X-CUBE-MEMS1.11.0.0
2024-11-30 22:24:57,111 [WARN] PackLoader:240 - Cannot read IP mode file for STMicroelectronics.FP-SNS-FLIGHT1.5.0.2
2024-11-30 22:24:57,130 [WARN] PackLoader:240 - Cannot read IP mode file for STMicroelectronics.X-CUBE-DISPLAY.3.0.0
2024-11-30 22:24:57,149 [WARN] PackLoader:240 - Cannot read IP mode file for STMicroelectronics.X-CUBE-BLE1.7.0.0
2024-11-30 22:24:57,166 [WARN] PackLoader:240 - Cannot read IP mode file for STMicroelectronics.X-CUBE-NFC10.1.0.0
2024-11-30 22:24:57,187 [WARN] PackLoader:240 - Cannot read IP mode file for emotas.I-CUBE-CANOPEN.1.3.0
2024-11-30 22:24:57,213 [WARN] PackLoader:240 - Cannot read IP mode file for STMicroelectronics.X-CUBE-BLEMGR.3.1.0
2024-11-30 22:24:57,232 [WARN] PackLoader:240 - Cannot read IP mode file for STMicroelectronics.FP-SNS-SMARTAG2.1.2.0
2024-11-30 22:24:57,257 [INFO] LogOutputStream:77 - [STDOUT_REDIRECT] 1 : Invalid condition id : UX_CORESTACK_Condition cause : null
2024-11-30 22:24:57,257 [INFO] LogOutputStream:77 - [STDOUT_REDIRECT] 1 : Invalid condition id : UX_CORESTACK_Condition cause : null
2024-11-30 22:24:57,259 [INFO] LogOutputStream:77 - [STDOUT_REDIRECT] 1 : Invalid condition id : UX_CORESTACK_Condition cause : null
2024-11-30 22:24:57,260 [INFO] LogOutputStream:77 - [STDOUT_REDIRECT] 1 : Invalid condition id : UX_CORESTACK_Condition cause : null
2024-11-30 22:24:57,263 [INFO] LogOutputStream:77 - [STDOUT_REDIRECT] 1 : Invalid condition id : UX_CORESTACK_Condition cause : null
2024-11-30 22:24:57,267 [WARN] PackLoader:240 - Cannot read IP mode file for STMicroelectronics.X-CUBE-AZRTOS-WL.2.0.0
2024-11-30 22:24:57,292 [WARN] PackLoader:240 - Cannot read IP mode file for STMicroelectronics.FP-SNS-MOTENV1.5.0.0
2024-11-30 22:24:57,309 [WARN] PackLoader:240 - Cannot read IP mode file for wolfSSL.I-CUBE-wolfMQTT.1.19.0
2024-11-30 22:24:57,329 [WARN] PackLoader:240 - Cannot read IP mode file for WES.I-CUBE-Cesium.1.3.0
2024-11-30 22:24:57,348 [WARN] PackLoader:240 - Cannot read IP mode file for STMicroelectronics.X-CUBE-BLE2.3.3.0
2024-11-30 22:24:57,372 [WARN] PackLoader:240 - Cannot read IP mode file for STMicroelectronics.X-CUBE-NFC9.1.0.0
2024-11-30 22:24:57,389 [WARN] PackLoader:240 - Cannot read IP mode file for STMicroelectronics.X-CUBE-TCPP.4.1.0
2024-11-30 22:24:57,428 [WARN] PackLoader:240 - Cannot read IP mode file for STMicroelectronics.X-CUBE-AZRTOS-G0.1.1.0
2024-11-30 22:24:57,454 [WARN] PackLoader:240 - Cannot read IP mode file for STMicroelectronics.X-CUBE-SAFEA1.1.2.2
2024-11-30 22:24:57,477 [WARN] PackLoader:240 - Cannot read IP mode file for STMicroelectronics.X-CUBE-NFC4.3.0.0
2024-11-30 22:24:57,503 [WARN] PackLoader:240 - Cannot read IP mode file for EmbeddedOffice.I-CUBE-FS-RTOS.1.0.1
2024-11-30 22:24:57,504 [ERROR] ConditionMgr:805 - Attr not supported : Dmpu
2024-11-30 22:24:57,504 [ERROR] ConditionMgr:805 - Attr not supported : Dmpu
2024-11-30 22:24:57,504 [ERROR] ConditionMgr:805 - Attr not supported : Dmpu
2024-11-30 22:24:57,504 [ERROR] ConditionMgr:805 - Attr not supported : Dmpu
2024-11-30 22:24:57,504 [ERROR] ConditionMgr:805 - Attr not supported : Dmpu
2024-11-30 22:24:57,504 [ERROR] ConditionMgr:805 - Attr not supported : Dmpu
2024-11-30 22:24:57,505 [ERROR] ConditionMgr:805 - Attr not supported : Dmpu
2024-11-30 22:24:57,505 [ERROR] ConditionMgr:805 - Attr not supported : Dmpu
2024-11-30 22:24:57,505 [ERROR] ConditionMgr:805 - Attr not supported : Dmpu
2024-11-30 22:24:57,505 [ERROR] ConditionMgr:805 - Attr not supported : Dmpu
2024-11-30 22:24:57,505 [ERROR] ConditionMgr:805 - Attr not supported : Dmpu
2024-11-30 22:24:57,505 [ERROR] ConditionMgr:805 - Attr not supported : Dmpu
2024-11-30 22:24:57,505 [ERROR] ConditionMgr:805 - Attr not supported : Dmpu
2024-11-30 22:24:57,505 [ERROR] ConditionMgr:805 - Attr not supported : Dmpu
2024-11-30 22:24:57,506 [ERROR] ConditionMgr:805 - Attr not supported : Dmpu
2024-11-30 22:24:57,506 [ERROR] ConditionMgr:805 - Attr not supported : Dmpu
2024-11-30 22:24:57,506 [ERROR] ConditionMgr:805 - Attr not supported : Dmpu
2024-11-30 22:24:57,506 [ERROR] ConditionMgr:805 - Attr not supported : Dmpu
2024-11-30 22:24:57,506 [ERROR] ConditionMgr:805 - Attr not supported : Dmpu
2024-11-30 22:24:57,506 [ERROR] ConditionMgr:805 - Attr not supported : Dmpu
2024-11-30 22:24:57,506 [ERROR] ConditionMgr:805 - Attr not supported : Dmpu
2024-11-30 22:24:57,506 [ERROR] ConditionMgr:805 - Attr not supported : Dmpu
2024-11-30 22:24:57,506 [ERROR] ConditionMgr:805 - Attr not supported : Dmpu
2024-11-30 22:24:57,506 [ERROR] ConditionMgr:805 - Attr not supported : Dmpu
2024-11-30 22:24:57,507 [ERROR] ConditionMgr:805 - Attr not supported : Dmpu
2024-11-30 22:24:57,507 [ERROR] ConditionMgr:805 - Attr not supported : Dmpu
2024-11-30 22:24:57,507 [ERROR] ConditionMgr:805 - Attr not supported : Dmpu
2024-11-30 22:24:57,507 [ERROR] ConditionMgr:805 - Attr not supported : Dmpu
2024-11-30 22:24:57,507 [ERROR] ConditionMgr:805 - Attr not supported : Dmpu
2024-11-30 22:24:57,507 [ERROR] ConditionMgr:805 - Attr not supported : Dmpu
2024-11-30 22:24:57,507 [ERROR] ConditionMgr:805 - Attr not supported : Dmpu
2024-11-30 22:24:57,507 [ERROR] ConditionMgr:805 - Attr not supported : Dmpu
2024-11-30 22:24:57,507 [ERROR] ConditionMgr:805 - Attr not supported : Dmpu
2024-11-30 22:24:57,507 [ERROR] ConditionMgr:805 - Attr not supported : Dmpu
2024-11-30 22:24:57,508 [ERROR] ConditionMgr:805 - Attr not supported : Dmpu
2024-11-30 22:24:57,508 [ERROR] ConditionMgr:805 - Attr not supported : Dmpu
2024-11-30 22:24:57,508 [ERROR] ConditionMgr:805 - Attr not supported : Dmpu
2024-11-30 22:24:57,508 [ERROR] ConditionMgr:805 - Attr not supported : Dmpu
2024-11-30 22:24:57,508 [ERROR] ConditionMgr:805 - Attr not supported : Dmpu
2024-11-30 22:24:57,508 [ERROR] ConditionMgr:805 - Attr not supported : Dmpu
2024-11-30 22:24:57,508 [ERROR] ConditionMgr:805 - Attr not supported : Dmpu
2024-11-30 22:24:57,508 [ERROR] ConditionMgr:805 - Attr not supported : Dmpu
2024-11-30 22:24:57,508 [ERROR] ConditionMgr:805 - Attr not supported : Dmpu
2024-11-30 22:24:57,509 [ERROR] ConditionMgr:805 - Attr not supported : Dmpu
2024-11-30 22:24:57,509 [ERROR] ConditionMgr:805 - Attr not supported : Dmpu
2024-11-30 22:24:57,509 [ERROR] ConditionMgr:805 - Attr not supported : Dmpu
2024-11-30 22:24:57,509 [ERROR] ConditionMgr:805 - Attr not supported : Dmpu
2024-11-30 22:24:57,509 [ERROR] ConditionMgr:805 - Attr not supported : Dmpu
2024-11-30 22:24:57,509 [ERROR] ConditionMgr:805 - Attr not supported : Dmpu
2024-11-30 22:24:57,509 [ERROR] ConditionMgr:805 - Attr not supported : Dmpu
2024-11-30 22:24:57,509 [ERROR] ConditionMgr:805 - Attr not supported : Dmpu
2024-11-30 22:24:57,509 [ERROR] ConditionMgr:805 - Attr not supported : Dmpu
2024-11-30 22:24:57,509 [ERROR] ConditionMgr:805 - Attr not supported : Dmpu
2024-11-30 22:24:57,510 [ERROR] ConditionMgr:805 - Attr not supported : Dmpu
2024-11-30 22:24:57,510 [ERROR] ConditionMgr:805 - Attr not supported : Dmpu
2024-11-30 22:24:57,510 [ERROR] ConditionMgr:805 - Attr not supported : Dmpu
2024-11-30 22:24:57,510 [ERROR] ConditionMgr:805 - Attr not supported : Dmpu
2024-11-30 22:24:57,510 [ERROR] ConditionMgr:805 - Attr not supported : Dmpu
2024-11-30 22:24:57,510 [ERROR] ConditionMgr:805 - Attr not supported : Dmpu
2024-11-30 22:24:57,510 [ERROR] ConditionMgr:805 - Attr not supported : Dmpu
2024-11-30 22:24:57,510 [ERROR] ConditionMgr:805 - Attr not supported : Dmpu
2024-11-30 22:24:57,510 [ERROR] ConditionMgr:805 - Attr not supported : Dmpu
2024-11-30 22:24:57,510 [ERROR] ConditionMgr:805 - Attr not supported : Dmpu
2024-11-30 22:24:57,510 [ERROR] ConditionMgr:805 - Attr not supported : Dmpu
2024-11-30 22:24:57,528 [WARN] PackLoader:240 - Cannot read IP mode file for RealThread.X-CUBE-RT-Thread_Nano.4.1.1
2024-11-30 22:24:57,543 [WARN] PackLoader:240 - Cannot read IP mode file for STMicroelectronics.FP-ATR-SIGFOX1.3.2.0
2024-11-30 22:24:57,556 [WARN] PackLoader:240 - Cannot read IP mode file for wolfSSL.I-CUBE-wolfSSL.5.7.2
2024-11-30 22:24:57,574 [WARN] ConditionMgr:438 - getConditionDescription Invalid condition id : Cortex-A Device cause : null
2024-11-30 22:24:57,602 [WARN] ConditionMgr:1039 - genDependencies : Invalid condition id : Cortex-A Device cause : null
2024-11-30 22:24:57,602 [WARN] ConditionMgr:1039 - genDependencies : Invalid condition id : Cortex-A Device cause : null
2024-11-30 22:24:57,602 [WARN] ConditionMgr:1039 - genDependencies : Invalid condition id : Cortex-A Device cause : null
2024-11-30 22:24:57,618 [WARN] PackLoader:240 - Cannot read IP mode file for STMicroelectronics.X-CUBE-EEPRMA1.5.1.0
2024-11-30 22:24:57,639 [WARN] PackLoader:240 - Cannot read IP mode file for ITTIA_DB.I-CUBE-ITTIADB.8.9.0
2024-11-30 22:24:57,685 [WARN] PackLoader:240 - Cannot read IP mode file for SEGGER.I-CUBE-embOS.1.3.1
2024-11-30 22:24:57,730 [WARN] PackLoader:240 - Cannot read IP mode file for STMicroelectronics.X-CUBE-ALGOBUILD.1.4.0
2024-11-30 22:24:57,749 [WARN] PackLoader:240 - Cannot read IP mode file for STMicroelectronics.X-CUBE-AI.9.1.0
2024-11-30 22:24:57,777 [WARN] PackLoader:240 - Cannot read IP mode file for STMicroelectronics.X-CUBE-AZRTOS-F4.1.1.0
2024-11-30 22:24:57,795 [WARN] PackLoader:240 - Cannot read IP mode file for STMicroelectronics.X-CUBE-ISPU.2.1.0
2024-11-30 22:24:57,814 [WARN] PackLoader:240 - Cannot read IP mode file for STMicroelectronics.X-CUBE-FREERTOS.1.2.0
2024-11-30 22:24:57,846 [WARN] PackLoader:240 - Cannot read IP mode file for STMicroelectronics.X-CUBE-AZRTOS-L5.2.0.0
2024-11-30 22:24:57,870 [WARN] PackLoader:240 - Cannot read IP mode file for STMicroelectronics.X-CUBE-NFC6.3.1.0
2024-11-30 22:24:57,887 [WARN] PackLoader:240 - Cannot read IP mode file for STMicroelectronics.X-CUBE-DPower.1.2.0
2024-11-30 22:24:57,904 [WARN] PackLoader:240 - Cannot read IP mode file for STMicroelectronics.X-CUBE-NFC7.1.0.1
2024-11-30 22:24:57,934 [WARN] ConditionMgr:438 - getConditionDescription Invalid condition id : LAN8742 Phy interface Condition cause : null
2024-11-30 22:24:57,935 [WARN] PackLoader:240 - Cannot read IP mode file for STMicroelectronics.X-CUBE-AZRTOS-L4.2.0.0
2024-11-30 22:24:57,940 [WARN] ConditionMgr:1039 - genDependencies : Invalid condition id : LAN8742 Phy interface Condition cause : null
2024-11-30 22:24:57,940 [WARN] ConditionMgr:1039 - genDependencies : Invalid condition id : LAN8742 Phy interface Condition cause : null
2024-11-30 22:24:57,941 [WARN] ConditionMgr:1039 - genDependencies : Invalid condition id : LAN8742 Phy interface Condition cause : null
2024-11-30 22:24:57,960 [WARN] PackLoader:240 - Cannot read IP mode file for STMicroelectronics.X-CUBE-SFXS2LP1.4.0.0
2024-11-30 22:24:57,992 [WARN] PackLoader:240 - Cannot read IP mode file for STMicroelectronics.X-CUBE-AZRTOS-H7.3.3.0
2024-11-30 22:24:58,018 [WARN] PackLoader:240 - Cannot read IP mode file for STMicroelectronics.X-CUBE-IPS.3.0.0
2024-11-30 22:24:58,049 [WARN] ConditionMgr:438 - getConditionDescription Invalid condition id : UX DEVICE CLASS RTOS Condition cause : null
2024-11-30 22:24:58,050 [WARN] ConditionMgr:438 - getConditionDescription Invalid condition id : UX DEVICE CLASS RTOS Condition cause : null
2024-11-30 22:24:58,051 [WARN] PackLoader:240 - Cannot read IP mode file for STMicroelectronics.X-CUBE-AZRTOS-WB.2.0.0
2024-11-30 22:24:58,052 [WARN] ConditionMgr:1039 - genDependencies : Invalid condition id : UX DEVICE CLASS RTOS Condition cause : null
2024-11-30 22:24:58,052 [WARN] ConditionMgr:1039 - genDependencies : Invalid condition id : UX DEVICE CLASS RTOS Condition cause : null
2024-11-30 22:24:58,053 [WARN] ConditionMgr:1039 - genDependencies : Invalid condition id : UX DEVICE CLASS RTOS Condition cause : null
2024-11-30 22:24:58,053 [WARN] ConditionMgr:1039 - genDependencies : Invalid condition id : UX DEVICE CLASS RTOS Condition cause : null
2024-11-30 22:24:58,053 [WARN] ConditionMgr:1039 - genDependencies : Invalid condition id : UX DEVICE CLASS RTOS Condition cause : null
2024-11-30 22:24:58,073 [WARN] PackLoader:240 - Cannot read IP mode file for STMicroelectronics.X-CUBE-GNSS1.7.0.0
2024-11-30 22:24:58,096 [WARN] PackLoader:240 - Cannot read IP mode file for STMicroelectronics.FP-SNS-STBOX1.2.0.0
2024-11-30 22:24:58,123 [WARN] PackLoader:240 - Cannot read IP mode file for STMicroelectronics.X-CUBE-SUBG2.5.0.0
2024-11-30 22:24:58,143 [WARN] PackLoader:240 - Cannot read IP mode file for Cesanta.I-CUBE-Mongoose.7.13.0
2024-11-30 22:24:58,174 [WARN] PackLoader:240 - Cannot read IP mode file for STMicroelectronics.X-CUBE-AZRTOS-G4.2.0.0
2024-11-30 22:24:58,194 [WARN] PackLoader:240 - Cannot read IP mode file for STMicroelectronics.X-CUBE-ALS.1.0.2
2024-11-30 22:24:58,216 [WARN] PackLoader:240 - Cannot read IP mode file for STMicroelectronics.X-CUBE-TOUCHGFX.4.24.1
2024-11-30 22:24:58,234 [WARN] PackLoader:240 - Cannot read IP mode file for wolfSSL.I-CUBE-wolfTPM.3.4.0
2024-11-30 22:24:58,252 [WARN] PackLoader:240 - Cannot read IP mode file for portGmbH.I-Cube-SoM-uGOAL.1.1.0
2024-11-30 22:24:58,285 [WARN] PackLoader:240 - Cannot read IP mode file for STMicroelectronics.X-CUBE-AZRTOS-H7RS.1.0.0
2024-11-30 22:24:58,300 [WARN] PackLoader:240 - Cannot read IP mode file for STMicroelectronics.FP-ATR-ASTRA1.2.0.0
2024-11-30 22:24:58,327 [WARN] PackLoader:240 - Cannot read IP mode file for STMicroelectronics.X-CUBE-TOF1.3.4.2
2024-11-30 22:24:58,375 [WARN] PackLoader:240 - Cannot read IP mode file for Infineon.AIROC-Wi-Fi-Bluetooth-STM32.1.6.1
2024-11-30 22:24:58,392 [WARN] PackLoader:240 - Cannot read IP mode file for wolfSSL.I-CUBE-wolfSSH.1.4.17
2024-11-30 22:24:58,393 [INFO] ThirdParty:978 - Integrity check success = true
2024-11-30 22:24:58,393 [INFO] IntegrityCheckThread:100 - exiting critical section [integrity check]
2024-11-30 22:24:58,393 [INFO] IntegrityCheckThread:103 - End integrity checks thread
2024-11-30 22:25:02,664 [INFO] WebApp:167 - Instantiating new browser for Auth
2024-11-30 22:25:03,543 [INFO] WebApp:448 - Apply proxy settings
2024-11-30 22:25:03,544 [INFO] WebApp:533 - Chromium requires no authentication
2024-11-30 22:25:03,557 [INFO] WebApp:476 - Direct internet connection detected
2024-11-30 22:25:03,597 [INFO] WebApp:869 - Register for checkConnection events
2024-11-30 22:25:03,597 [INFO] WebApp:448 - Apply proxy settings
2024-11-30 22:25:03,597 [INFO] WebApp:533 - Chromium requires no authentication
2024-11-30 22:25:03,598 [INFO] WebApp:476 - Direct internet connection detected
2024-11-30 22:25:03,816 [INFO] WebApp:220 - Starting web application
2024-11-30 22:25:03,817 [INFO] WebApp:578 - Web application path used C:\ST\STM32CubeIDE_1.16.1\STM32CubeIDE\plugins\com.st.stm32cube.common.mx_6.12.1.202409122256\db\plugins\mcufinder\reactClient1\index.html
2024-11-30 22:25:03,855 [INFO] WebApp:186 - Connection restablished
2024-11-30 22:25:04,109 [INFO] UserAuth:417 - Internet connection configuration mode: 1
