2024-10-27 20:10:44,399 [INFO] Activator:176 - 


2024-10-27 20:10:44,408 [INFO] Activator:177 - !SESSION log4j initialized
2024-10-27 20:10:56,362 [INFO] LogOutputStream:77 - [STDOUT_REDIRECT] 
2024-10-27 20:10:58,544 [INFO] ApplicationProperties:184 - Using Application install path: C:\ST\STM32CubeIDE_1.16.1\STM32CubeIDE\plugins\com.st.stm32cube.common.mx_6.12.1.202409122256
2024-10-27 20:10:58,573 [INFO] DbMcusXml:78 - Set database path to: C:\ST\STM32CubeIDE_1.16.1\STM32CubeIDE\plugins\com.st.stm32cube.common.mx_6.12.1.202409122256\\db\/mcu/
2024-10-27 20:10:58,574 [INFO] ApiDb:274 - Set plugin database path to: C:\ST\STM32CubeIDE_1.16.1\STM32CubeIDE\plugins\com.st.stm32cube.common.mx_6.12.1.202409122256\\db\/plugins/boardmanager/
2024-10-27 20:10:58,576 [WARN] ApiDb:259 - Overriding images path with different value:  => C:\ST\STM32CubeIDE_1.16.1\STM32CubeIDE\plugins\com.st.stm32cube.common.mx_6.12.1.202409122256\\db\/plugins/mcufinder/images/
2024-10-27 20:10:58,591 [INFO] ApiDb:250 - Set database path to: C:\Users\tcbir\.stmcufinder\plugins\mcufinder//mcu/
2024-10-27 20:10:58,593 [INFO] DbMcusAds:125 - Set database path to: C:\Users\tcbir\.stmcufinder\plugins\mcufinder//mcu/
2024-10-27 20:10:58,596 [INFO] CrossReferenceDbSqlite:203 - Set database path to: C:\Users\tcbir\.stmcufinder\plugins\mcufinder//mcu/cs/
2024-10-27 20:10:58,894 [INFO] RulesReader:64 - Compatibility file has been processed (297 Rules)
2024-10-27 20:10:59,031 [INFO] DbMcusXml:78 - Set database path to: C:\ST\STM32CubeIDE_1.16.1\STM32CubeIDE\plugins\com.st.stm32cube.common.mx_6.12.1.202409122256\\db\/mcu/
2024-10-27 20:10:59,032 [INFO] ApiDb:274 - Set plugin database path to: C:\ST\STM32CubeIDE_1.16.1\STM32CubeIDE\plugins\com.st.stm32cube.common.mx_6.12.1.202409122256\\db\/plugins/boardmanager/
2024-10-27 20:10:59,032 [INFO] ApiDb:261 - Set plugin images path to: C:\ST\STM32CubeIDE_1.16.1\STM32CubeIDE\plugins\com.st.stm32cube.common.mx_6.12.1.202409122256\\db\/plugins/mcufinder/images/
2024-10-27 20:10:59,032 [WARN] DbFile:41 - Overriding database path with different value: C:\Users\tcbir\.stmcufinder\plugins\mcufinder/ => C:\Users\tcbir\.stmcufinder\plugins\mcufinder
2024-10-27 20:10:59,032 [INFO] ApiDb:250 - Set database path to: C:\Users\tcbir\.stmcufinder\plugins\mcufinder//mcu/
2024-10-27 20:10:59,033 [WARN] DbFile:41 - Overriding database path with different value: C:\Users\tcbir\.stmcufinder\plugins\mcufinder/ => C:\Users\tcbir\.stmcufinder\plugins\mcufinder
2024-10-27 20:10:59,033 [INFO] DbMcusAds:125 - Set database path to: C:\Users\tcbir\.stmcufinder\plugins\mcufinder//mcu/
2024-10-27 20:10:59,033 [WARN] DbFile:41 - Overriding database path with different value: C:\Users\tcbir\.stmcufinder\plugins\mcufinder/ => C:\Users\tcbir\.stmcufinder\plugins\mcufinder
2024-10-27 20:10:59,033 [WARN] DbFile:41 - Overriding database path with different value: C:\Users\tcbir\.stmcufinder\plugins\mcufinder/ => C:\Users\tcbir\.stmcufinder\plugins\mcufinder
2024-10-27 20:10:59,033 [INFO] CrossReferenceDbSqlite:203 - Set database path to: C:\Users\tcbir\.stmcufinder\plugins\mcufinder//mcu/cs/
2024-10-27 20:10:59,163 [INFO] MainPanel:268 - HeapMemory: 268435456
2024-10-27 20:10:59,323 [INFO] DbMcusXml:78 - Set database path to: C:\ST\STM32CubeIDE_1.16.1\STM32CubeIDE\plugins\com.st.stm32cube.common.mx_6.12.1.202409122256\\db\/mcu/
2024-10-27 20:10:59,324 [INFO] ApiDb:274 - Set plugin database path to: C:\ST\STM32CubeIDE_1.16.1\STM32CubeIDE\plugins\com.st.stm32cube.common.mx_6.12.1.202409122256\\db\/plugins/boardmanager/
2024-10-27 20:10:59,324 [INFO] ApiDb:261 - Set plugin images path to: C:\ST\STM32CubeIDE_1.16.1\STM32CubeIDE\plugins\com.st.stm32cube.common.mx_6.12.1.202409122256\\db\/plugins/mcufinder/images/
2024-10-27 20:10:59,324 [WARN] DbFile:41 - Overriding database path with different value: C:\Users\tcbir\.stmcufinder\plugins\mcufinder/ => C:\Users\tcbir\.stmcufinder\plugins\mcufinder
2024-10-27 20:10:59,324 [INFO] ApiDb:250 - Set database path to: C:\Users\tcbir\.stmcufinder\plugins\mcufinder//mcu/
2024-10-27 20:10:59,324 [WARN] DbFile:41 - Overriding database path with different value: C:\Users\tcbir\.stmcufinder\plugins\mcufinder/ => C:\Users\tcbir\.stmcufinder\plugins\mcufinder
2024-10-27 20:10:59,325 [INFO] DbMcusAds:125 - Set database path to: C:\Users\tcbir\.stmcufinder\plugins\mcufinder//mcu/
2024-10-27 20:10:59,325 [WARN] DbFile:41 - Overriding database path with different value: C:\Users\tcbir\.stmcufinder\plugins\mcufinder/ => C:\Users\tcbir\.stmcufinder\plugins\mcufinder
2024-10-27 20:10:59,325 [WARN] DbFile:41 - Overriding database path with different value: C:\Users\tcbir\.stmcufinder\plugins\mcufinder/ => C:\Users\tcbir\.stmcufinder\plugins\mcufinder
2024-10-27 20:10:59,325 [INFO] CrossReferenceDbSqlite:203 - Set database path to: C:\Users\tcbir\.stmcufinder\plugins\mcufinder//mcu/cs/
2024-10-27 20:10:59,348 [INFO] ApplicationProperties:184 - Using Application install path: C:\ST\STM32CubeIDE_1.16.1\STM32CubeIDE\plugins\com.st.stm32cube.common.mx_6.12.1.202409122256
2024-10-27 20:10:59,349 [INFO] PluginManage:196 - Search for loadable plugins [exclusion list=, ]
2024-10-27 20:10:59,351 [INFO] PluginManage:310 - Check plugin analytics
2024-10-27 20:10:59,588 [INFO] AnalyticsPlugin:253 - Accepted Software Licenses: 
2024-10-27 20:10:59,589 [INFO] AnalyticsPlugin:255 - Accepted CMSIS Pack Licenses: 
2024-10-27 20:10:59,589 [INFO] AnalyticsPlugin:257 - Accepted Firmware Licenses: 
2024-10-27 20:10:59,592 [INFO] PluginManage:359 - Loaded plugin analytics (category:tool,tabindex:-1)
2024-10-27 20:10:59,592 [INFO] PluginManage:310 - Check plugin cadmodel
2024-10-27 20:10:59,609 [INFO] CADModel:105 - Init CAD model plugin
2024-10-27 20:10:59,610 [INFO] PluginManage:359 - Loaded plugin cadmodel (category:power,tabindex:5)
2024-10-27 20:10:59,610 [INFO] PluginManage:310 - Check plugin clock
2024-10-27 20:10:59,632 [INFO] PluginManage:359 - Loaded plugin clock (category:base,tabindex:2)
2024-10-27 20:10:59,633 [INFO] PluginManage:310 - Check plugin ddr
2024-10-27 20:10:59,636 [INFO] PluginManage:359 - Loaded plugin ddr (category:tool,tabindex:6)
2024-10-27 20:10:59,637 [INFO] PluginManage:310 - Check plugin filemanager
2024-10-27 20:10:59,905 [INFO] PluginManage:359 - Loaded plugin filemanager (category:base,tabindex:10)
2024-10-27 20:10:59,906 [INFO] PluginManage:310 - Check plugin ipmanager
2024-10-27 20:10:59,918 [INFO] PluginManage:359 - Loaded plugin ipmanager (category:base,tabindex:5)
2024-10-27 20:10:59,918 [INFO] PluginManage:310 - Check plugin lpbam
2024-10-27 20:10:59,947 [INFO] PluginManage:359 - Loaded plugin lpbam (category:base,tabindex:0)
2024-10-27 20:10:59,947 [INFO] PluginManage:310 - Check plugin memorymap
2024-10-27 20:10:59,983 [INFO] PluginManage:359 - Loaded plugin memorymap (category:base,tabindex:4)
2024-10-27 20:10:59,983 [INFO] PluginManage:310 - Check plugin pinoutandconfiguration
2024-10-27 20:11:00,007 [INFO] PluginManage:359 - Loaded plugin pinoutandconfiguration (category:base,tabindex:1)
2024-10-27 20:11:00,007 [INFO] PluginManage:310 - Check plugin pinoutconfig
2024-10-27 20:11:00,169 [WARN] SupportedApi:132 - Cannot load RTOS API schema: s4s-elt-must-match.1: The content of 'definitions' must match (annotation?, (simpleType | complexType)?, (unique | key | keyref)*)). A problem was found starting at: attribute.
2024-10-27 20:11:00,346 [INFO] PluginManage:359 - Loaded plugin pinoutconfig (category:base,tabindex:0)
2024-10-27 20:11:00,346 [INFO] PluginManage:310 - Check plugin power
2024-10-27 20:11:00,371 [INFO] PluginManage:359 - Loaded plugin power (category:power,tabindex:4)
2024-10-27 20:11:00,371 [INFO] PluginManage:310 - Check plugin projectmanager
2024-10-27 20:11:00,395 [INFO] PluginManage:359 - Loaded plugin projectmanager (category:projectmanager,tabindex:4)
2024-10-27 20:11:00,396 [INFO] PluginManage:310 - Check plugin rif
2024-10-27 20:11:00,424 [INFO] PluginManage:359 - Loaded plugin rif (category:base,tabindex:3)
2024-10-27 20:11:00,424 [INFO] PluginManage:310 - Check plugin thirdparty
2024-10-27 20:11:00,789 [WARN] IntegrityCheckThread:84 - waiting for thirdparty lock release [integrity check]
2024-10-27 20:11:00,791 [INFO] IntegrityCheckThread:86 - entering critical section [integrity check]
2024-10-27 20:11:00,791 [INFO] PluginManage:359 - Loaded plugin thirdparty (category:base,tabindex:-1)
2024-10-27 20:11:00,791 [INFO] PluginManage:310 - Check plugin tools
2024-10-27 20:11:00,792 [INFO] ThirdPartyUpdaterWithRetryManager:70 - Updater plugin not ready yet. [1/15]
2024-10-27 20:11:00,832 [INFO] PluginManage:359 - Loaded plugin tools (category:base,tabindex:7)
2024-10-27 20:11:00,833 [INFO] PluginManage:310 - Check plugin tutovideos
2024-10-27 20:11:01,082 [INFO] PluginManage:359 - Loaded plugin tutovideos (category:base,tabindex:-1)
2024-10-27 20:11:01,082 [INFO] PluginManage:310 - Check plugin updater
2024-10-27 20:11:01,099 [INFO] PluginManage:359 - Loaded plugin updater (category:base,tabindex:12)
2024-10-27 20:11:01,099 [INFO] PluginManage:310 - Check plugin userauth
2024-10-27 20:11:01,107 [INFO] UserAuth:113 - Init User Auth plugin
2024-10-27 20:11:01,107 [INFO] PluginManage:359 - Loaded plugin userauth (category:base,tabindex:14)
2024-10-27 20:11:01,108 [INFO] PluginManage:283 - PluginManage : Loaded plugins [18]
2024-10-27 20:11:01,370 [INFO] PinOutPanel:1561 - setPackage(No Configuration,No Configuration)
2024-10-27 20:11:01,466 [INFO] CADModel:165 - CPN selected for project level
2024-10-27 20:11:01,466 [INFO] CADModel:114 - Register for checkConnection events
2024-10-27 20:11:01,496 [INFO] IPUIPlugin:80 - create IPUIPlugin
2024-10-27 20:11:01,496 [INFO] PluginManager:220 - loadIPPluginJar : add adc
2024-10-27 20:11:01,554 [INFO] IPUIPlugin:80 - create IPUIPlugin
2024-10-27 20:11:01,554 [INFO] PluginManager:220 - loadIPPluginJar : add aes
2024-10-27 20:11:01,621 [INFO] IPUIPlugin:80 - create IPUIPlugin
2024-10-27 20:11:01,622 [INFO] PluginManager:220 - loadIPPluginJar : add can
2024-10-27 20:11:01,671 [INFO] IPUIPlugin:80 - create IPUIPlugin
2024-10-27 20:11:01,671 [INFO] PluginManager:220 - loadIPPluginJar : add comp
2024-10-27 20:11:01,708 [INFO] IPUIPlugin:80 - create IPUIPlugin
2024-10-27 20:11:01,708 [INFO] PluginManager:220 - loadIPPluginJar : add cryp
2024-10-27 20:11:01,725 [INFO] IPUIPlugin:80 - create IPUIPlugin
2024-10-27 20:11:01,725 [INFO] PluginManager:220 - loadIPPluginJar : add ddr_ctrl_phy
2024-10-27 20:11:01,763 [INFO] IPUIPlugin:80 - create IPUIPlugin
2024-10-27 20:11:01,763 [INFO] PluginManager:220 - loadIPPluginJar : add dfsdm
2024-10-27 20:11:01,782 [INFO] IPUIPlugin:80 - create IPUIPlugin
2024-10-27 20:11:01,783 [INFO] PluginManager:220 - loadIPPluginJar : add dma
2024-10-27 20:11:01,832 [INFO] IPUIPlugin:80 - create IPUIPlugin
2024-10-27 20:11:01,832 [INFO] PluginManager:220 - loadIPPluginJar : add dma3
2024-10-27 20:11:01,906 [INFO] IPUIPlugin:80 - create IPUIPlugin
2024-10-27 20:11:01,906 [INFO] PluginManager:220 - loadIPPluginJar : add extmemmanager
2024-10-27 20:11:01,930 [INFO] IPUIPlugin:80 - create IPUIPlugin
2024-10-27 20:11:01,930 [INFO] PluginManager:220 - loadIPPluginJar : add fatfs
2024-10-27 20:11:01,984 [INFO] IPUIPlugin:80 - create IPUIPlugin
2024-10-27 20:11:01,984 [INFO] PluginManager:220 - loadIPPluginJar : add fmc
2024-10-27 20:11:02,001 [INFO] IPUIPlugin:80 - create IPUIPlugin
2024-10-27 20:11:02,002 [INFO] PluginManager:220 - loadIPPluginJar : add freertos
2024-10-27 20:11:02,025 [INFO] IPUIPlugin:80 - create IPUIPlugin
2024-10-27 20:11:02,025 [INFO] PluginManager:220 - loadIPPluginJar : add genericplugin
2024-10-27 20:11:02,128 [INFO] IPUIPlugin:80 - create IPUIPlugin
2024-10-27 20:11:02,129 [INFO] PluginManager:220 - loadIPPluginJar : add gfxmmu
2024-10-27 20:11:02,274 [INFO] IPUIPlugin:80 - create IPUIPlugin
2024-10-27 20:11:02,275 [INFO] PluginManager:220 - loadIPPluginJar : add gic
2024-10-27 20:11:02,288 [INFO] IPUIPlugin:80 - create IPUIPlugin
2024-10-27 20:11:02,288 [INFO] PluginManager:220 - loadIPPluginJar : add gpio
2024-10-27 20:11:02,399 [INFO] IPUIPlugin:80 - create IPUIPlugin
2024-10-27 20:11:02,399 [INFO] PluginManager:220 - loadIPPluginJar : add gtzc
2024-10-27 20:11:02,439 [INFO] IPUIPlugin:80 - create IPUIPlugin
2024-10-27 20:11:02,439 [INFO] PluginManager:220 - loadIPPluginJar : add hash
2024-10-27 20:11:02,502 [INFO] IPUIPlugin:80 - create IPUIPlugin
2024-10-27 20:11:02,502 [INFO] PluginManager:220 - loadIPPluginJar : add i2c
2024-10-27 20:11:02,547 [INFO] IPUIPlugin:80 - create IPUIPlugin
2024-10-27 20:11:02,547 [INFO] PluginManager:220 - loadIPPluginJar : add i2s
2024-10-27 20:11:02,597 [INFO] IPUIPlugin:80 - create IPUIPlugin
2024-10-27 20:11:02,597 [INFO] PluginManager:220 - loadIPPluginJar : add i3c
2024-10-27 20:11:02,729 [INFO] IPUIPlugin:80 - create IPUIPlugin
2024-10-27 20:11:02,729 [INFO] PluginManager:220 - loadIPPluginJar : add ipddr
2024-10-27 20:11:02,836 [INFO] IPUIPlugin:80 - create IPUIPlugin
2024-10-27 20:11:02,836 [INFO] PluginManager:220 - loadIPPluginJar : add linkedlist
2024-10-27 20:11:02,880 [INFO] IPUIPlugin:80 - create IPUIPlugin
2024-10-27 20:11:02,880 [INFO] PluginManager:220 - loadIPPluginJar : add lorawan
2024-10-27 20:11:02,922 [INFO] IPUIPlugin:80 - create IPUIPlugin
2024-10-27 20:11:02,922 [INFO] PluginManager:220 - loadIPPluginJar : add ltdc
2024-10-27 20:11:02,937 [INFO] IPUIPlugin:80 - create IPUIPlugin
2024-10-27 20:11:02,937 [INFO] PluginManager:220 - loadIPPluginJar : add mdma
2024-10-27 20:11:02,950 [INFO] IPUIPlugin:80 - create IPUIPlugin
2024-10-27 20:11:02,951 [INFO] PluginManager:220 - loadIPPluginJar : add nvic
2024-10-27 20:11:02,996 [INFO] IPUIPlugin:80 - create IPUIPlugin
2024-10-27 20:11:02,996 [INFO] PluginManager:220 - loadIPPluginJar : add opamp
2024-10-27 20:11:03,082 [INFO] IPUIPlugin:80 - create IPUIPlugin
2024-10-27 20:11:03,082 [INFO] PluginManager:220 - loadIPPluginJar : add openamp
2024-10-27 20:11:03,139 [INFO] IPUIPlugin:80 - create IPUIPlugin
2024-10-27 20:11:03,139 [INFO] PluginManager:220 - loadIPPluginJar : add pdm2pcm
2024-10-27 20:11:03,156 [INFO] IPUIPlugin:80 - create IPUIPlugin
2024-10-27 20:11:03,163 [INFO] PluginManager:220 - loadIPPluginJar : add plateformsettings
2024-10-27 20:11:03,195 [INFO] IPUIPlugin:80 - create IPUIPlugin
2024-10-27 20:11:03,195 [INFO] PluginManager:220 - loadIPPluginJar : add quadspi
2024-10-27 20:11:03,228 [INFO] IPUIPlugin:80 - create IPUIPlugin
2024-10-27 20:11:03,229 [INFO] PluginManager:220 - loadIPPluginJar : add radio
2024-10-27 20:11:03,246 [INFO] IPUIPlugin:80 - create IPUIPlugin
2024-10-27 20:11:03,246 [INFO] PluginManager:220 - loadIPPluginJar : add resmgrutility
2024-10-27 20:11:03,308 [INFO] IPUIPlugin:80 - create IPUIPlugin
2024-10-27 20:11:03,308 [INFO] PluginManager:220 - loadIPPluginJar : add sai
2024-10-27 20:11:03,369 [INFO] IPUIPlugin:80 - create IPUIPlugin
2024-10-27 20:11:03,369 [INFO] PluginManager:220 - loadIPPluginJar : add spi
2024-10-27 20:11:03,477 [INFO] IPUIPlugin:80 - create IPUIPlugin
2024-10-27 20:11:03,477 [INFO] PluginManager:220 - loadIPPluginJar : add stm32_wpan
2024-10-27 20:11:03,505 [INFO] IPUIPlugin:80 - create IPUIPlugin
2024-10-27 20:11:03,505 [INFO] PluginManager:220 - loadIPPluginJar : add tim
2024-10-27 20:11:03,578 [INFO] IPUIPlugin:80 - create IPUIPlugin
2024-10-27 20:11:03,578 [INFO] PluginManager:220 - loadIPPluginJar : add touchsensing
2024-10-27 20:11:03,605 [INFO] IPUIPlugin:80 - create IPUIPlugin
2024-10-27 20:11:03,605 [INFO] PluginManager:220 - loadIPPluginJar : add tracer_emb
2024-10-27 20:11:03,632 [INFO] IPUIPlugin:80 - create IPUIPlugin
2024-10-27 20:11:03,632 [INFO] PluginManager:220 - loadIPPluginJar : add ts
2024-10-27 20:11:03,659 [INFO] IPUIPlugin:80 - create IPUIPlugin
2024-10-27 20:11:03,659 [INFO] PluginManager:220 - loadIPPluginJar : add tsc
2024-10-27 20:11:03,685 [INFO] IPUIPlugin:80 - create IPUIPlugin
2024-10-27 20:11:03,685 [INFO] PluginManager:220 - loadIPPluginJar : add ucpd
2024-10-27 20:11:03,737 [INFO] IPUIPlugin:80 - create IPUIPlugin
2024-10-27 20:11:03,737 [INFO] PluginManager:220 - loadIPPluginJar : add usart
2024-10-27 20:11:03,787 [INFO] IPUIPlugin:80 - create IPUIPlugin
2024-10-27 20:11:03,787 [INFO] PluginManager:220 - loadIPPluginJar : add usbx
2024-10-27 20:11:03,799 [INFO] ThirdPartyUpdaterWithRetryManager:70 - Updater plugin not ready yet. [2/15]
2024-10-27 20:11:03,918 [INFO] CADModel:165 - CPN selected for project level
2024-10-27 20:11:03,918 [INFO] CADModel:114 - Register for checkConnection events
2024-10-27 20:11:03,919 [FATAL] Updater:334 - Updater called before beeing initialized
2024-10-27 20:11:03,919 [ERROR] CADModel:125 - Updater not yet initialized, retry later 
2024-10-27 20:11:04,087 [INFO] CADModel:165 - CPN selected for project level
2024-10-27 20:11:04,087 [INFO] CADModel:114 - Register for checkConnection events
2024-10-27 20:11:04,087 [FATAL] Updater:334 - Updater called before beeing initialized
2024-10-27 20:11:04,087 [ERROR] CADModel:125 - Updater not yet initialized, retry later 
2024-10-27 20:11:04,090 [FATAL] Updater:334 - Updater called before beeing initialized
2024-10-27 20:11:04,196 [FATAL] Updater:334 - Updater called before beeing initialized
2024-10-27 20:11:04,207 [INFO] DbMcusAds:53 - JSON generation date=Fri Sep 20 09:04:23 EDT 2024 (1726837463113)
2024-10-27 20:11:04,207 [FATAL] Updater:334 - Updater called before beeing initialized
2024-10-27 20:11:04,254 [WARN] DetailPanel:346 - Failed to get advertising image, set to default
2024-10-27 20:11:04,341 [FATAL] Updater:334 - Updater called before beeing initialized
2024-10-27 20:11:04,343 [FATAL] Updater:334 - Updater called before beeing initialized
2024-10-27 20:11:04,343 [FATAL] Updater:334 - Updater called before beeing initialized
2024-10-27 20:11:04,343 [WARN] DetailPanel:346 - Failed to get advertising image, set to default
2024-10-27 20:11:04,344 [FATAL] Updater:334 - Updater called before beeing initialized
2024-10-27 20:11:04,425 [ERROR] Updater:1164 - MainUpdater not yet initialized. External WinMGr cannot be set.
2024-10-27 20:11:04,437 [INFO] Updater:1100 - Updater Version found : 6.12.1
2024-10-27 20:11:04,468 [INFO] ApplicationProperties:184 - Using Application install path: C:\ST\STM32CubeIDE_1.16.1\STM32CubeIDE\plugins\com.st.stm32cube.common.mx_6.12.1.202409122256
2024-10-27 20:11:06,090 [ERROR] LogOutputStream:75 - [STDERR_REDIRECT] Oct 27, 2024 8:11:06 PM java.util.prefs.WindowsPreferences <init>
2024-10-27 20:11:06,092 [ERROR] LogOutputStream:75 - [STDERR_REDIRECT] WARNING: Could not open/create prefs root node Software\JavaSoft\Prefs at root 0xffffffff80000002. Windows RegCreateKeyEx(...) returned error code 5.
2024-10-27 20:11:06,092 [ERROR] LogOutputStream:75 - [STDERR_REDIRECT] 
2024-10-27 20:11:06,586 [INFO] MainUpdater:2873 - connection check result : 10
2024-10-27 20:11:06,588 [INFO] MainUpdater:290 - Updater Check For Update Now.
2024-10-27 20:11:06,588 [INFO] MicroXplorer:498 - Change Database Version : DB.6.0.121
2024-10-27 20:11:06,626 [INFO] McuFinderGlobals:63 - Set McuFinder mode to 2 (CubeIDE integrated)
2024-10-27 20:11:06,627 [INFO] UserAuth:179 - activating auth plugin
2024-10-27 20:11:06,632 [INFO] UserAuth:417 - Internet connection configuration mode: 1
2024-10-27 20:11:06,670 [INFO] JxBrowserEngine:152 - Initiate JxBrowser Engine with user profile folder
2024-10-27 20:11:06,809 [WARN] MainUpdater:1194 - Updater busy. Cannot search thirdparties
2024-10-27 20:11:06,809 [INFO] ThirdPartyUpdaterWithRetryManager:96 - Updater plugin is busy. [1/15]
2024-10-27 20:11:06,906 [INFO] CheckServerUpdateThread:120 - End of CheckServer Thread
2024-10-27 20:11:10,030 [WARN] PackLoader:240 - Cannot read IP mode file for STMicroelectronics.FP-SNS-MOTENVWB1.1.4.0
2024-10-27 20:11:10,052 [WARN] PackLoader:240 - Cannot read IP mode file for STMicroelectronics.X-CUBE-SMBUS.2.1.0
2024-10-27 20:11:10,071 [WARN] PackLoader:240 - Cannot read IP mode file for STMicroelectronics.X-CUBE-WB05N.1.1.0
2024-10-27 20:11:10,123 [WARN] PackLoader:240 - Cannot read IP mode file for STMicroelectronics.X-CUBE-AZRTOS-F7.1.1.0
2024-10-27 20:11:10,276 [WARN] PackLoader:240 - Cannot read IP mode file for STMicroelectronics.X-CUBE-MEMS1.11.0.0
2024-10-27 20:11:10,575 [WARN] PackLoader:240 - Cannot read IP mode file for STMicroelectronics.FP-SNS-FLIGHT1.5.0.2
2024-10-27 20:11:10,595 [WARN] PackLoader:240 - Cannot read IP mode file for STMicroelectronics.X-CUBE-DISPLAY.3.0.0
2024-10-27 20:11:10,618 [WARN] PackLoader:240 - Cannot read IP mode file for STMicroelectronics.X-CUBE-BLE1.7.0.0
2024-10-27 20:11:10,640 [WARN] PackLoader:240 - Cannot read IP mode file for STMicroelectronics.X-CUBE-NFC10.1.0.0
2024-10-27 20:11:10,659 [WARN] PackLoader:240 - Cannot read IP mode file for emotas.I-CUBE-CANOPEN.1.3.0
2024-10-27 20:11:10,680 [WARN] PackLoader:240 - Cannot read IP mode file for STMicroelectronics.X-CUBE-BLEMGR.3.1.0
2024-10-27 20:11:10,709 [WARN] PackLoader:240 - Cannot read IP mode file for STMicroelectronics.FP-SNS-SMARTAG2.1.2.0
2024-10-27 20:11:10,730 [INFO] LogOutputStream:77 - [STDOUT_REDIRECT] 1 : Invalid condition id : UX_CORESTACK_Condition cause : null
2024-10-27 20:11:10,731 [INFO] LogOutputStream:77 - [STDOUT_REDIRECT] 1 : Invalid condition id : UX_CORESTACK_Condition cause : null
2024-10-27 20:11:10,732 [INFO] LogOutputStream:77 - [STDOUT_REDIRECT] 1 : Invalid condition id : UX_CORESTACK_Condition cause : null
2024-10-27 20:11:10,734 [INFO] LogOutputStream:77 - [STDOUT_REDIRECT] 1 : Invalid condition id : UX_CORESTACK_Condition cause : null
2024-10-27 20:11:10,736 [INFO] LogOutputStream:77 - [STDOUT_REDIRECT] 1 : Invalid condition id : UX_CORESTACK_Condition cause : null
2024-10-27 20:11:10,739 [WARN] PackLoader:240 - Cannot read IP mode file for STMicroelectronics.X-CUBE-AZRTOS-WL.2.0.0
2024-10-27 20:11:10,757 [WARN] PackLoader:240 - Cannot read IP mode file for STMicroelectronics.FP-SNS-MOTENV1.5.0.0
2024-10-27 20:11:10,773 [WARN] PackLoader:240 - Cannot read IP mode file for wolfSSL.I-CUBE-wolfMQTT.1.19.0
2024-10-27 20:11:10,794 [WARN] PackLoader:240 - Cannot read IP mode file for WES.I-CUBE-Cesium.1.3.0
2024-10-27 20:11:10,811 [WARN] PackLoader:240 - Cannot read IP mode file for STMicroelectronics.X-CUBE-BLE2.3.3.0
2024-10-27 20:11:10,832 [WARN] PackLoader:240 - Cannot read IP mode file for STMicroelectronics.X-CUBE-NFC9.1.0.0
2024-10-27 20:11:10,854 [WARN] PackLoader:240 - Cannot read IP mode file for STMicroelectronics.X-CUBE-TCPP.4.1.0
2024-10-27 20:11:10,894 [WARN] PackLoader:240 - Cannot read IP mode file for STMicroelectronics.X-CUBE-AZRTOS-G0.1.1.0
2024-10-27 20:11:10,918 [WARN] PackLoader:240 - Cannot read IP mode file for STMicroelectronics.X-CUBE-SAFEA1.1.2.2
2024-10-27 20:11:10,941 [WARN] PackLoader:240 - Cannot read IP mode file for STMicroelectronics.X-CUBE-NFC4.3.0.0
2024-10-27 20:11:10,967 [WARN] PackLoader:240 - Cannot read IP mode file for EmbeddedOffice.I-CUBE-FS-RTOS.1.0.1
2024-10-27 20:11:10,967 [ERROR] ConditionMgr:805 - Attr not supported : Dmpu
2024-10-27 20:11:10,967 [ERROR] ConditionMgr:805 - Attr not supported : Dmpu
2024-10-27 20:11:10,967 [ERROR] ConditionMgr:805 - Attr not supported : Dmpu
2024-10-27 20:11:10,967 [ERROR] ConditionMgr:805 - Attr not supported : Dmpu
2024-10-27 20:11:10,968 [ERROR] ConditionMgr:805 - Attr not supported : Dmpu
2024-10-27 20:11:10,968 [ERROR] ConditionMgr:805 - Attr not supported : Dmpu
2024-10-27 20:11:10,968 [ERROR] ConditionMgr:805 - Attr not supported : Dmpu
2024-10-27 20:11:10,968 [ERROR] ConditionMgr:805 - Attr not supported : Dmpu
2024-10-27 20:11:10,968 [ERROR] ConditionMgr:805 - Attr not supported : Dmpu
2024-10-27 20:11:10,968 [ERROR] ConditionMgr:805 - Attr not supported : Dmpu
2024-10-27 20:11:10,968 [ERROR] ConditionMgr:805 - Attr not supported : Dmpu
2024-10-27 20:11:10,968 [ERROR] ConditionMgr:805 - Attr not supported : Dmpu
2024-10-27 20:11:10,968 [ERROR] ConditionMgr:805 - Attr not supported : Dmpu
2024-10-27 20:11:10,969 [ERROR] ConditionMgr:805 - Attr not supported : Dmpu
2024-10-27 20:11:10,969 [ERROR] ConditionMgr:805 - Attr not supported : Dmpu
2024-10-27 20:11:10,969 [ERROR] ConditionMgr:805 - Attr not supported : Dmpu
2024-10-27 20:11:10,969 [ERROR] ConditionMgr:805 - Attr not supported : Dmpu
2024-10-27 20:11:10,969 [ERROR] ConditionMgr:805 - Attr not supported : Dmpu
2024-10-27 20:11:10,969 [ERROR] ConditionMgr:805 - Attr not supported : Dmpu
2024-10-27 20:11:10,969 [ERROR] ConditionMgr:805 - Attr not supported : Dmpu
2024-10-27 20:11:10,969 [ERROR] ConditionMgr:805 - Attr not supported : Dmpu
2024-10-27 20:11:10,969 [ERROR] ConditionMgr:805 - Attr not supported : Dmpu
2024-10-27 20:11:10,969 [ERROR] ConditionMgr:805 - Attr not supported : Dmpu
2024-10-27 20:11:10,969 [ERROR] ConditionMgr:805 - Attr not supported : Dmpu
2024-10-27 20:11:10,970 [ERROR] ConditionMgr:805 - Attr not supported : Dmpu
2024-10-27 20:11:10,970 [ERROR] ConditionMgr:805 - Attr not supported : Dmpu
2024-10-27 20:11:10,970 [ERROR] ConditionMgr:805 - Attr not supported : Dmpu
2024-10-27 20:11:10,970 [ERROR] ConditionMgr:805 - Attr not supported : Dmpu
2024-10-27 20:11:10,970 [ERROR] ConditionMgr:805 - Attr not supported : Dmpu
2024-10-27 20:11:10,970 [ERROR] ConditionMgr:805 - Attr not supported : Dmpu
2024-10-27 20:11:10,970 [ERROR] ConditionMgr:805 - Attr not supported : Dmpu
2024-10-27 20:11:10,970 [ERROR] ConditionMgr:805 - Attr not supported : Dmpu
2024-10-27 20:11:10,970 [ERROR] ConditionMgr:805 - Attr not supported : Dmpu
2024-10-27 20:11:10,970 [ERROR] ConditionMgr:805 - Attr not supported : Dmpu
2024-10-27 20:11:10,970 [ERROR] ConditionMgr:805 - Attr not supported : Dmpu
2024-10-27 20:11:10,971 [ERROR] ConditionMgr:805 - Attr not supported : Dmpu
2024-10-27 20:11:10,971 [ERROR] ConditionMgr:805 - Attr not supported : Dmpu
2024-10-27 20:11:10,971 [ERROR] ConditionMgr:805 - Attr not supported : Dmpu
2024-10-27 20:11:10,971 [ERROR] ConditionMgr:805 - Attr not supported : Dmpu
2024-10-27 20:11:10,971 [ERROR] ConditionMgr:805 - Attr not supported : Dmpu
2024-10-27 20:11:10,971 [ERROR] ConditionMgr:805 - Attr not supported : Dmpu
2024-10-27 20:11:10,971 [ERROR] ConditionMgr:805 - Attr not supported : Dmpu
2024-10-27 20:11:10,971 [ERROR] ConditionMgr:805 - Attr not supported : Dmpu
2024-10-27 20:11:10,971 [ERROR] ConditionMgr:805 - Attr not supported : Dmpu
2024-10-27 20:11:10,971 [ERROR] ConditionMgr:805 - Attr not supported : Dmpu
2024-10-27 20:11:10,971 [ERROR] ConditionMgr:805 - Attr not supported : Dmpu
2024-10-27 20:11:10,971 [ERROR] ConditionMgr:805 - Attr not supported : Dmpu
2024-10-27 20:11:10,971 [ERROR] ConditionMgr:805 - Attr not supported : Dmpu
2024-10-27 20:11:10,971 [ERROR] ConditionMgr:805 - Attr not supported : Dmpu
2024-10-27 20:11:10,972 [ERROR] ConditionMgr:805 - Attr not supported : Dmpu
2024-10-27 20:11:10,972 [ERROR] ConditionMgr:805 - Attr not supported : Dmpu
2024-10-27 20:11:10,972 [ERROR] ConditionMgr:805 - Attr not supported : Dmpu
2024-10-27 20:11:10,972 [ERROR] ConditionMgr:805 - Attr not supported : Dmpu
2024-10-27 20:11:10,972 [ERROR] ConditionMgr:805 - Attr not supported : Dmpu
2024-10-27 20:11:10,972 [ERROR] ConditionMgr:805 - Attr not supported : Dmpu
2024-10-27 20:11:10,972 [ERROR] ConditionMgr:805 - Attr not supported : Dmpu
2024-10-27 20:11:10,972 [ERROR] ConditionMgr:805 - Attr not supported : Dmpu
2024-10-27 20:11:10,972 [ERROR] ConditionMgr:805 - Attr not supported : Dmpu
2024-10-27 20:11:10,972 [ERROR] ConditionMgr:805 - Attr not supported : Dmpu
2024-10-27 20:11:10,972 [ERROR] ConditionMgr:805 - Attr not supported : Dmpu
2024-10-27 20:11:10,972 [ERROR] ConditionMgr:805 - Attr not supported : Dmpu
2024-10-27 20:11:10,972 [ERROR] ConditionMgr:805 - Attr not supported : Dmpu
2024-10-27 20:11:10,972 [ERROR] ConditionMgr:805 - Attr not supported : Dmpu
2024-10-27 20:11:10,972 [ERROR] ConditionMgr:805 - Attr not supported : Dmpu
2024-10-27 20:11:10,988 [WARN] PackLoader:240 - Cannot read IP mode file for RealThread.X-CUBE-RT-Thread_Nano.4.1.1
2024-10-27 20:11:11,004 [WARN] PackLoader:240 - Cannot read IP mode file for STMicroelectronics.FP-ATR-SIGFOX1.3.2.0
2024-10-27 20:11:11,019 [WARN] PackLoader:240 - Cannot read IP mode file for wolfSSL.I-CUBE-wolfSSL.5.7.2
2024-10-27 20:11:11,038 [WARN] PackLoader:240 - Cannot read IP mode file for STMicroelectronics.X-CUBE-EEPRMA1.5.1.0
2024-10-27 20:11:11,061 [WARN] PackLoader:240 - Cannot read IP mode file for ITTIA_DB.I-CUBE-ITTIADB.8.9.0
2024-10-27 20:11:11,112 [WARN] PackLoader:240 - Cannot read IP mode file for SEGGER.I-CUBE-embOS.1.3.1
2024-10-27 20:11:11,178 [WARN] PackLoader:240 - Cannot read IP mode file for STMicroelectronics.X-CUBE-ALGOBUILD.1.4.0
2024-10-27 20:11:11,195 [WARN] PackLoader:240 - Cannot read IP mode file for STMicroelectronics.X-CUBE-AI.9.1.0
2024-10-27 20:11:11,226 [WARN] PackLoader:240 - Cannot read IP mode file for STMicroelectronics.X-CUBE-AZRTOS-F4.1.1.0
2024-10-27 20:11:11,241 [WARN] PackLoader:240 - Cannot read IP mode file for STMicroelectronics.X-CUBE-ISPU.2.1.0
2024-10-27 20:11:11,256 [WARN] PackLoader:240 - Cannot read IP mode file for STMicroelectronics.X-CUBE-FREERTOS.1.2.0
2024-10-27 20:11:11,286 [WARN] PackLoader:240 - Cannot read IP mode file for STMicroelectronics.X-CUBE-AZRTOS-L5.2.0.0
2024-10-27 20:11:11,311 [WARN] PackLoader:240 - Cannot read IP mode file for STMicroelectronics.X-CUBE-NFC6.3.1.0
2024-10-27 20:11:11,328 [WARN] PackLoader:240 - Cannot read IP mode file for STMicroelectronics.X-CUBE-DPower.1.2.0
2024-10-27 20:11:11,348 [WARN] PackLoader:240 - Cannot read IP mode file for STMicroelectronics.X-CUBE-NFC7.1.0.1
2024-10-27 20:11:11,389 [WARN] ConditionMgr:438 - getConditionDescription Invalid condition id : LAN8742 Phy interface Condition cause : null
2024-10-27 20:11:11,391 [WARN] PackLoader:240 - Cannot read IP mode file for STMicroelectronics.X-CUBE-AZRTOS-L4.2.0.0
2024-10-27 20:11:11,392 [WARN] ConditionMgr:1039 - genDependencies : Invalid condition id : LAN8742 Phy interface Condition cause : null
2024-10-27 20:11:11,392 [WARN] ConditionMgr:1039 - genDependencies : Invalid condition id : LAN8742 Phy interface Condition cause : null
2024-10-27 20:11:11,393 [WARN] ConditionMgr:1039 - genDependencies : Invalid condition id : LAN8742 Phy interface Condition cause : null
2024-10-27 20:11:11,419 [WARN] PackLoader:240 - Cannot read IP mode file for STMicroelectronics.X-CUBE-SFXS2LP1.4.0.0
2024-10-27 20:11:11,470 [WARN] PackLoader:240 - Cannot read IP mode file for STMicroelectronics.X-CUBE-AZRTOS-H7.3.3.0
2024-10-27 20:11:11,518 [WARN] PackLoader:240 - Cannot read IP mode file for STMicroelectronics.X-CUBE-IPS.3.0.0
2024-10-27 20:11:11,557 [WARN] ConditionMgr:438 - getConditionDescription Invalid condition id : UX DEVICE CLASS RTOS Condition cause : null
2024-10-27 20:11:11,557 [WARN] ConditionMgr:438 - getConditionDescription Invalid condition id : UX DEVICE CLASS RTOS Condition cause : null
2024-10-27 20:11:11,561 [WARN] PackLoader:240 - Cannot read IP mode file for STMicroelectronics.X-CUBE-AZRTOS-WB.2.0.0
2024-10-27 20:11:11,562 [WARN] ConditionMgr:1039 - genDependencies : Invalid condition id : UX DEVICE CLASS RTOS Condition cause : null
2024-10-27 20:11:11,562 [WARN] ConditionMgr:1039 - genDependencies : Invalid condition id : UX DEVICE CLASS RTOS Condition cause : null
2024-10-27 20:11:11,563 [WARN] ConditionMgr:1039 - genDependencies : Invalid condition id : UX DEVICE CLASS RTOS Condition cause : null
2024-10-27 20:11:11,563 [WARN] ConditionMgr:1039 - genDependencies : Invalid condition id : UX DEVICE CLASS RTOS Condition cause : null
2024-10-27 20:11:11,564 [WARN] ConditionMgr:1039 - genDependencies : Invalid condition id : UX DEVICE CLASS RTOS Condition cause : null
2024-10-27 20:11:11,585 [WARN] PackLoader:240 - Cannot read IP mode file for STMicroelectronics.X-CUBE-GNSS1.7.0.0
2024-10-27 20:11:11,609 [WARN] PackLoader:240 - Cannot read IP mode file for STMicroelectronics.FP-SNS-STBOX1.2.0.0
2024-10-27 20:11:11,638 [WARN] PackLoader:240 - Cannot read IP mode file for STMicroelectronics.X-CUBE-SUBG2.5.0.0
2024-10-27 20:11:11,656 [WARN] PackLoader:240 - Cannot read IP mode file for Cesanta.I-CUBE-Mongoose.7.13.0
2024-10-27 20:11:11,691 [WARN] PackLoader:240 - Cannot read IP mode file for STMicroelectronics.X-CUBE-AZRTOS-G4.2.0.0
2024-10-27 20:11:11,709 [WARN] PackLoader:240 - Cannot read IP mode file for STMicroelectronics.X-CUBE-ALS.1.0.2
2024-10-27 20:11:11,727 [WARN] PackLoader:240 - Cannot read IP mode file for STMicroelectronics.X-CUBE-TOUCHGFX.4.24.1
2024-10-27 20:11:11,745 [WARN] PackLoader:240 - Cannot read IP mode file for wolfSSL.I-CUBE-wolfTPM.3.4.0
2024-10-27 20:11:11,763 [WARN] PackLoader:240 - Cannot read IP mode file for portGmbH.I-Cube-SoM-uGOAL.1.1.0
2024-10-27 20:11:11,796 [WARN] PackLoader:240 - Cannot read IP mode file for STMicroelectronics.X-CUBE-AZRTOS-H7RS.1.0.0
2024-10-27 20:11:11,810 [WARN] PackLoader:240 - Cannot read IP mode file for STMicroelectronics.FP-ATR-ASTRA1.2.0.0
2024-10-27 20:11:11,831 [WARN] PackLoader:240 - Cannot read IP mode file for STMicroelectronics.X-CUBE-TOF1.3.4.2
2024-10-27 20:11:11,873 [WARN] PackLoader:240 - Cannot read IP mode file for Infineon.AIROC-Wi-Fi-Bluetooth-STM32.1.6.1
2024-10-27 20:11:11,892 [WARN] PackLoader:240 - Cannot read IP mode file for wolfSSL.I-CUBE-wolfSSH.1.4.17
2024-10-27 20:11:11,893 [INFO] ThirdParty:978 - Integrity check success = true
2024-10-27 20:11:11,893 [INFO] IntegrityCheckThread:100 - exiting critical section [integrity check]
2024-10-27 20:11:11,893 [INFO] IntegrityCheckThread:103 - End integrity checks thread
2024-10-27 20:11:14,004 [INFO] WebApp:167 - Instantiating new browser for Auth
2024-10-27 20:11:15,157 [INFO] WebApp:448 - Apply proxy settings
2024-10-27 20:11:15,157 [INFO] WebApp:533 - Chromium requires no authentication
2024-10-27 20:11:15,172 [INFO] WebApp:476 - Direct internet connection detected
2024-10-27 20:11:15,212 [INFO] WebApp:869 - Register for checkConnection events
2024-10-27 20:11:15,213 [INFO] WebApp:448 - Apply proxy settings
2024-10-27 20:11:15,213 [INFO] WebApp:533 - Chromium requires no authentication
2024-10-27 20:11:15,215 [INFO] WebApp:476 - Direct internet connection detected
2024-10-27 20:11:15,472 [INFO] WebApp:220 - Starting web application
2024-10-27 20:11:15,473 [INFO] WebApp:578 - Web application path used C:\ST\STM32CubeIDE_1.16.1\STM32CubeIDE\plugins\com.st.stm32cube.common.mx_6.12.1.202409122256\db\plugins\mcufinder\reactClient1\index.html
2024-10-27 20:11:15,478 [INFO] WebApp:186 - Connection restablished
2024-10-27 22:47:23,089 [INFO] WebApp:189 - Connection lost
2024-10-27 22:47:23,312 [INFO] WebApp:186 - Connection restablished
2024-10-27 22:47:32,336 [INFO] WebApp:189 - Connection lost
2024-10-27 22:47:32,513 [INFO] WebApp:186 - Connection restablished
2024-10-27 23:08:13,599 [ERROR] LogOutputStream:75 - [STDERR_REDIRECT] 
2024-10-27 23:08:13,600 [ERROR] LogOutputStream:75 - [STDERR_REDIRECT] 
