2024-10-29 15:45:04,111 [ERROR] LogOutputStream:75 - [STDERR_REDIRECT] 
2024-10-29 15:47:04,985 [INFO] Activator:176 - 


2024-10-29 15:47:04,987 [INFO] Activator:177 - !SESSION log4j initialized
2024-10-29 15:47:12,010 [INFO] LogOutputStream:77 - [STDOUT_REDIRECT] 
2024-10-29 15:47:13,174 [INFO] ApplicationProperties:184 - Using Application install path: C:\ST\STM32CubeIDE_1.16.1\STM32CubeIDE\plugins\com.st.stm32cube.common.mx_6.12.1.202409122256
2024-10-29 15:47:13,194 [INFO] DbMcusXml:78 - Set database path to: C:\ST\STM32CubeIDE_1.16.1\STM32CubeIDE\plugins\com.st.stm32cube.common.mx_6.12.1.202409122256\\db\/mcu/
2024-10-29 15:47:13,194 [INFO] ApiDb:274 - Set plugin database path to: C:\ST\STM32CubeIDE_1.16.1\STM32CubeIDE\plugins\com.st.stm32cube.common.mx_6.12.1.202409122256\\db\/plugins/boardmanager/
2024-10-29 15:47:13,194 [WARN] ApiDb:259 - Overriding images path with different value:  => C:\ST\STM32CubeIDE_1.16.1\STM32CubeIDE\plugins\com.st.stm32cube.common.mx_6.12.1.202409122256\\db\/plugins/mcufinder/images/
2024-10-29 15:47:13,206 [INFO] ApiDb:250 - Set database path to: C:\Users\tcbir\.stmcufinder\plugins\mcufinder//mcu/
2024-10-29 15:47:13,207 [INFO] DbMcusAds:125 - Set database path to: C:\Users\tcbir\.stmcufinder\plugins\mcufinder//mcu/
2024-10-29 15:47:13,210 [INFO] CrossReferenceDbSqlite:203 - Set database path to: C:\Users\tcbir\.stmcufinder\plugins\mcufinder//mcu/cs/
2024-10-29 15:47:13,336 [INFO] RulesReader:64 - Compatibility file has been processed (297 Rules)
2024-10-29 15:47:13,420 [INFO] DbMcusXml:78 - Set database path to: C:\ST\STM32CubeIDE_1.16.1\STM32CubeIDE\plugins\com.st.stm32cube.common.mx_6.12.1.202409122256\\db\/mcu/
2024-10-29 15:47:13,420 [INFO] ApiDb:274 - Set plugin database path to: C:\ST\STM32CubeIDE_1.16.1\STM32CubeIDE\plugins\com.st.stm32cube.common.mx_6.12.1.202409122256\\db\/plugins/boardmanager/
2024-10-29 15:47:13,421 [INFO] ApiDb:261 - Set plugin images path to: C:\ST\STM32CubeIDE_1.16.1\STM32CubeIDE\plugins\com.st.stm32cube.common.mx_6.12.1.202409122256\\db\/plugins/mcufinder/images/
2024-10-29 15:47:13,421 [WARN] DbFile:41 - Overriding database path with different value: C:\Users\tcbir\.stmcufinder\plugins\mcufinder/ => C:\Users\tcbir\.stmcufinder\plugins\mcufinder
2024-10-29 15:47:13,421 [INFO] ApiDb:250 - Set database path to: C:\Users\tcbir\.stmcufinder\plugins\mcufinder//mcu/
2024-10-29 15:47:13,421 [WARN] DbFile:41 - Overriding database path with different value: C:\Users\tcbir\.stmcufinder\plugins\mcufinder/ => C:\Users\tcbir\.stmcufinder\plugins\mcufinder
2024-10-29 15:47:13,421 [INFO] DbMcusAds:125 - Set database path to: C:\Users\tcbir\.stmcufinder\plugins\mcufinder//mcu/
2024-10-29 15:47:13,421 [WARN] DbFile:41 - Overriding database path with different value: C:\Users\tcbir\.stmcufinder\plugins\mcufinder/ => C:\Users\tcbir\.stmcufinder\plugins\mcufinder
2024-10-29 15:47:13,421 [WARN] DbFile:41 - Overriding database path with different value: C:\Users\tcbir\.stmcufinder\plugins\mcufinder/ => C:\Users\tcbir\.stmcufinder\plugins\mcufinder
2024-10-29 15:47:13,421 [INFO] CrossReferenceDbSqlite:203 - Set database path to: C:\Users\tcbir\.stmcufinder\plugins\mcufinder//mcu/cs/
2024-10-29 15:47:13,513 [INFO] MainPanel:268 - HeapMemory: 268435456
2024-10-29 15:47:13,629 [INFO] DbMcusXml:78 - Set database path to: C:\ST\STM32CubeIDE_1.16.1\STM32CubeIDE\plugins\com.st.stm32cube.common.mx_6.12.1.202409122256\\db\/mcu/
2024-10-29 15:47:13,629 [INFO] ApiDb:274 - Set plugin database path to: C:\ST\STM32CubeIDE_1.16.1\STM32CubeIDE\plugins\com.st.stm32cube.common.mx_6.12.1.202409122256\\db\/plugins/boardmanager/
2024-10-29 15:47:13,630 [INFO] ApiDb:261 - Set plugin images path to: C:\ST\STM32CubeIDE_1.16.1\STM32CubeIDE\plugins\com.st.stm32cube.common.mx_6.12.1.202409122256\\db\/plugins/mcufinder/images/
2024-10-29 15:47:13,630 [WARN] DbFile:41 - Overriding database path with different value: C:\Users\tcbir\.stmcufinder\plugins\mcufinder/ => C:\Users\tcbir\.stmcufinder\plugins\mcufinder
2024-10-29 15:47:13,630 [INFO] ApiDb:250 - Set database path to: C:\Users\tcbir\.stmcufinder\plugins\mcufinder//mcu/
2024-10-29 15:47:13,630 [WARN] DbFile:41 - Overriding database path with different value: C:\Users\tcbir\.stmcufinder\plugins\mcufinder/ => C:\Users\tcbir\.stmcufinder\plugins\mcufinder
2024-10-29 15:47:13,631 [INFO] DbMcusAds:125 - Set database path to: C:\Users\tcbir\.stmcufinder\plugins\mcufinder//mcu/
2024-10-29 15:47:13,631 [WARN] DbFile:41 - Overriding database path with different value: C:\Users\tcbir\.stmcufinder\plugins\mcufinder/ => C:\Users\tcbir\.stmcufinder\plugins\mcufinder
2024-10-29 15:47:13,631 [WARN] DbFile:41 - Overriding database path with different value: C:\Users\tcbir\.stmcufinder\plugins\mcufinder/ => C:\Users\tcbir\.stmcufinder\plugins\mcufinder
2024-10-29 15:47:13,631 [INFO] CrossReferenceDbSqlite:203 - Set database path to: C:\Users\tcbir\.stmcufinder\plugins\mcufinder//mcu/cs/
2024-10-29 15:47:13,650 [INFO] ApplicationProperties:184 - Using Application install path: C:\ST\STM32CubeIDE_1.16.1\STM32CubeIDE\plugins\com.st.stm32cube.common.mx_6.12.1.202409122256
2024-10-29 15:47:13,651 [INFO] PluginManage:196 - Search for loadable plugins [exclusion list=, ]
2024-10-29 15:47:13,653 [INFO] PluginManage:310 - Check plugin analytics
2024-10-29 15:47:13,836 [INFO] AnalyticsPlugin:253 - Accepted Software Licenses: 
2024-10-29 15:47:13,836 [INFO] AnalyticsPlugin:255 - Accepted CMSIS Pack Licenses: 
2024-10-29 15:47:13,836 [INFO] AnalyticsPlugin:257 - Accepted Firmware Licenses: 
2024-10-29 15:47:13,839 [INFO] PluginManage:359 - Loaded plugin analytics (category:tool,tabindex:-1)
2024-10-29 15:47:13,839 [INFO] PluginManage:310 - Check plugin cadmodel
2024-10-29 15:47:13,853 [INFO] CADModel:105 - Init CAD model plugin
2024-10-29 15:47:13,853 [INFO] PluginManage:359 - Loaded plugin cadmodel (category:power,tabindex:5)
2024-10-29 15:47:13,853 [INFO] PluginManage:310 - Check plugin clock
2024-10-29 15:47:13,871 [INFO] PluginManage:359 - Loaded plugin clock (category:base,tabindex:2)
2024-10-29 15:47:13,872 [INFO] PluginManage:310 - Check plugin ddr
2024-10-29 15:47:13,874 [INFO] PluginManage:359 - Loaded plugin ddr (category:tool,tabindex:6)
2024-10-29 15:47:13,874 [INFO] PluginManage:310 - Check plugin filemanager
2024-10-29 15:47:14,045 [INFO] PluginManage:359 - Loaded plugin filemanager (category:base,tabindex:10)
2024-10-29 15:47:14,046 [INFO] PluginManage:310 - Check plugin ipmanager
2024-10-29 15:47:14,054 [INFO] PluginManage:359 - Loaded plugin ipmanager (category:base,tabindex:5)
2024-10-29 15:47:14,054 [INFO] PluginManage:310 - Check plugin lpbam
2024-10-29 15:47:14,074 [INFO] PluginManage:359 - Loaded plugin lpbam (category:base,tabindex:0)
2024-10-29 15:47:14,074 [INFO] PluginManage:310 - Check plugin memorymap
2024-10-29 15:47:14,096 [INFO] PluginManage:359 - Loaded plugin memorymap (category:base,tabindex:4)
2024-10-29 15:47:14,096 [INFO] PluginManage:310 - Check plugin pinoutandconfiguration
2024-10-29 15:47:14,113 [INFO] PluginManage:359 - Loaded plugin pinoutandconfiguration (category:base,tabindex:1)
2024-10-29 15:47:14,114 [INFO] PluginManage:310 - Check plugin pinoutconfig
2024-10-29 15:47:14,217 [WARN] SupportedApi:132 - Cannot load RTOS API schema: s4s-elt-must-match.1: The content of 'definitions' must match (annotation?, (simpleType | complexType)?, (unique | key | keyref)*)). A problem was found starting at: attribute.
2024-10-29 15:47:14,364 [INFO] PluginManage:359 - Loaded plugin pinoutconfig (category:base,tabindex:0)
2024-10-29 15:47:14,364 [INFO] PluginManage:310 - Check plugin power
2024-10-29 15:47:14,381 [INFO] PluginManage:359 - Loaded plugin power (category:power,tabindex:4)
2024-10-29 15:47:14,381 [INFO] PluginManage:310 - Check plugin projectmanager
2024-10-29 15:47:14,398 [INFO] PluginManage:359 - Loaded plugin projectmanager (category:projectmanager,tabindex:4)
2024-10-29 15:47:14,398 [INFO] PluginManage:310 - Check plugin rif
2024-10-29 15:47:14,414 [INFO] PluginManage:359 - Loaded plugin rif (category:base,tabindex:3)
2024-10-29 15:47:14,414 [INFO] PluginManage:310 - Check plugin thirdparty
2024-10-29 15:47:14,693 [INFO] PluginManage:359 - Loaded plugin thirdparty (category:base,tabindex:-1)
2024-10-29 15:47:14,693 [WARN] IntegrityCheckThread:84 - waiting for thirdparty lock release [integrity check]
2024-10-29 15:47:14,693 [INFO] PluginManage:310 - Check plugin tools
2024-10-29 15:47:14,693 [INFO] IntegrityCheckThread:86 - entering critical section [integrity check]
2024-10-29 15:47:14,694 [INFO] ThirdPartyUpdaterWithRetryManager:70 - Updater plugin not ready yet. [1/15]
2024-10-29 15:47:14,734 [INFO] PluginManage:359 - Loaded plugin tools (category:base,tabindex:7)
2024-10-29 15:47:14,734 [INFO] PluginManage:310 - Check plugin tutovideos
2024-10-29 15:47:14,983 [INFO] PluginManage:359 - Loaded plugin tutovideos (category:base,tabindex:-1)
2024-10-29 15:47:14,983 [INFO] PluginManage:310 - Check plugin updater
2024-10-29 15:47:15,001 [INFO] PluginManage:359 - Loaded plugin updater (category:base,tabindex:12)
2024-10-29 15:47:15,002 [INFO] PluginManage:310 - Check plugin userauth
2024-10-29 15:47:15,009 [INFO] UserAuth:113 - Init User Auth plugin
2024-10-29 15:47:15,009 [INFO] PluginManage:359 - Loaded plugin userauth (category:base,tabindex:14)
2024-10-29 15:47:15,009 [INFO] PluginManage:283 - PluginManage : Loaded plugins [18]
2024-10-29 15:47:15,232 [INFO] PinOutPanel:1561 - setPackage(No Configuration,No Configuration)
2024-10-29 15:47:15,324 [INFO] CADModel:165 - CPN selected for project level
2024-10-29 15:47:15,325 [INFO] CADModel:114 - Register for checkConnection events
2024-10-29 15:47:15,353 [INFO] IPUIPlugin:80 - create IPUIPlugin
2024-10-29 15:47:15,354 [INFO] PluginManager:220 - loadIPPluginJar : add adc
2024-10-29 15:47:15,395 [INFO] IPUIPlugin:80 - create IPUIPlugin
2024-10-29 15:47:15,395 [INFO] PluginManager:220 - loadIPPluginJar : add aes
2024-10-29 15:47:15,444 [INFO] IPUIPlugin:80 - create IPUIPlugin
2024-10-29 15:47:15,444 [INFO] PluginManager:220 - loadIPPluginJar : add can
2024-10-29 15:47:15,476 [INFO] IPUIPlugin:80 - create IPUIPlugin
2024-10-29 15:47:15,476 [INFO] PluginManager:220 - loadIPPluginJar : add comp
2024-10-29 15:47:15,515 [INFO] IPUIPlugin:80 - create IPUIPlugin
2024-10-29 15:47:15,515 [INFO] PluginManager:220 - loadIPPluginJar : add cryp
2024-10-29 15:47:15,529 [INFO] IPUIPlugin:80 - create IPUIPlugin
2024-10-29 15:47:15,529 [INFO] PluginManager:220 - loadIPPluginJar : add ddr_ctrl_phy
2024-10-29 15:47:15,563 [INFO] IPUIPlugin:80 - create IPUIPlugin
2024-10-29 15:47:15,563 [INFO] PluginManager:220 - loadIPPluginJar : add dfsdm
2024-10-29 15:47:15,578 [INFO] IPUIPlugin:80 - create IPUIPlugin
2024-10-29 15:47:15,579 [INFO] PluginManager:220 - loadIPPluginJar : add dma
2024-10-29 15:47:15,629 [INFO] IPUIPlugin:80 - create IPUIPlugin
2024-10-29 15:47:15,629 [INFO] PluginManager:220 - loadIPPluginJar : add dma3
2024-10-29 15:47:15,680 [INFO] IPUIPlugin:80 - create IPUIPlugin
2024-10-29 15:47:15,680 [INFO] PluginManager:220 - loadIPPluginJar : add extmemmanager
2024-10-29 15:47:15,703 [INFO] IPUIPlugin:80 - create IPUIPlugin
2024-10-29 15:47:15,703 [INFO] PluginManager:220 - loadIPPluginJar : add fatfs
2024-10-29 15:47:15,757 [INFO] IPUIPlugin:80 - create IPUIPlugin
2024-10-29 15:47:15,757 [INFO] PluginManager:220 - loadIPPluginJar : add fmc
2024-10-29 15:47:15,771 [INFO] IPUIPlugin:80 - create IPUIPlugin
2024-10-29 15:47:15,773 [INFO] PluginManager:220 - loadIPPluginJar : add freertos
2024-10-29 15:47:15,795 [INFO] IPUIPlugin:80 - create IPUIPlugin
2024-10-29 15:47:15,796 [INFO] PluginManager:220 - loadIPPluginJar : add genericplugin
2024-10-29 15:47:15,902 [INFO] IPUIPlugin:80 - create IPUIPlugin
2024-10-29 15:47:15,904 [INFO] PluginManager:220 - loadIPPluginJar : add gfxmmu
2024-10-29 15:47:16,049 [INFO] IPUIPlugin:80 - create IPUIPlugin
2024-10-29 15:47:16,049 [INFO] PluginManager:220 - loadIPPluginJar : add gic
2024-10-29 15:47:16,068 [INFO] IPUIPlugin:80 - create IPUIPlugin
2024-10-29 15:47:16,068 [INFO] PluginManager:220 - loadIPPluginJar : add gpio
2024-10-29 15:47:16,174 [INFO] IPUIPlugin:80 - create IPUIPlugin
2024-10-29 15:47:16,174 [INFO] PluginManager:220 - loadIPPluginJar : add gtzc
2024-10-29 15:47:16,211 [INFO] IPUIPlugin:80 - create IPUIPlugin
2024-10-29 15:47:16,211 [INFO] PluginManager:220 - loadIPPluginJar : add hash
2024-10-29 15:47:16,270 [INFO] IPUIPlugin:80 - create IPUIPlugin
2024-10-29 15:47:16,271 [INFO] PluginManager:220 - loadIPPluginJar : add i2c
2024-10-29 15:47:16,316 [INFO] IPUIPlugin:80 - create IPUIPlugin
2024-10-29 15:47:16,316 [INFO] PluginManager:220 - loadIPPluginJar : add i2s
2024-10-29 15:47:16,363 [INFO] IPUIPlugin:80 - create IPUIPlugin
2024-10-29 15:47:16,363 [INFO] PluginManager:220 - loadIPPluginJar : add i3c
2024-10-29 15:47:16,487 [INFO] IPUIPlugin:80 - create IPUIPlugin
2024-10-29 15:47:16,487 [INFO] PluginManager:220 - loadIPPluginJar : add ipddr
2024-10-29 15:47:16,601 [INFO] IPUIPlugin:80 - create IPUIPlugin
2024-10-29 15:47:16,601 [INFO] PluginManager:220 - loadIPPluginJar : add linkedlist
2024-10-29 15:47:16,641 [INFO] IPUIPlugin:80 - create IPUIPlugin
2024-10-29 15:47:16,642 [INFO] PluginManager:220 - loadIPPluginJar : add lorawan
2024-10-29 15:47:16,683 [INFO] IPUIPlugin:80 - create IPUIPlugin
2024-10-29 15:47:16,683 [INFO] PluginManager:220 - loadIPPluginJar : add ltdc
2024-10-29 15:47:16,697 [INFO] IPUIPlugin:80 - create IPUIPlugin
2024-10-29 15:47:16,697 [INFO] PluginManager:220 - loadIPPluginJar : add mdma
2024-10-29 15:47:16,710 [INFO] IPUIPlugin:80 - create IPUIPlugin
2024-10-29 15:47:16,711 [INFO] PluginManager:220 - loadIPPluginJar : add nvic
2024-10-29 15:47:16,751 [INFO] IPUIPlugin:80 - create IPUIPlugin
2024-10-29 15:47:16,751 [INFO] PluginManager:220 - loadIPPluginJar : add opamp
2024-10-29 15:47:16,819 [INFO] IPUIPlugin:80 - create IPUIPlugin
2024-10-29 15:47:16,820 [INFO] PluginManager:220 - loadIPPluginJar : add openamp
2024-10-29 15:47:16,868 [INFO] IPUIPlugin:80 - create IPUIPlugin
2024-10-29 15:47:16,868 [INFO] PluginManager:220 - loadIPPluginJar : add pdm2pcm
2024-10-29 15:47:16,883 [INFO] IPUIPlugin:80 - create IPUIPlugin
2024-10-29 15:47:16,885 [INFO] PluginManager:220 - loadIPPluginJar : add plateformsettings
2024-10-29 15:47:16,911 [INFO] IPUIPlugin:80 - create IPUIPlugin
2024-10-29 15:47:16,911 [INFO] PluginManager:220 - loadIPPluginJar : add quadspi
2024-10-29 15:47:16,941 [INFO] IPUIPlugin:80 - create IPUIPlugin
2024-10-29 15:47:16,942 [INFO] PluginManager:220 - loadIPPluginJar : add radio
2024-10-29 15:47:16,954 [INFO] IPUIPlugin:80 - create IPUIPlugin
2024-10-29 15:47:16,954 [INFO] PluginManager:220 - loadIPPluginJar : add resmgrutility
2024-10-29 15:47:17,011 [INFO] IPUIPlugin:80 - create IPUIPlugin
2024-10-29 15:47:17,011 [INFO] PluginManager:220 - loadIPPluginJar : add sai
2024-10-29 15:47:17,053 [INFO] IPUIPlugin:80 - create IPUIPlugin
2024-10-29 15:47:17,053 [INFO] PluginManager:220 - loadIPPluginJar : add spi
2024-10-29 15:47:17,131 [INFO] IPUIPlugin:80 - create IPUIPlugin
2024-10-29 15:47:17,132 [INFO] PluginManager:220 - loadIPPluginJar : add stm32_wpan
2024-10-29 15:47:17,161 [INFO] IPUIPlugin:80 - create IPUIPlugin
2024-10-29 15:47:17,161 [INFO] PluginManager:220 - loadIPPluginJar : add tim
2024-10-29 15:47:17,229 [INFO] IPUIPlugin:80 - create IPUIPlugin
2024-10-29 15:47:17,229 [INFO] PluginManager:220 - loadIPPluginJar : add touchsensing
2024-10-29 15:47:17,255 [INFO] IPUIPlugin:80 - create IPUIPlugin
2024-10-29 15:47:17,255 [INFO] PluginManager:220 - loadIPPluginJar : add tracer_emb
2024-10-29 15:47:17,280 [INFO] IPUIPlugin:80 - create IPUIPlugin
2024-10-29 15:47:17,281 [INFO] PluginManager:220 - loadIPPluginJar : add ts
2024-10-29 15:47:17,305 [INFO] IPUIPlugin:80 - create IPUIPlugin
2024-10-29 15:47:17,305 [INFO] PluginManager:220 - loadIPPluginJar : add tsc
2024-10-29 15:47:17,329 [INFO] IPUIPlugin:80 - create IPUIPlugin
2024-10-29 15:47:17,329 [INFO] PluginManager:220 - loadIPPluginJar : add ucpd
2024-10-29 15:47:17,377 [INFO] IPUIPlugin:80 - create IPUIPlugin
2024-10-29 15:47:17,377 [INFO] PluginManager:220 - loadIPPluginJar : add usart
2024-10-29 15:47:17,425 [INFO] IPUIPlugin:80 - create IPUIPlugin
2024-10-29 15:47:17,425 [INFO] PluginManager:220 - loadIPPluginJar : add usbx
2024-10-29 15:47:17,557 [INFO] CADModel:165 - CPN selected for project level
2024-10-29 15:47:17,557 [INFO] CADModel:114 - Register for checkConnection events
2024-10-29 15:47:17,558 [FATAL] Updater:334 - Updater called before beeing initialized
2024-10-29 15:47:17,558 [ERROR] CADModel:125 - Updater not yet initialized, retry later 
2024-10-29 15:47:17,695 [INFO] ThirdPartyUpdaterWithRetryManager:70 - Updater plugin not ready yet. [2/15]
2024-10-29 15:47:17,723 [INFO] CADModel:165 - CPN selected for project level
2024-10-29 15:47:17,723 [INFO] CADModel:114 - Register for checkConnection events
2024-10-29 15:47:17,723 [FATAL] Updater:334 - Updater called before beeing initialized
2024-10-29 15:47:17,723 [ERROR] CADModel:125 - Updater not yet initialized, retry later 
2024-10-29 15:47:17,726 [FATAL] Updater:334 - Updater called before beeing initialized
2024-10-29 15:47:17,823 [FATAL] Updater:334 - Updater called before beeing initialized
2024-10-29 15:47:17,835 [INFO] DbMcusAds:53 - JSON generation date=Fri Sep 20 09:04:23 EDT 2024 (1726837463113)
2024-10-29 15:47:17,835 [FATAL] Updater:334 - Updater called before beeing initialized
2024-10-29 15:47:17,872 [WARN] DetailPanel:346 - Failed to get advertising image, set to default
2024-10-29 15:47:17,971 [FATAL] Updater:334 - Updater called before beeing initialized
2024-10-29 15:47:17,973 [FATAL] Updater:334 - Updater called before beeing initialized
2024-10-29 15:47:17,973 [FATAL] Updater:334 - Updater called before beeing initialized
2024-10-29 15:47:17,973 [WARN] DetailPanel:346 - Failed to get advertising image, set to default
2024-10-29 15:47:17,974 [FATAL] Updater:334 - Updater called before beeing initialized
2024-10-29 15:47:18,074 [ERROR] Updater:1164 - MainUpdater not yet initialized. External WinMGr cannot be set.
2024-10-29 15:47:18,086 [INFO] Updater:1100 - Updater Version found : 6.12.1
2024-10-29 15:47:18,109 [INFO] ApplicationProperties:184 - Using Application install path: C:\ST\STM32CubeIDE_1.16.1\STM32CubeIDE\plugins\com.st.stm32cube.common.mx_6.12.1.202409122256
2024-10-29 15:47:19,709 [ERROR] LogOutputStream:75 - [STDERR_REDIRECT] Oct 29, 2024 3:47:19 PM java.util.prefs.WindowsPreferences <init>
2024-10-29 15:47:19,711 [ERROR] LogOutputStream:75 - [STDERR_REDIRECT] WARNING: Could not open/create prefs root node Software\JavaSoft\Prefs at root 0xffffffff80000002. Windows RegCreateKeyEx(...) returned error code 5.
2024-10-29 15:47:19,711 [ERROR] LogOutputStream:75 - [STDERR_REDIRECT] 
2024-10-29 15:47:20,352 [INFO] MainUpdater:2873 - connection check result : 10
2024-10-29 15:47:20,353 [INFO] MainUpdater:3567 - Updater definition file requires update
2024-10-29 15:47:20,355 [INFO] MainUpdater:290 - Updater Check For Update Now.
2024-10-29 15:47:20,355 [INFO] MicroXplorer:498 - Change Database Version : DB.6.0.121
2024-10-29 15:47:20,379 [INFO] McuFinderGlobals:63 - Set McuFinder mode to 2 (CubeIDE integrated)
2024-10-29 15:47:20,379 [INFO] UserAuth:179 - activating auth plugin
2024-10-29 15:47:20,382 [INFO] UserAuth:417 - Internet connection configuration mode: 1
2024-10-29 15:47:20,412 [INFO] JxBrowserEngine:152 - Initiate JxBrowser Engine with user profile folder
2024-10-29 15:47:20,623 [INFO] ServerAccessManage:473 - Download File updaters.zip
2024-10-29 15:47:20,697 [WARN] MainUpdater:1194 - Updater busy. Cannot search thirdparties
2024-10-29 15:47:20,697 [INFO] ThirdPartyUpdaterWithRetryManager:96 - Updater plugin is busy. [1/15]
2024-10-29 15:47:20,785 [INFO] FileExtend:240 - Unzip File : updaters.zip
2024-10-29 15:47:20,785 [INFO] FileExtend:255 - Standard Zip Deflate
2024-10-29 15:47:21,301 [INFO] ServerAccessManage:473 - Download File PacksControlFlags.xml
2024-10-29 15:47:21,579 [INFO] ServerAccessManage:473 - Download File cubemx.pidx
2024-10-29 15:47:21,751 [INFO] LoadServerUpdatesThread:375 - End of LoadServerUpdate Thread
2024-10-29 15:47:22,076 [INFO] CheckServerUpdateThread:120 - End of CheckServer Thread
2024-10-29 15:47:23,924 [WARN] PackLoader:240 - Cannot read IP mode file for STMicroelectronics.FP-SNS-MOTENVWB1.1.4.0
2024-10-29 15:47:23,948 [WARN] PackLoader:240 - Cannot read IP mode file for STMicroelectronics.X-CUBE-SMBUS.2.1.0
2024-10-29 15:47:23,969 [WARN] PackLoader:240 - Cannot read IP mode file for STMicroelectronics.X-CUBE-WB05N.1.1.0
2024-10-29 15:47:24,024 [WARN] PackLoader:240 - Cannot read IP mode file for STMicroelectronics.X-CUBE-AZRTOS-F7.1.1.0
2024-10-29 15:47:24,133 [WARN] PackLoader:240 - Cannot read IP mode file for STMicroelectronics.X-CUBE-MEMS1.11.0.0
2024-10-29 15:47:24,335 [WARN] PackLoader:240 - Cannot read IP mode file for STMicroelectronics.FP-SNS-FLIGHT1.5.0.2
2024-10-29 15:47:24,355 [WARN] PackLoader:240 - Cannot read IP mode file for STMicroelectronics.X-CUBE-DISPLAY.3.0.0
2024-10-29 15:47:24,377 [WARN] PackLoader:240 - Cannot read IP mode file for STMicroelectronics.X-CUBE-BLE1.7.0.0
2024-10-29 15:47:24,400 [WARN] PackLoader:240 - Cannot read IP mode file for STMicroelectronics.X-CUBE-NFC10.1.0.0
2024-10-29 15:47:24,422 [WARN] PackLoader:240 - Cannot read IP mode file for emotas.I-CUBE-CANOPEN.1.3.0
2024-10-29 15:47:24,442 [WARN] PackLoader:240 - Cannot read IP mode file for STMicroelectronics.X-CUBE-BLEMGR.3.1.0
2024-10-29 15:47:24,457 [WARN] PackLoader:240 - Cannot read IP mode file for STMicroelectronics.FP-SNS-SMARTAG2.1.2.0
2024-10-29 15:47:24,482 [INFO] LogOutputStream:77 - [STDOUT_REDIRECT] 1 : Invalid condition id : UX_CORESTACK_Condition cause : null
2024-10-29 15:47:24,483 [INFO] LogOutputStream:77 - [STDOUT_REDIRECT] 1 : Invalid condition id : UX_CORESTACK_Condition cause : null
2024-10-29 15:47:24,485 [INFO] LogOutputStream:77 - [STDOUT_REDIRECT] 1 : Invalid condition id : UX_CORESTACK_Condition cause : null
2024-10-29 15:47:24,487 [INFO] LogOutputStream:77 - [STDOUT_REDIRECT] 1 : Invalid condition id : UX_CORESTACK_Condition cause : null
2024-10-29 15:47:24,488 [INFO] LogOutputStream:77 - [STDOUT_REDIRECT] 1 : Invalid condition id : UX_CORESTACK_Condition cause : null
2024-10-29 15:47:24,492 [WARN] PackLoader:240 - Cannot read IP mode file for STMicroelectronics.X-CUBE-AZRTOS-WL.2.0.0
2024-10-29 15:47:24,513 [WARN] PackLoader:240 - Cannot read IP mode file for STMicroelectronics.FP-SNS-MOTENV1.5.0.0
2024-10-29 15:47:24,532 [WARN] PackLoader:240 - Cannot read IP mode file for wolfSSL.I-CUBE-wolfMQTT.1.19.0
2024-10-29 15:47:24,552 [WARN] PackLoader:240 - Cannot read IP mode file for WES.I-CUBE-Cesium.1.3.0
2024-10-29 15:47:24,571 [WARN] PackLoader:240 - Cannot read IP mode file for STMicroelectronics.X-CUBE-BLE2.3.3.0
2024-10-29 15:47:24,591 [WARN] PackLoader:240 - Cannot read IP mode file for STMicroelectronics.X-CUBE-NFC9.1.0.0
2024-10-29 15:47:24,613 [WARN] PackLoader:240 - Cannot read IP mode file for STMicroelectronics.X-CUBE-TCPP.4.1.0
2024-10-29 15:47:24,648 [WARN] PackLoader:240 - Cannot read IP mode file for STMicroelectronics.X-CUBE-AZRTOS-G0.1.1.0
2024-10-29 15:47:24,674 [WARN] PackLoader:240 - Cannot read IP mode file for STMicroelectronics.X-CUBE-SAFEA1.1.2.2
2024-10-29 15:47:24,698 [WARN] PackLoader:240 - Cannot read IP mode file for STMicroelectronics.X-CUBE-NFC4.3.0.0
2024-10-29 15:47:24,721 [WARN] PackLoader:240 - Cannot read IP mode file for EmbeddedOffice.I-CUBE-FS-RTOS.1.0.1
2024-10-29 15:47:24,722 [ERROR] ConditionMgr:805 - Attr not supported : Dmpu
2024-10-29 15:47:24,722 [ERROR] ConditionMgr:805 - Attr not supported : Dmpu
2024-10-29 15:47:24,722 [ERROR] ConditionMgr:805 - Attr not supported : Dmpu
2024-10-29 15:47:24,722 [ERROR] ConditionMgr:805 - Attr not supported : Dmpu
2024-10-29 15:47:24,722 [ERROR] ConditionMgr:805 - Attr not supported : Dmpu
2024-10-29 15:47:24,723 [ERROR] ConditionMgr:805 - Attr not supported : Dmpu
2024-10-29 15:47:24,723 [ERROR] ConditionMgr:805 - Attr not supported : Dmpu
2024-10-29 15:47:24,723 [ERROR] ConditionMgr:805 - Attr not supported : Dmpu
2024-10-29 15:47:24,723 [ERROR] ConditionMgr:805 - Attr not supported : Dmpu
2024-10-29 15:47:24,723 [ERROR] ConditionMgr:805 - Attr not supported : Dmpu
2024-10-29 15:47:24,723 [ERROR] ConditionMgr:805 - Attr not supported : Dmpu
2024-10-29 15:47:24,723 [ERROR] ConditionMgr:805 - Attr not supported : Dmpu
2024-10-29 15:47:24,723 [ERROR] ConditionMgr:805 - Attr not supported : Dmpu
2024-10-29 15:47:24,723 [ERROR] ConditionMgr:805 - Attr not supported : Dmpu
2024-10-29 15:47:24,723 [ERROR] ConditionMgr:805 - Attr not supported : Dmpu
2024-10-29 15:47:24,724 [ERROR] ConditionMgr:805 - Attr not supported : Dmpu
2024-10-29 15:47:24,724 [ERROR] ConditionMgr:805 - Attr not supported : Dmpu
2024-10-29 15:47:24,724 [ERROR] ConditionMgr:805 - Attr not supported : Dmpu
2024-10-29 15:47:24,724 [ERROR] ConditionMgr:805 - Attr not supported : Dmpu
2024-10-29 15:47:24,724 [ERROR] ConditionMgr:805 - Attr not supported : Dmpu
2024-10-29 15:47:24,724 [ERROR] ConditionMgr:805 - Attr not supported : Dmpu
2024-10-29 15:47:24,724 [ERROR] ConditionMgr:805 - Attr not supported : Dmpu
2024-10-29 15:47:24,724 [ERROR] ConditionMgr:805 - Attr not supported : Dmpu
2024-10-29 15:47:24,724 [ERROR] ConditionMgr:805 - Attr not supported : Dmpu
2024-10-29 15:47:24,724 [ERROR] ConditionMgr:805 - Attr not supported : Dmpu
2024-10-29 15:47:24,725 [ERROR] ConditionMgr:805 - Attr not supported : Dmpu
2024-10-29 15:47:24,725 [ERROR] ConditionMgr:805 - Attr not supported : Dmpu
2024-10-29 15:47:24,725 [ERROR] ConditionMgr:805 - Attr not supported : Dmpu
2024-10-29 15:47:24,725 [ERROR] ConditionMgr:805 - Attr not supported : Dmpu
2024-10-29 15:47:24,725 [ERROR] ConditionMgr:805 - Attr not supported : Dmpu
2024-10-29 15:47:24,725 [ERROR] ConditionMgr:805 - Attr not supported : Dmpu
2024-10-29 15:47:24,725 [ERROR] ConditionMgr:805 - Attr not supported : Dmpu
2024-10-29 15:47:24,725 [ERROR] ConditionMgr:805 - Attr not supported : Dmpu
2024-10-29 15:47:24,725 [ERROR] ConditionMgr:805 - Attr not supported : Dmpu
2024-10-29 15:47:24,725 [ERROR] ConditionMgr:805 - Attr not supported : Dmpu
2024-10-29 15:47:24,725 [ERROR] ConditionMgr:805 - Attr not supported : Dmpu
2024-10-29 15:47:24,726 [ERROR] ConditionMgr:805 - Attr not supported : Dmpu
2024-10-29 15:47:24,726 [ERROR] ConditionMgr:805 - Attr not supported : Dmpu
2024-10-29 15:47:24,726 [ERROR] ConditionMgr:805 - Attr not supported : Dmpu
2024-10-29 15:47:24,726 [ERROR] ConditionMgr:805 - Attr not supported : Dmpu
2024-10-29 15:47:24,726 [ERROR] ConditionMgr:805 - Attr not supported : Dmpu
2024-10-29 15:47:24,726 [ERROR] ConditionMgr:805 - Attr not supported : Dmpu
2024-10-29 15:47:24,726 [ERROR] ConditionMgr:805 - Attr not supported : Dmpu
2024-10-29 15:47:24,726 [ERROR] ConditionMgr:805 - Attr not supported : Dmpu
2024-10-29 15:47:24,726 [ERROR] ConditionMgr:805 - Attr not supported : Dmpu
2024-10-29 15:47:24,726 [ERROR] ConditionMgr:805 - Attr not supported : Dmpu
2024-10-29 15:47:24,727 [ERROR] ConditionMgr:805 - Attr not supported : Dmpu
2024-10-29 15:47:24,727 [ERROR] ConditionMgr:805 - Attr not supported : Dmpu
2024-10-29 15:47:24,727 [ERROR] ConditionMgr:805 - Attr not supported : Dmpu
2024-10-29 15:47:24,727 [ERROR] ConditionMgr:805 - Attr not supported : Dmpu
2024-10-29 15:47:24,727 [ERROR] ConditionMgr:805 - Attr not supported : Dmpu
2024-10-29 15:47:24,727 [ERROR] ConditionMgr:805 - Attr not supported : Dmpu
2024-10-29 15:47:24,727 [ERROR] ConditionMgr:805 - Attr not supported : Dmpu
2024-10-29 15:47:24,727 [ERROR] ConditionMgr:805 - Attr not supported : Dmpu
2024-10-29 15:47:24,727 [ERROR] ConditionMgr:805 - Attr not supported : Dmpu
2024-10-29 15:47:24,727 [ERROR] ConditionMgr:805 - Attr not supported : Dmpu
2024-10-29 15:47:24,728 [ERROR] ConditionMgr:805 - Attr not supported : Dmpu
2024-10-29 15:47:24,728 [ERROR] ConditionMgr:805 - Attr not supported : Dmpu
2024-10-29 15:47:24,728 [ERROR] ConditionMgr:805 - Attr not supported : Dmpu
2024-10-29 15:47:24,728 [ERROR] ConditionMgr:805 - Attr not supported : Dmpu
2024-10-29 15:47:24,728 [ERROR] ConditionMgr:805 - Attr not supported : Dmpu
2024-10-29 15:47:24,728 [ERROR] ConditionMgr:805 - Attr not supported : Dmpu
2024-10-29 15:47:24,728 [ERROR] ConditionMgr:805 - Attr not supported : Dmpu
2024-10-29 15:47:24,728 [ERROR] ConditionMgr:805 - Attr not supported : Dmpu
2024-10-29 15:47:24,745 [WARN] PackLoader:240 - Cannot read IP mode file for RealThread.X-CUBE-RT-Thread_Nano.4.1.1
2024-10-29 15:47:24,761 [WARN] PackLoader:240 - Cannot read IP mode file for STMicroelectronics.FP-ATR-SIGFOX1.3.2.0
2024-10-29 15:47:24,778 [WARN] PackLoader:240 - Cannot read IP mode file for wolfSSL.I-CUBE-wolfSSL.5.7.2
2024-10-29 15:47:24,798 [WARN] PackLoader:240 - Cannot read IP mode file for STMicroelectronics.X-CUBE-EEPRMA1.5.1.0
2024-10-29 15:47:24,817 [WARN] PackLoader:240 - Cannot read IP mode file for ITTIA_DB.I-CUBE-ITTIADB.8.9.0
2024-10-29 15:47:24,888 [WARN] PackLoader:240 - Cannot read IP mode file for SEGGER.I-CUBE-embOS.1.3.1
2024-10-29 15:47:24,982 [WARN] PackLoader:240 - Cannot read IP mode file for STMicroelectronics.X-CUBE-ALGOBUILD.1.4.0
2024-10-29 15:47:25,020 [WARN] PackLoader:240 - Cannot read IP mode file for STMicroelectronics.X-CUBE-AI.9.1.0
2024-10-29 15:47:25,064 [WARN] PackLoader:240 - Cannot read IP mode file for STMicroelectronics.X-CUBE-AZRTOS-F4.1.1.0
2024-10-29 15:47:25,087 [WARN] PackLoader:240 - Cannot read IP mode file for STMicroelectronics.X-CUBE-ISPU.2.1.0
2024-10-29 15:47:25,106 [WARN] PackLoader:240 - Cannot read IP mode file for STMicroelectronics.X-CUBE-FREERTOS.1.2.0
2024-10-29 15:47:25,146 [WARN] PackLoader:240 - Cannot read IP mode file for STMicroelectronics.X-CUBE-AZRTOS-L5.2.0.0
2024-10-29 15:47:25,168 [WARN] PackLoader:240 - Cannot read IP mode file for STMicroelectronics.X-CUBE-NFC6.3.1.0
2024-10-29 15:47:25,188 [WARN] PackLoader:240 - Cannot read IP mode file for STMicroelectronics.X-CUBE-DPower.1.2.0
2024-10-29 15:47:25,208 [WARN] PackLoader:240 - Cannot read IP mode file for STMicroelectronics.X-CUBE-NFC7.1.0.1
2024-10-29 15:47:25,244 [WARN] ConditionMgr:438 - getConditionDescription Invalid condition id : LAN8742 Phy interface Condition cause : null
2024-10-29 15:47:25,245 [WARN] PackLoader:240 - Cannot read IP mode file for STMicroelectronics.X-CUBE-AZRTOS-L4.2.0.0
2024-10-29 15:47:25,247 [WARN] ConditionMgr:1039 - genDependencies : Invalid condition id : LAN8742 Phy interface Condition cause : null
2024-10-29 15:47:25,247 [WARN] ConditionMgr:1039 - genDependencies : Invalid condition id : LAN8742 Phy interface Condition cause : null
2024-10-29 15:47:25,247 [WARN] ConditionMgr:1039 - genDependencies : Invalid condition id : LAN8742 Phy interface Condition cause : null
2024-10-29 15:47:25,270 [WARN] PackLoader:240 - Cannot read IP mode file for STMicroelectronics.X-CUBE-SFXS2LP1.4.0.0
2024-10-29 15:47:25,306 [WARN] PackLoader:240 - Cannot read IP mode file for STMicroelectronics.X-CUBE-AZRTOS-H7.3.3.0
2024-10-29 15:47:25,332 [WARN] PackLoader:240 - Cannot read IP mode file for STMicroelectronics.X-CUBE-IPS.3.0.0
2024-10-29 15:47:25,370 [WARN] ConditionMgr:438 - getConditionDescription Invalid condition id : UX DEVICE CLASS RTOS Condition cause : null
2024-10-29 15:47:25,370 [WARN] ConditionMgr:438 - getConditionDescription Invalid condition id : UX DEVICE CLASS RTOS Condition cause : null
2024-10-29 15:47:25,373 [WARN] PackLoader:240 - Cannot read IP mode file for STMicroelectronics.X-CUBE-AZRTOS-WB.2.0.0
2024-10-29 15:47:25,374 [WARN] ConditionMgr:1039 - genDependencies : Invalid condition id : UX DEVICE CLASS RTOS Condition cause : null
2024-10-29 15:47:25,374 [WARN] ConditionMgr:1039 - genDependencies : Invalid condition id : UX DEVICE CLASS RTOS Condition cause : null
2024-10-29 15:47:25,374 [WARN] ConditionMgr:1039 - genDependencies : Invalid condition id : UX DEVICE CLASS RTOS Condition cause : null
2024-10-29 15:47:25,375 [WARN] ConditionMgr:1039 - genDependencies : Invalid condition id : UX DEVICE CLASS RTOS Condition cause : null
2024-10-29 15:47:25,375 [WARN] ConditionMgr:1039 - genDependencies : Invalid condition id : UX DEVICE CLASS RTOS Condition cause : null
2024-10-29 15:47:25,395 [WARN] PackLoader:240 - Cannot read IP mode file for STMicroelectronics.X-CUBE-GNSS1.7.0.0
2024-10-29 15:47:25,418 [WARN] PackLoader:240 - Cannot read IP mode file for STMicroelectronics.FP-SNS-STBOX1.2.0.0
2024-10-29 15:47:25,442 [WARN] PackLoader:240 - Cannot read IP mode file for STMicroelectronics.X-CUBE-SUBG2.5.0.0
2024-10-29 15:47:25,458 [WARN] PackLoader:240 - Cannot read IP mode file for Cesanta.I-CUBE-Mongoose.7.13.0
2024-10-29 15:47:25,486 [WARN] PackLoader:240 - Cannot read IP mode file for STMicroelectronics.X-CUBE-AZRTOS-G4.2.0.0
2024-10-29 15:47:25,502 [WARN] PackLoader:240 - Cannot read IP mode file for STMicroelectronics.X-CUBE-ALS.1.0.2
2024-10-29 15:47:25,518 [WARN] PackLoader:240 - Cannot read IP mode file for STMicroelectronics.X-CUBE-TOUCHGFX.4.24.1
2024-10-29 15:47:25,532 [WARN] PackLoader:240 - Cannot read IP mode file for wolfSSL.I-CUBE-wolfTPM.3.4.0
2024-10-29 15:47:25,550 [WARN] PackLoader:240 - Cannot read IP mode file for portGmbH.I-Cube-SoM-uGOAL.1.1.0
2024-10-29 15:47:25,589 [WARN] PackLoader:240 - Cannot read IP mode file for STMicroelectronics.X-CUBE-AZRTOS-H7RS.1.0.0
2024-10-29 15:47:25,609 [WARN] PackLoader:240 - Cannot read IP mode file for STMicroelectronics.FP-ATR-ASTRA1.2.0.0
2024-10-29 15:47:25,645 [WARN] PackLoader:240 - Cannot read IP mode file for STMicroelectronics.X-CUBE-TOF1.3.4.2
2024-10-29 15:47:25,710 [WARN] PackLoader:240 - Cannot read IP mode file for Infineon.AIROC-Wi-Fi-Bluetooth-STM32.1.6.1
2024-10-29 15:47:25,731 [WARN] PackLoader:240 - Cannot read IP mode file for wolfSSL.I-CUBE-wolfSSH.1.4.17
2024-10-29 15:47:25,732 [INFO] ThirdParty:978 - Integrity check success = true
2024-10-29 15:47:25,732 [INFO] IntegrityCheckThread:100 - exiting critical section [integrity check]
2024-10-29 15:47:25,733 [INFO] IntegrityCheckThread:103 - End integrity checks thread
2024-10-29 15:47:27,881 [INFO] WebApp:167 - Instantiating new browser for Auth
2024-10-29 15:47:28,779 [INFO] WebApp:448 - Apply proxy settings
2024-10-29 15:47:28,779 [INFO] WebApp:533 - Chromium requires no authentication
2024-10-29 15:47:28,790 [INFO] WebApp:476 - Direct internet connection detected
2024-10-29 15:47:28,825 [INFO] WebApp:869 - Register for checkConnection events
2024-10-29 15:47:28,825 [INFO] WebApp:448 - Apply proxy settings
2024-10-29 15:47:28,825 [INFO] WebApp:533 - Chromium requires no authentication
2024-10-29 15:47:28,825 [INFO] WebApp:476 - Direct internet connection detected
2024-10-29 15:47:29,050 [INFO] WebApp:220 - Starting web application
2024-10-29 15:47:29,050 [INFO] WebApp:578 - Web application path used C:\ST\STM32CubeIDE_1.16.1\STM32CubeIDE\plugins\com.st.stm32cube.common.mx_6.12.1.202409122256\db\plugins\mcufinder\reactClient1\index.html
2024-10-29 15:47:29,428 [INFO] WebApp:186 - Connection restablished
2024-10-29 15:49:56,898 [ERROR] LogOutputStream:75 - [STDERR_REDIRECT] 
2024-10-29 15:49:56,899 [ERROR] LogOutputStream:75 - [STDERR_REDIRECT] 
2024-10-29 15:50:20,392 [INFO] Activator:176 - 


2024-10-29 15:50:20,394 [INFO] Activator:177 - !SESSION log4j initialized
2024-10-29 15:50:25,457 [INFO] LogOutputStream:77 - [STDOUT_REDIRECT] 
2024-10-29 15:50:26,262 [INFO] ApplicationProperties:184 - Using Application install path: C:\ST\STM32CubeIDE_1.16.1\STM32CubeIDE\plugins\com.st.stm32cube.common.mx_6.12.1.202409122256
2024-10-29 15:50:26,279 [INFO] DbMcusXml:78 - Set database path to: C:\ST\STM32CubeIDE_1.16.1\STM32CubeIDE\plugins\com.st.stm32cube.common.mx_6.12.1.202409122256\\db\/mcu/
2024-10-29 15:50:26,279 [INFO] ApiDb:274 - Set plugin database path to: C:\ST\STM32CubeIDE_1.16.1\STM32CubeIDE\plugins\com.st.stm32cube.common.mx_6.12.1.202409122256\\db\/plugins/boardmanager/
2024-10-29 15:50:26,280 [WARN] ApiDb:259 - Overriding images path with different value:  => C:\ST\STM32CubeIDE_1.16.1\STM32CubeIDE\plugins\com.st.stm32cube.common.mx_6.12.1.202409122256\\db\/plugins/mcufinder/images/
2024-10-29 15:50:26,286 [INFO] ApiDb:250 - Set database path to: C:\Users\tcbir\.stmcufinder\plugins\mcufinder//mcu/
2024-10-29 15:50:26,287 [INFO] DbMcusAds:125 - Set database path to: C:\Users\tcbir\.stmcufinder\plugins\mcufinder//mcu/
2024-10-29 15:50:26,290 [INFO] CrossReferenceDbSqlite:203 - Set database path to: C:\Users\tcbir\.stmcufinder\plugins\mcufinder//mcu/cs/
2024-10-29 15:50:26,415 [INFO] RulesReader:64 - Compatibility file has been processed (297 Rules)
2024-10-29 15:50:26,490 [INFO] DbMcusXml:78 - Set database path to: C:\ST\STM32CubeIDE_1.16.1\STM32CubeIDE\plugins\com.st.stm32cube.common.mx_6.12.1.202409122256\\db\/mcu/
2024-10-29 15:50:26,490 [INFO] ApiDb:274 - Set plugin database path to: C:\ST\STM32CubeIDE_1.16.1\STM32CubeIDE\plugins\com.st.stm32cube.common.mx_6.12.1.202409122256\\db\/plugins/boardmanager/
2024-10-29 15:50:26,490 [INFO] ApiDb:261 - Set plugin images path to: C:\ST\STM32CubeIDE_1.16.1\STM32CubeIDE\plugins\com.st.stm32cube.common.mx_6.12.1.202409122256\\db\/plugins/mcufinder/images/
2024-10-29 15:50:26,490 [WARN] DbFile:41 - Overriding database path with different value: C:\Users\tcbir\.stmcufinder\plugins\mcufinder/ => C:\Users\tcbir\.stmcufinder\plugins\mcufinder
2024-10-29 15:50:26,491 [INFO] ApiDb:250 - Set database path to: C:\Users\tcbir\.stmcufinder\plugins\mcufinder//mcu/
2024-10-29 15:50:26,491 [WARN] DbFile:41 - Overriding database path with different value: C:\Users\tcbir\.stmcufinder\plugins\mcufinder/ => C:\Users\tcbir\.stmcufinder\plugins\mcufinder
2024-10-29 15:50:26,491 [INFO] DbMcusAds:125 - Set database path to: C:\Users\tcbir\.stmcufinder\plugins\mcufinder//mcu/
2024-10-29 15:50:26,491 [WARN] DbFile:41 - Overriding database path with different value: C:\Users\tcbir\.stmcufinder\plugins\mcufinder/ => C:\Users\tcbir\.stmcufinder\plugins\mcufinder
2024-10-29 15:50:26,491 [WARN] DbFile:41 - Overriding database path with different value: C:\Users\tcbir\.stmcufinder\plugins\mcufinder/ => C:\Users\tcbir\.stmcufinder\plugins\mcufinder
2024-10-29 15:50:26,491 [INFO] CrossReferenceDbSqlite:203 - Set database path to: C:\Users\tcbir\.stmcufinder\plugins\mcufinder//mcu/cs/
2024-10-29 15:50:26,566 [INFO] MainPanel:268 - HeapMemory: 268435456
2024-10-29 15:50:26,655 [INFO] DbMcusXml:78 - Set database path to: C:\ST\STM32CubeIDE_1.16.1\STM32CubeIDE\plugins\com.st.stm32cube.common.mx_6.12.1.202409122256\\db\/mcu/
2024-10-29 15:50:26,655 [INFO] ApiDb:274 - Set plugin database path to: C:\ST\STM32CubeIDE_1.16.1\STM32CubeIDE\plugins\com.st.stm32cube.common.mx_6.12.1.202409122256\\db\/plugins/boardmanager/
2024-10-29 15:50:26,655 [INFO] ApiDb:261 - Set plugin images path to: C:\ST\STM32CubeIDE_1.16.1\STM32CubeIDE\plugins\com.st.stm32cube.common.mx_6.12.1.202409122256\\db\/plugins/mcufinder/images/
2024-10-29 15:50:26,655 [WARN] DbFile:41 - Overriding database path with different value: C:\Users\tcbir\.stmcufinder\plugins\mcufinder/ => C:\Users\tcbir\.stmcufinder\plugins\mcufinder
2024-10-29 15:50:26,656 [INFO] ApiDb:250 - Set database path to: C:\Users\tcbir\.stmcufinder\plugins\mcufinder//mcu/
2024-10-29 15:50:26,656 [WARN] DbFile:41 - Overriding database path with different value: C:\Users\tcbir\.stmcufinder\plugins\mcufinder/ => C:\Users\tcbir\.stmcufinder\plugins\mcufinder
2024-10-29 15:50:26,656 [INFO] DbMcusAds:125 - Set database path to: C:\Users\tcbir\.stmcufinder\plugins\mcufinder//mcu/
2024-10-29 15:50:26,656 [WARN] DbFile:41 - Overriding database path with different value: C:\Users\tcbir\.stmcufinder\plugins\mcufinder/ => C:\Users\tcbir\.stmcufinder\plugins\mcufinder
2024-10-29 15:50:26,656 [WARN] DbFile:41 - Overriding database path with different value: C:\Users\tcbir\.stmcufinder\plugins\mcufinder/ => C:\Users\tcbir\.stmcufinder\plugins\mcufinder
2024-10-29 15:50:26,656 [INFO] CrossReferenceDbSqlite:203 - Set database path to: C:\Users\tcbir\.stmcufinder\plugins\mcufinder//mcu/cs/
2024-10-29 15:50:26,672 [INFO] ApplicationProperties:184 - Using Application install path: C:\ST\STM32CubeIDE_1.16.1\STM32CubeIDE\plugins\com.st.stm32cube.common.mx_6.12.1.202409122256
2024-10-29 15:50:26,673 [INFO] PluginManage:196 - Search for loadable plugins [exclusion list=, ]
2024-10-29 15:50:26,674 [INFO] PluginManage:310 - Check plugin analytics
2024-10-29 15:50:26,840 [INFO] AnalyticsPlugin:253 - Accepted Software Licenses: 
2024-10-29 15:50:26,840 [INFO] AnalyticsPlugin:255 - Accepted CMSIS Pack Licenses: 
2024-10-29 15:50:26,840 [INFO] AnalyticsPlugin:257 - Accepted Firmware Licenses: 
2024-10-29 15:50:26,843 [INFO] PluginManage:359 - Loaded plugin analytics (category:tool,tabindex:-1)
2024-10-29 15:50:26,843 [INFO] PluginManage:310 - Check plugin cadmodel
2024-10-29 15:50:26,847 [INFO] CADModel:105 - Init CAD model plugin
2024-10-29 15:50:26,847 [INFO] PluginManage:359 - Loaded plugin cadmodel (category:power,tabindex:5)
2024-10-29 15:50:26,847 [INFO] PluginManage:310 - Check plugin clock
2024-10-29 15:50:26,856 [INFO] PluginManage:359 - Loaded plugin clock (category:base,tabindex:2)
2024-10-29 15:50:26,856 [INFO] PluginManage:310 - Check plugin ddr
2024-10-29 15:50:26,859 [INFO] PluginManage:359 - Loaded plugin ddr (category:tool,tabindex:6)
2024-10-29 15:50:26,859 [INFO] PluginManage:310 - Check plugin filemanager
2024-10-29 15:50:26,993 [INFO] PluginManage:359 - Loaded plugin filemanager (category:base,tabindex:10)
2024-10-29 15:50:26,993 [INFO] PluginManage:310 - Check plugin ipmanager
2024-10-29 15:50:27,000 [INFO] PluginManage:359 - Loaded plugin ipmanager (category:base,tabindex:5)
2024-10-29 15:50:27,000 [INFO] PluginManage:310 - Check plugin lpbam
2024-10-29 15:50:27,008 [INFO] PluginManage:359 - Loaded plugin lpbam (category:base,tabindex:0)
2024-10-29 15:50:27,008 [INFO] PluginManage:310 - Check plugin memorymap
2024-10-29 15:50:27,019 [INFO] PluginManage:359 - Loaded plugin memorymap (category:base,tabindex:4)
2024-10-29 15:50:27,019 [INFO] PluginManage:310 - Check plugin pinoutandconfiguration
2024-10-29 15:50:27,029 [INFO] PluginManage:359 - Loaded plugin pinoutandconfiguration (category:base,tabindex:1)
2024-10-29 15:50:27,029 [INFO] PluginManage:310 - Check plugin pinoutconfig
2024-10-29 15:50:27,119 [WARN] SupportedApi:132 - Cannot load RTOS API schema: s4s-elt-must-match.1: The content of 'definitions' must match (annotation?, (simpleType | complexType)?, (unique | key | keyref)*)). A problem was found starting at: attribute.
2024-10-29 15:50:27,257 [INFO] PluginManage:359 - Loaded plugin pinoutconfig (category:base,tabindex:0)
2024-10-29 15:50:27,257 [INFO] PluginManage:310 - Check plugin power
2024-10-29 15:50:27,267 [INFO] PluginManage:359 - Loaded plugin power (category:power,tabindex:4)
2024-10-29 15:50:27,267 [INFO] PluginManage:310 - Check plugin projectmanager
2024-10-29 15:50:27,285 [INFO] PluginManage:359 - Loaded plugin projectmanager (category:projectmanager,tabindex:4)
2024-10-29 15:50:27,285 [INFO] PluginManage:310 - Check plugin rif
2024-10-29 15:50:27,290 [INFO] PluginManage:359 - Loaded plugin rif (category:base,tabindex:3)
2024-10-29 15:50:27,290 [INFO] PluginManage:310 - Check plugin thirdparty
2024-10-29 15:50:27,421 [WARN] IntegrityCheckThread:84 - waiting for thirdparty lock release [integrity check]
2024-10-29 15:50:27,422 [INFO] IntegrityCheckThread:86 - entering critical section [integrity check]
2024-10-29 15:50:27,422 [INFO] PluginManage:359 - Loaded plugin thirdparty (category:base,tabindex:-1)
2024-10-29 15:50:27,422 [INFO] PluginManage:310 - Check plugin tools
2024-10-29 15:50:27,422 [INFO] ThirdPartyUpdaterWithRetryManager:70 - Updater plugin not ready yet. [1/15]
2024-10-29 15:50:27,424 [INFO] PluginManage:359 - Loaded plugin tools (category:base,tabindex:7)
2024-10-29 15:50:27,424 [INFO] PluginManage:310 - Check plugin tutovideos
2024-10-29 15:50:27,591 [INFO] PluginManage:359 - Loaded plugin tutovideos (category:base,tabindex:-1)
2024-10-29 15:50:27,591 [INFO] PluginManage:310 - Check plugin updater
2024-10-29 15:50:27,607 [INFO] PluginManage:359 - Loaded plugin updater (category:base,tabindex:12)
2024-10-29 15:50:27,607 [INFO] PluginManage:310 - Check plugin userauth
2024-10-29 15:50:27,612 [INFO] UserAuth:113 - Init User Auth plugin
2024-10-29 15:50:27,612 [INFO] PluginManage:359 - Loaded plugin userauth (category:base,tabindex:14)
2024-10-29 15:50:27,613 [INFO] PluginManage:283 - PluginManage : Loaded plugins [18]
2024-10-29 15:50:27,848 [INFO] PinOutPanel:1561 - setPackage(No Configuration,No Configuration)
2024-10-29 15:50:27,937 [INFO] CADModel:165 - CPN selected for project level
2024-10-29 15:50:27,937 [INFO] CADModel:114 - Register for checkConnection events
2024-10-29 15:50:27,954 [INFO] IPUIPlugin:80 - create IPUIPlugin
2024-10-29 15:50:27,954 [INFO] PluginManager:220 - loadIPPluginJar : add adc
2024-10-29 15:50:27,957 [INFO] IPUIPlugin:80 - create IPUIPlugin
2024-10-29 15:50:27,957 [INFO] PluginManager:220 - loadIPPluginJar : add aes
2024-10-29 15:50:27,960 [INFO] IPUIPlugin:80 - create IPUIPlugin
2024-10-29 15:50:27,960 [INFO] PluginManager:220 - loadIPPluginJar : add can
2024-10-29 15:50:27,962 [INFO] IPUIPlugin:80 - create IPUIPlugin
2024-10-29 15:50:27,962 [INFO] PluginManager:220 - loadIPPluginJar : add comp
2024-10-29 15:50:27,964 [INFO] IPUIPlugin:80 - create IPUIPlugin
2024-10-29 15:50:27,965 [INFO] PluginManager:220 - loadIPPluginJar : add cryp
2024-10-29 15:50:27,967 [INFO] IPUIPlugin:80 - create IPUIPlugin
2024-10-29 15:50:27,967 [INFO] PluginManager:220 - loadIPPluginJar : add ddr_ctrl_phy
2024-10-29 15:50:27,969 [INFO] IPUIPlugin:80 - create IPUIPlugin
2024-10-29 15:50:27,969 [INFO] PluginManager:220 - loadIPPluginJar : add dfsdm
2024-10-29 15:50:27,975 [INFO] IPUIPlugin:80 - create IPUIPlugin
2024-10-29 15:50:27,976 [INFO] PluginManager:220 - loadIPPluginJar : add dma
2024-10-29 15:50:27,979 [INFO] IPUIPlugin:80 - create IPUIPlugin
2024-10-29 15:50:27,979 [INFO] PluginManager:220 - loadIPPluginJar : add dma3
2024-10-29 15:50:27,982 [INFO] IPUIPlugin:80 - create IPUIPlugin
2024-10-29 15:50:27,982 [INFO] PluginManager:220 - loadIPPluginJar : add extmemmanager
2024-10-29 15:50:27,984 [INFO] IPUIPlugin:80 - create IPUIPlugin
2024-10-29 15:50:27,984 [INFO] PluginManager:220 - loadIPPluginJar : add fatfs
2024-10-29 15:50:27,990 [INFO] IPUIPlugin:80 - create IPUIPlugin
2024-10-29 15:50:27,990 [INFO] PluginManager:220 - loadIPPluginJar : add fmc
2024-10-29 15:50:27,996 [INFO] IPUIPlugin:80 - create IPUIPlugin
2024-10-29 15:50:27,997 [INFO] PluginManager:220 - loadIPPluginJar : add freertos
2024-10-29 15:50:27,998 [INFO] IPUIPlugin:80 - create IPUIPlugin
2024-10-29 15:50:27,998 [INFO] PluginManager:220 - loadIPPluginJar : add genericplugin
2024-10-29 15:50:28,001 [INFO] IPUIPlugin:80 - create IPUIPlugin
2024-10-29 15:50:28,001 [INFO] PluginManager:220 - loadIPPluginJar : add gfxmmu
2024-10-29 15:50:28,006 [INFO] IPUIPlugin:80 - create IPUIPlugin
2024-10-29 15:50:28,006 [INFO] PluginManager:220 - loadIPPluginJar : add gic
2024-10-29 15:50:28,010 [INFO] IPUIPlugin:80 - create IPUIPlugin
2024-10-29 15:50:28,011 [INFO] PluginManager:220 - loadIPPluginJar : add gpio
2024-10-29 15:50:28,014 [INFO] IPUIPlugin:80 - create IPUIPlugin
2024-10-29 15:50:28,014 [INFO] PluginManager:220 - loadIPPluginJar : add gtzc
2024-10-29 15:50:28,016 [INFO] IPUIPlugin:80 - create IPUIPlugin
2024-10-29 15:50:28,016 [INFO] PluginManager:220 - loadIPPluginJar : add hash
2024-10-29 15:50:28,020 [INFO] IPUIPlugin:80 - create IPUIPlugin
2024-10-29 15:50:28,021 [INFO] PluginManager:220 - loadIPPluginJar : add i2c
2024-10-29 15:50:28,023 [INFO] IPUIPlugin:80 - create IPUIPlugin
2024-10-29 15:50:28,023 [INFO] PluginManager:220 - loadIPPluginJar : add i2s
2024-10-29 15:50:28,026 [INFO] IPUIPlugin:80 - create IPUIPlugin
2024-10-29 15:50:28,026 [INFO] PluginManager:220 - loadIPPluginJar : add i3c
2024-10-29 15:50:28,030 [INFO] IPUIPlugin:80 - create IPUIPlugin
2024-10-29 15:50:28,030 [INFO] PluginManager:220 - loadIPPluginJar : add ipddr
2024-10-29 15:50:28,037 [INFO] IPUIPlugin:80 - create IPUIPlugin
2024-10-29 15:50:28,037 [INFO] PluginManager:220 - loadIPPluginJar : add linkedlist
2024-10-29 15:50:28,041 [INFO] IPUIPlugin:80 - create IPUIPlugin
2024-10-29 15:50:28,042 [INFO] PluginManager:220 - loadIPPluginJar : add lorawan
2024-10-29 15:50:28,043 [INFO] IPUIPlugin:80 - create IPUIPlugin
2024-10-29 15:50:28,043 [INFO] PluginManager:220 - loadIPPluginJar : add ltdc
2024-10-29 15:50:28,050 [INFO] IPUIPlugin:80 - create IPUIPlugin
2024-10-29 15:50:28,050 [INFO] PluginManager:220 - loadIPPluginJar : add mdma
2024-10-29 15:50:28,053 [INFO] IPUIPlugin:80 - create IPUIPlugin
2024-10-29 15:50:28,054 [INFO] PluginManager:220 - loadIPPluginJar : add nvic
2024-10-29 15:50:28,056 [INFO] IPUIPlugin:80 - create IPUIPlugin
2024-10-29 15:50:28,057 [INFO] PluginManager:220 - loadIPPluginJar : add opamp
2024-10-29 15:50:28,060 [INFO] IPUIPlugin:80 - create IPUIPlugin
2024-10-29 15:50:28,060 [INFO] PluginManager:220 - loadIPPluginJar : add openamp
2024-10-29 15:50:28,063 [INFO] IPUIPlugin:80 - create IPUIPlugin
2024-10-29 15:50:28,063 [INFO] PluginManager:220 - loadIPPluginJar : add pdm2pcm
2024-10-29 15:50:28,069 [INFO] IPUIPlugin:80 - create IPUIPlugin
2024-10-29 15:50:28,072 [INFO] PluginManager:220 - loadIPPluginJar : add plateformsettings
2024-10-29 15:50:28,074 [INFO] IPUIPlugin:80 - create IPUIPlugin
2024-10-29 15:50:28,074 [INFO] PluginManager:220 - loadIPPluginJar : add quadspi
2024-10-29 15:50:28,077 [INFO] IPUIPlugin:80 - create IPUIPlugin
2024-10-29 15:50:28,078 [INFO] PluginManager:220 - loadIPPluginJar : add radio
2024-10-29 15:50:28,082 [INFO] IPUIPlugin:80 - create IPUIPlugin
2024-10-29 15:50:28,082 [INFO] PluginManager:220 - loadIPPluginJar : add resmgrutility
2024-10-29 15:50:28,086 [INFO] IPUIPlugin:80 - create IPUIPlugin
2024-10-29 15:50:28,086 [INFO] PluginManager:220 - loadIPPluginJar : add sai
2024-10-29 15:50:28,088 [INFO] IPUIPlugin:80 - create IPUIPlugin
2024-10-29 15:50:28,088 [INFO] PluginManager:220 - loadIPPluginJar : add spi
2024-10-29 15:50:28,094 [INFO] IPUIPlugin:80 - create IPUIPlugin
2024-10-29 15:50:28,094 [INFO] PluginManager:220 - loadIPPluginJar : add stm32_wpan
2024-10-29 15:50:28,096 [INFO] IPUIPlugin:80 - create IPUIPlugin
2024-10-29 15:50:28,096 [INFO] PluginManager:220 - loadIPPluginJar : add tim
2024-10-29 15:50:28,100 [INFO] IPUIPlugin:80 - create IPUIPlugin
2024-10-29 15:50:28,101 [INFO] PluginManager:220 - loadIPPluginJar : add touchsensing
2024-10-29 15:50:28,103 [INFO] IPUIPlugin:80 - create IPUIPlugin
2024-10-29 15:50:28,103 [INFO] PluginManager:220 - loadIPPluginJar : add tracer_emb
2024-10-29 15:50:28,105 [INFO] IPUIPlugin:80 - create IPUIPlugin
2024-10-29 15:50:28,105 [INFO] PluginManager:220 - loadIPPluginJar : add ts
2024-10-29 15:50:28,106 [INFO] IPUIPlugin:80 - create IPUIPlugin
2024-10-29 15:50:28,106 [INFO] PluginManager:220 - loadIPPluginJar : add tsc
2024-10-29 15:50:28,108 [INFO] IPUIPlugin:80 - create IPUIPlugin
2024-10-29 15:50:28,108 [INFO] PluginManager:220 - loadIPPluginJar : add ucpd
2024-10-29 15:50:28,112 [INFO] IPUIPlugin:80 - create IPUIPlugin
2024-10-29 15:50:28,112 [INFO] PluginManager:220 - loadIPPluginJar : add usart
2024-10-29 15:50:28,116 [INFO] IPUIPlugin:80 - create IPUIPlugin
2024-10-29 15:50:28,116 [INFO] PluginManager:220 - loadIPPluginJar : add usbx
2024-10-29 15:50:28,253 [INFO] CADModel:165 - CPN selected for project level
2024-10-29 15:50:28,254 [INFO] CADModel:114 - Register for checkConnection events
2024-10-29 15:50:28,254 [FATAL] Updater:334 - Updater called before beeing initialized
2024-10-29 15:50:28,255 [ERROR] CADModel:125 - Updater not yet initialized, retry later 
2024-10-29 15:50:28,413 [INFO] CADModel:165 - CPN selected for project level
2024-10-29 15:50:28,416 [INFO] CADModel:114 - Register for checkConnection events
2024-10-29 15:50:28,416 [FATAL] Updater:334 - Updater called before beeing initialized
2024-10-29 15:50:28,416 [ERROR] CADModel:125 - Updater not yet initialized, retry later 
2024-10-29 15:50:28,420 [FATAL] Updater:334 - Updater called before beeing initialized
2024-10-29 15:50:28,550 [FATAL] Updater:334 - Updater called before beeing initialized
2024-10-29 15:50:28,556 [INFO] DbMcusAds:53 - JSON generation date=Fri Sep 20 09:04:23 EDT 2024 (1726837463113)
2024-10-29 15:50:28,556 [FATAL] Updater:334 - Updater called before beeing initialized
2024-10-29 15:50:28,593 [WARN] DetailPanel:346 - Failed to get advertising image, set to default
2024-10-29 15:50:28,684 [FATAL] Updater:334 - Updater called before beeing initialized
2024-10-29 15:50:28,686 [FATAL] Updater:334 - Updater called before beeing initialized
2024-10-29 15:50:28,686 [FATAL] Updater:334 - Updater called before beeing initialized
2024-10-29 15:50:28,686 [WARN] DetailPanel:346 - Failed to get advertising image, set to default
2024-10-29 15:50:28,687 [FATAL] Updater:334 - Updater called before beeing initialized
2024-10-29 15:50:28,738 [ERROR] Updater:1164 - MainUpdater not yet initialized. External WinMGr cannot be set.
2024-10-29 15:50:28,740 [INFO] Updater:1100 - Updater Version found : 6.12.1
2024-10-29 15:50:28,765 [INFO] ApplicationProperties:184 - Using Application install path: C:\ST\STM32CubeIDE_1.16.1\STM32CubeIDE\plugins\com.st.stm32cube.common.mx_6.12.1.202409122256
2024-10-29 15:50:30,349 [ERROR] LogOutputStream:75 - [STDERR_REDIRECT] Oct 29, 2024 3:50:30 PM java.util.prefs.WindowsPreferences <init>
2024-10-29 15:50:30,353 [ERROR] LogOutputStream:75 - [STDERR_REDIRECT] WARNING: Could not open/create prefs root node Software\JavaSoft\Prefs at root 0xffffffff80000002. Windows RegCreateKeyEx(...) returned error code 5.
2024-10-29 15:50:30,353 [ERROR] LogOutputStream:75 - [STDERR_REDIRECT] 
2024-10-29 15:50:30,423 [INFO] ThirdPartyUpdaterWithRetryManager:70 - Updater plugin not ready yet. [2/15]
2024-10-29 15:50:30,972 [INFO] MainUpdater:2873 - connection check result : 10
2024-10-29 15:50:30,973 [INFO] MainUpdater:290 - Updater Check For Update Now.
2024-10-29 15:50:30,973 [INFO] MicroXplorer:498 - Change Database Version : DB.6.0.121
2024-10-29 15:50:30,983 [INFO] McuFinderGlobals:63 - Set McuFinder mode to 2 (CubeIDE integrated)
2024-10-29 15:50:30,983 [INFO] UserAuth:179 - activating auth plugin
2024-10-29 15:50:30,986 [INFO] UserAuth:417 - Internet connection configuration mode: 1
2024-10-29 15:50:31,010 [INFO] JxBrowserEngine:152 - Initiate JxBrowser Engine with user profile folder
2024-10-29 15:50:31,164 [INFO] CheckServerUpdateThread:120 - End of CheckServer Thread
2024-10-29 15:50:31,692 [INFO] WebApp:167 - Instantiating new browser for Auth
2024-10-29 15:50:32,741 [INFO] WebApp:448 - Apply proxy settings
2024-10-29 15:50:32,742 [INFO] WebApp:533 - Chromium requires no authentication
2024-10-29 15:50:32,755 [INFO] WebApp:476 - Direct internet connection detected
2024-10-29 15:50:32,786 [INFO] WebApp:869 - Register for checkConnection events
2024-10-29 15:50:32,786 [INFO] WebApp:448 - Apply proxy settings
2024-10-29 15:50:32,786 [INFO] WebApp:533 - Chromium requires no authentication
2024-10-29 15:50:32,787 [INFO] WebApp:476 - Direct internet connection detected
2024-10-29 15:50:33,006 [INFO] WebApp:220 - Starting web application
2024-10-29 15:50:33,007 [INFO] WebApp:578 - Web application path used C:\ST\STM32CubeIDE_1.16.1\STM32CubeIDE\plugins\com.st.stm32cube.common.mx_6.12.1.202409122256\db\plugins\mcufinder\reactClient1\index.html
2024-10-29 15:50:33,132 [INFO] WebApp:186 - Connection restablished
2024-10-29 15:50:33,681 [WARN] PackLoader:240 - Cannot read IP mode file for STMicroelectronics.FP-SNS-MOTENVWB1.1.4.0
2024-10-29 15:50:33,698 [WARN] PackLoader:240 - Cannot read IP mode file for STMicroelectronics.X-CUBE-SMBUS.2.1.0
2024-10-29 15:50:33,710 [WARN] PackLoader:240 - Cannot read IP mode file for STMicroelectronics.X-CUBE-WB05N.1.1.0
2024-10-29 15:50:33,756 [WARN] PackLoader:240 - Cannot read IP mode file for STMicroelectronics.X-CUBE-AZRTOS-F7.1.1.0
2024-10-29 15:50:33,829 [WARN] PackLoader:240 - Cannot read IP mode file for STMicroelectronics.X-CUBE-MEMS1.11.0.0
2024-10-29 15:50:34,013 [WARN] PackLoader:240 - Cannot read IP mode file for STMicroelectronics.FP-SNS-FLIGHT1.5.0.2
2024-10-29 15:50:34,024 [WARN] PackLoader:240 - Cannot read IP mode file for STMicroelectronics.X-CUBE-DISPLAY.3.0.0
2024-10-29 15:50:34,035 [WARN] PackLoader:240 - Cannot read IP mode file for STMicroelectronics.X-CUBE-BLE1.7.0.0
2024-10-29 15:50:34,043 [WARN] PackLoader:240 - Cannot read IP mode file for STMicroelectronics.X-CUBE-NFC10.1.0.0
2024-10-29 15:50:34,051 [WARN] PackLoader:240 - Cannot read IP mode file for emotas.I-CUBE-CANOPEN.1.3.0
2024-10-29 15:50:34,062 [WARN] PackLoader:240 - Cannot read IP mode file for STMicroelectronics.X-CUBE-BLEMGR.3.1.0
2024-10-29 15:50:34,083 [WARN] PackLoader:240 - Cannot read IP mode file for STMicroelectronics.FP-SNS-SMARTAG2.1.2.0
2024-10-29 15:50:34,096 [INFO] LogOutputStream:77 - [STDOUT_REDIRECT] 1 : Invalid condition id : UX_CORESTACK_Condition cause : null
2024-10-29 15:50:34,097 [INFO] LogOutputStream:77 - [STDOUT_REDIRECT] 1 : Invalid condition id : UX_CORESTACK_Condition cause : null
2024-10-29 15:50:34,098 [INFO] LogOutputStream:77 - [STDOUT_REDIRECT] 1 : Invalid condition id : UX_CORESTACK_Condition cause : null
2024-10-29 15:50:34,100 [INFO] LogOutputStream:77 - [STDOUT_REDIRECT] 1 : Invalid condition id : UX_CORESTACK_Condition cause : null
2024-10-29 15:50:34,101 [INFO] LogOutputStream:77 - [STDOUT_REDIRECT] 1 : Invalid condition id : UX_CORESTACK_Condition cause : null
2024-10-29 15:50:34,106 [WARN] PackLoader:240 - Cannot read IP mode file for STMicroelectronics.X-CUBE-AZRTOS-WL.2.0.0
2024-10-29 15:50:34,114 [WARN] PackLoader:240 - Cannot read IP mode file for STMicroelectronics.FP-SNS-MOTENV1.5.0.0
2024-10-29 15:50:34,120 [WARN] PackLoader:240 - Cannot read IP mode file for wolfSSL.I-CUBE-wolfMQTT.1.19.0
2024-10-29 15:50:34,129 [WARN] PackLoader:240 - Cannot read IP mode file for WES.I-CUBE-Cesium.1.3.0
2024-10-29 15:50:34,135 [WARN] PackLoader:240 - Cannot read IP mode file for STMicroelectronics.X-CUBE-BLE2.3.3.0
2024-10-29 15:50:34,141 [WARN] PackLoader:240 - Cannot read IP mode file for STMicroelectronics.X-CUBE-NFC9.1.0.0
2024-10-29 15:50:34,149 [WARN] PackLoader:240 - Cannot read IP mode file for STMicroelectronics.X-CUBE-TCPP.4.1.0
2024-10-29 15:50:34,166 [WARN] PackLoader:240 - Cannot read IP mode file for STMicroelectronics.X-CUBE-AZRTOS-G0.1.1.0
2024-10-29 15:50:34,176 [WARN] PackLoader:240 - Cannot read IP mode file for STMicroelectronics.X-CUBE-SAFEA1.1.2.2
2024-10-29 15:50:34,185 [WARN] PackLoader:240 - Cannot read IP mode file for STMicroelectronics.X-CUBE-NFC4.3.0.0
2024-10-29 15:50:34,199 [WARN] PackLoader:240 - Cannot read IP mode file for EmbeddedOffice.I-CUBE-FS-RTOS.1.0.1
2024-10-29 15:50:34,199 [ERROR] ConditionMgr:805 - Attr not supported : Dmpu
2024-10-29 15:50:34,199 [ERROR] ConditionMgr:805 - Attr not supported : Dmpu
2024-10-29 15:50:34,200 [ERROR] ConditionMgr:805 - Attr not supported : Dmpu
2024-10-29 15:50:34,200 [ERROR] ConditionMgr:805 - Attr not supported : Dmpu
2024-10-29 15:50:34,200 [ERROR] ConditionMgr:805 - Attr not supported : Dmpu
2024-10-29 15:50:34,200 [ERROR] ConditionMgr:805 - Attr not supported : Dmpu
2024-10-29 15:50:34,200 [ERROR] ConditionMgr:805 - Attr not supported : Dmpu
2024-10-29 15:50:34,200 [ERROR] ConditionMgr:805 - Attr not supported : Dmpu
2024-10-29 15:50:34,200 [ERROR] ConditionMgr:805 - Attr not supported : Dmpu
2024-10-29 15:50:34,200 [ERROR] ConditionMgr:805 - Attr not supported : Dmpu
2024-10-29 15:50:34,200 [ERROR] ConditionMgr:805 - Attr not supported : Dmpu
2024-10-29 15:50:34,200 [ERROR] ConditionMgr:805 - Attr not supported : Dmpu
2024-10-29 15:50:34,200 [ERROR] ConditionMgr:805 - Attr not supported : Dmpu
2024-10-29 15:50:34,200 [ERROR] ConditionMgr:805 - Attr not supported : Dmpu
2024-10-29 15:50:34,201 [ERROR] ConditionMgr:805 - Attr not supported : Dmpu
2024-10-29 15:50:34,201 [ERROR] ConditionMgr:805 - Attr not supported : Dmpu
2024-10-29 15:50:34,201 [ERROR] ConditionMgr:805 - Attr not supported : Dmpu
2024-10-29 15:50:34,201 [ERROR] ConditionMgr:805 - Attr not supported : Dmpu
2024-10-29 15:50:34,201 [ERROR] ConditionMgr:805 - Attr not supported : Dmpu
2024-10-29 15:50:34,201 [ERROR] ConditionMgr:805 - Attr not supported : Dmpu
2024-10-29 15:50:34,201 [ERROR] ConditionMgr:805 - Attr not supported : Dmpu
2024-10-29 15:50:34,201 [ERROR] ConditionMgr:805 - Attr not supported : Dmpu
2024-10-29 15:50:34,201 [ERROR] ConditionMgr:805 - Attr not supported : Dmpu
2024-10-29 15:50:34,202 [ERROR] ConditionMgr:805 - Attr not supported : Dmpu
2024-10-29 15:50:34,202 [ERROR] ConditionMgr:805 - Attr not supported : Dmpu
2024-10-29 15:50:34,202 [ERROR] ConditionMgr:805 - Attr not supported : Dmpu
2024-10-29 15:50:34,202 [ERROR] ConditionMgr:805 - Attr not supported : Dmpu
2024-10-29 15:50:34,202 [ERROR] ConditionMgr:805 - Attr not supported : Dmpu
2024-10-29 15:50:34,202 [ERROR] ConditionMgr:805 - Attr not supported : Dmpu
2024-10-29 15:50:34,202 [ERROR] ConditionMgr:805 - Attr not supported : Dmpu
2024-10-29 15:50:34,202 [ERROR] ConditionMgr:805 - Attr not supported : Dmpu
2024-10-29 15:50:34,202 [ERROR] ConditionMgr:805 - Attr not supported : Dmpu
2024-10-29 15:50:34,202 [ERROR] ConditionMgr:805 - Attr not supported : Dmpu
2024-10-29 15:50:34,202 [ERROR] ConditionMgr:805 - Attr not supported : Dmpu
2024-10-29 15:50:34,202 [ERROR] ConditionMgr:805 - Attr not supported : Dmpu
2024-10-29 15:50:34,203 [ERROR] ConditionMgr:805 - Attr not supported : Dmpu
2024-10-29 15:50:34,203 [ERROR] ConditionMgr:805 - Attr not supported : Dmpu
2024-10-29 15:50:34,203 [ERROR] ConditionMgr:805 - Attr not supported : Dmpu
2024-10-29 15:50:34,203 [ERROR] ConditionMgr:805 - Attr not supported : Dmpu
2024-10-29 15:50:34,203 [ERROR] ConditionMgr:805 - Attr not supported : Dmpu
2024-10-29 15:50:34,203 [ERROR] ConditionMgr:805 - Attr not supported : Dmpu
2024-10-29 15:50:34,203 [ERROR] ConditionMgr:805 - Attr not supported : Dmpu
2024-10-29 15:50:34,203 [ERROR] ConditionMgr:805 - Attr not supported : Dmpu
2024-10-29 15:50:34,203 [ERROR] ConditionMgr:805 - Attr not supported : Dmpu
2024-10-29 15:50:34,203 [ERROR] ConditionMgr:805 - Attr not supported : Dmpu
2024-10-29 15:50:34,203 [ERROR] ConditionMgr:805 - Attr not supported : Dmpu
2024-10-29 15:50:34,204 [ERROR] ConditionMgr:805 - Attr not supported : Dmpu
2024-10-29 15:50:34,204 [ERROR] ConditionMgr:805 - Attr not supported : Dmpu
2024-10-29 15:50:34,204 [ERROR] ConditionMgr:805 - Attr not supported : Dmpu
2024-10-29 15:50:34,204 [ERROR] ConditionMgr:805 - Attr not supported : Dmpu
2024-10-29 15:50:34,204 [ERROR] ConditionMgr:805 - Attr not supported : Dmpu
2024-10-29 15:50:34,204 [ERROR] ConditionMgr:805 - Attr not supported : Dmpu
2024-10-29 15:50:34,204 [ERROR] ConditionMgr:805 - Attr not supported : Dmpu
2024-10-29 15:50:34,204 [ERROR] ConditionMgr:805 - Attr not supported : Dmpu
2024-10-29 15:50:34,204 [ERROR] ConditionMgr:805 - Attr not supported : Dmpu
2024-10-29 15:50:34,204 [ERROR] ConditionMgr:805 - Attr not supported : Dmpu
2024-10-29 15:50:34,204 [ERROR] ConditionMgr:805 - Attr not supported : Dmpu
2024-10-29 15:50:34,204 [ERROR] ConditionMgr:805 - Attr not supported : Dmpu
2024-10-29 15:50:34,204 [ERROR] ConditionMgr:805 - Attr not supported : Dmpu
2024-10-29 15:50:34,204 [ERROR] ConditionMgr:805 - Attr not supported : Dmpu
2024-10-29 15:50:34,204 [ERROR] ConditionMgr:805 - Attr not supported : Dmpu
2024-10-29 15:50:34,204 [ERROR] ConditionMgr:805 - Attr not supported : Dmpu
2024-10-29 15:50:34,204 [ERROR] ConditionMgr:805 - Attr not supported : Dmpu
2024-10-29 15:50:34,205 [ERROR] ConditionMgr:805 - Attr not supported : Dmpu
2024-10-29 15:50:34,209 [WARN] PackLoader:240 - Cannot read IP mode file for RealThread.X-CUBE-RT-Thread_Nano.4.1.1
2024-10-29 15:50:34,214 [WARN] PackLoader:240 - Cannot read IP mode file for STMicroelectronics.FP-ATR-SIGFOX1.3.2.0
2024-10-29 15:50:34,218 [WARN] PackLoader:240 - Cannot read IP mode file for wolfSSL.I-CUBE-wolfSSL.5.7.2
2024-10-29 15:50:34,230 [WARN] PackLoader:240 - Cannot read IP mode file for STMicroelectronics.X-CUBE-EEPRMA1.5.1.0
2024-10-29 15:50:34,237 [WARN] PackLoader:240 - Cannot read IP mode file for ITTIA_DB.I-CUBE-ITTIADB.8.9.0
2024-10-29 15:50:34,276 [WARN] PackLoader:240 - Cannot read IP mode file for SEGGER.I-CUBE-embOS.1.3.1
2024-10-29 15:50:34,331 [WARN] PackLoader:240 - Cannot read IP mode file for STMicroelectronics.X-CUBE-ALGOBUILD.1.4.0
2024-10-29 15:50:34,337 [WARN] PackLoader:240 - Cannot read IP mode file for STMicroelectronics.X-CUBE-AI.9.1.0
2024-10-29 15:50:34,357 [WARN] PackLoader:240 - Cannot read IP mode file for STMicroelectronics.X-CUBE-AZRTOS-F4.1.1.0
2024-10-29 15:50:34,365 [WARN] PackLoader:240 - Cannot read IP mode file for STMicroelectronics.X-CUBE-ISPU.2.1.0
2024-10-29 15:50:34,372 [WARN] PackLoader:240 - Cannot read IP mode file for STMicroelectronics.X-CUBE-FREERTOS.1.2.0
2024-10-29 15:50:34,392 [WARN] PackLoader:240 - Cannot read IP mode file for STMicroelectronics.X-CUBE-AZRTOS-L5.2.0.0
2024-10-29 15:50:34,403 [WARN] PackLoader:240 - Cannot read IP mode file for STMicroelectronics.X-CUBE-NFC6.3.1.0
2024-10-29 15:50:34,410 [WARN] PackLoader:240 - Cannot read IP mode file for STMicroelectronics.X-CUBE-DPower.1.2.0
2024-10-29 15:50:34,417 [WARN] PackLoader:240 - Cannot read IP mode file for STMicroelectronics.X-CUBE-NFC7.1.0.1
2024-10-29 15:50:34,439 [WARN] ConditionMgr:438 - getConditionDescription Invalid condition id : LAN8742 Phy interface Condition cause : null
2024-10-29 15:50:34,441 [WARN] PackLoader:240 - Cannot read IP mode file for STMicroelectronics.X-CUBE-AZRTOS-L4.2.0.0
2024-10-29 15:50:34,442 [WARN] ConditionMgr:1039 - genDependencies : Invalid condition id : LAN8742 Phy interface Condition cause : null
2024-10-29 15:50:34,443 [WARN] ConditionMgr:1039 - genDependencies : Invalid condition id : LAN8742 Phy interface Condition cause : null
2024-10-29 15:50:34,443 [WARN] ConditionMgr:1039 - genDependencies : Invalid condition id : LAN8742 Phy interface Condition cause : null
2024-10-29 15:50:34,453 [WARN] PackLoader:240 - Cannot read IP mode file for STMicroelectronics.X-CUBE-SFXS2LP1.4.0.0
2024-10-29 15:50:34,480 [WARN] PackLoader:240 - Cannot read IP mode file for STMicroelectronics.X-CUBE-AZRTOS-H7.3.3.0
2024-10-29 15:50:34,497 [WARN] PackLoader:240 - Cannot read IP mode file for STMicroelectronics.X-CUBE-IPS.3.0.0
2024-10-29 15:50:34,517 [WARN] ConditionMgr:438 - getConditionDescription Invalid condition id : UX DEVICE CLASS RTOS Condition cause : null
2024-10-29 15:50:34,518 [WARN] ConditionMgr:438 - getConditionDescription Invalid condition id : UX DEVICE CLASS RTOS Condition cause : null
2024-10-29 15:50:34,520 [WARN] PackLoader:240 - Cannot read IP mode file for STMicroelectronics.X-CUBE-AZRTOS-WB.2.0.0
2024-10-29 15:50:34,521 [WARN] ConditionMgr:1039 - genDependencies : Invalid condition id : UX DEVICE CLASS RTOS Condition cause : null
2024-10-29 15:50:34,522 [WARN] ConditionMgr:1039 - genDependencies : Invalid condition id : UX DEVICE CLASS RTOS Condition cause : null
2024-10-29 15:50:34,522 [WARN] ConditionMgr:1039 - genDependencies : Invalid condition id : UX DEVICE CLASS RTOS Condition cause : null
2024-10-29 15:50:34,523 [WARN] ConditionMgr:1039 - genDependencies : Invalid condition id : UX DEVICE CLASS RTOS Condition cause : null
2024-10-29 15:50:34,523 [WARN] ConditionMgr:1039 - genDependencies : Invalid condition id : UX DEVICE CLASS RTOS Condition cause : null
2024-10-29 15:50:34,535 [WARN] PackLoader:240 - Cannot read IP mode file for STMicroelectronics.X-CUBE-GNSS1.7.0.0
2024-10-29 15:50:34,544 [WARN] PackLoader:240 - Cannot read IP mode file for STMicroelectronics.FP-SNS-STBOX1.2.0.0
2024-10-29 15:50:34,562 [WARN] PackLoader:240 - Cannot read IP mode file for STMicroelectronics.X-CUBE-SUBG2.5.0.0
2024-10-29 15:50:34,573 [WARN] PackLoader:240 - Cannot read IP mode file for Cesanta.I-CUBE-Mongoose.7.13.0
2024-10-29 15:50:34,594 [WARN] PackLoader:240 - Cannot read IP mode file for STMicroelectronics.X-CUBE-AZRTOS-G4.2.0.0
2024-10-29 15:50:34,600 [WARN] PackLoader:240 - Cannot read IP mode file for STMicroelectronics.X-CUBE-ALS.1.0.2
2024-10-29 15:50:34,606 [WARN] PackLoader:240 - Cannot read IP mode file for STMicroelectronics.X-CUBE-TOUCHGFX.4.24.1
2024-10-29 15:50:34,611 [WARN] PackLoader:240 - Cannot read IP mode file for wolfSSL.I-CUBE-wolfTPM.3.4.0
2024-10-29 15:50:34,618 [WARN] PackLoader:240 - Cannot read IP mode file for portGmbH.I-Cube-SoM-uGOAL.1.1.0
2024-10-29 15:50:34,645 [WARN] PackLoader:240 - Cannot read IP mode file for STMicroelectronics.X-CUBE-AZRTOS-H7RS.1.0.0
2024-10-29 15:50:34,654 [WARN] PackLoader:240 - Cannot read IP mode file for STMicroelectronics.FP-ATR-ASTRA1.2.0.0
2024-10-29 15:50:34,673 [WARN] PackLoader:240 - Cannot read IP mode file for STMicroelectronics.X-CUBE-TOF1.3.4.2
2024-10-29 15:50:34,714 [WARN] PackLoader:240 - Cannot read IP mode file for Infineon.AIROC-Wi-Fi-Bluetooth-STM32.1.6.1
2024-10-29 15:50:34,723 [WARN] PackLoader:240 - Cannot read IP mode file for wolfSSL.I-CUBE-wolfSSH.1.4.17
2024-10-29 15:50:34,724 [INFO] ThirdParty:978 - Integrity check success = true
2024-10-29 15:50:34,724 [INFO] IntegrityCheckThread:100 - exiting critical section [integrity check]
2024-10-29 15:50:34,724 [INFO] IntegrityCheckThread:103 - End integrity checks thread
2024-10-29 16:23:53,901 [ERROR] LogOutputStream:75 - [STDERR_REDIRECT] 
2024-10-29 16:23:53,903 [ERROR] LogOutputStream:75 - [STDERR_REDIRECT] 
