2024-12-23 14:49:39,390 [INFO] Activator:176 - 


2024-12-23 14:49:39,390 [INFO] Activator:177 - !SESSION log4j initialized
2024-12-23 14:49:42,009 [INFO] LogOutputStream:77 - [STDOUT_REDIRECT] 
2024-12-23 14:49:44,314 [INFO] ApplicationProperties:184 - Using Application install path: C:\ST\STM32CubeIDE_1.17.0\STM32CubeIDE\plugins\com.st.stm32cube.common.mx_6.13.0.202411220809
2024-12-23 14:49:44,336 [INFO] DbMcusXml:78 - Set database path to: C:\ST\STM32CubeIDE_1.17.0\STM32CubeIDE\plugins\com.st.stm32cube.common.mx_6.13.0.202411220809\\db\/mcu/
2024-12-23 14:49:44,336 [INFO] ApiDb:274 - Set plugin database path to: C:\ST\STM32CubeIDE_1.17.0\STM32CubeIDE\plugins\com.st.stm32cube.common.mx_6.13.0.202411220809\\db\/plugins/boardmanager/
2024-12-23 14:49:44,337 [WARN] ApiDb:259 - Overriding images path with different value:  => C:\ST\STM32CubeIDE_1.17.0\STM32CubeIDE\plugins\com.st.stm32cube.common.mx_6.13.0.202411220809\\db\/plugins/mcufinder/images/
2024-12-23 14:49:44,342 [INFO] ApiDb:250 - Set database path to: C:\Users\tcbir\.stmcufinder\plugins\mcufinder//mcu/
2024-12-23 14:49:44,344 [INFO] DbMcusAds:125 - Set database path to: C:\Users\tcbir\.stmcufinder\plugins\mcufinder//mcu/
2024-12-23 14:49:44,346 [INFO] CrossReferenceDbSqlite:203 - Set database path to: C:\Users\tcbir\.stmcufinder\plugins\mcufinder//mcu/cs/
2024-12-23 14:49:44,487 [INFO] RulesReader:64 - Compatibility file has been processed (297 Rules)
2024-12-23 14:49:44,585 [INFO] DbMcusXml:78 - Set database path to: C:\ST\STM32CubeIDE_1.17.0\STM32CubeIDE\plugins\com.st.stm32cube.common.mx_6.13.0.202411220809\\db\/mcu/
2024-12-23 14:49:44,585 [INFO] ApiDb:274 - Set plugin database path to: C:\ST\STM32CubeIDE_1.17.0\STM32CubeIDE\plugins\com.st.stm32cube.common.mx_6.13.0.202411220809\\db\/plugins/boardmanager/
2024-12-23 14:49:44,585 [INFO] ApiDb:261 - Set plugin images path to: C:\ST\STM32CubeIDE_1.17.0\STM32CubeIDE\plugins\com.st.stm32cube.common.mx_6.13.0.202411220809\\db\/plugins/mcufinder/images/
2024-12-23 14:49:44,586 [WARN] DbFile:41 - Overriding database path with different value: C:\Users\tcbir\.stmcufinder\plugins\mcufinder/ => C:\Users\tcbir\.stmcufinder\plugins\mcufinder
2024-12-23 14:49:44,586 [INFO] ApiDb:250 - Set database path to: C:\Users\tcbir\.stmcufinder\plugins\mcufinder//mcu/
2024-12-23 14:49:44,586 [WARN] DbFile:41 - Overriding database path with different value: C:\Users\tcbir\.stmcufinder\plugins\mcufinder/ => C:\Users\tcbir\.stmcufinder\plugins\mcufinder
2024-12-23 14:49:44,586 [INFO] DbMcusAds:125 - Set database path to: C:\Users\tcbir\.stmcufinder\plugins\mcufinder//mcu/
2024-12-23 14:49:44,587 [WARN] DbFile:41 - Overriding database path with different value: C:\Users\tcbir\.stmcufinder\plugins\mcufinder/ => C:\Users\tcbir\.stmcufinder\plugins\mcufinder
2024-12-23 14:49:44,587 [WARN] DbFile:41 - Overriding database path with different value: C:\Users\tcbir\.stmcufinder\plugins\mcufinder/ => C:\Users\tcbir\.stmcufinder\plugins\mcufinder
2024-12-23 14:49:44,587 [INFO] CrossReferenceDbSqlite:203 - Set database path to: C:\Users\tcbir\.stmcufinder\plugins\mcufinder//mcu/cs/
2024-12-23 14:49:44,682 [INFO] MainPanel:272 - HeapMemory: 268435456
2024-12-23 14:49:44,826 [INFO] DbMcusXml:78 - Set database path to: C:\ST\STM32CubeIDE_1.17.0\STM32CubeIDE\plugins\com.st.stm32cube.common.mx_6.13.0.202411220809\\db\/mcu/
2024-12-23 14:49:44,827 [INFO] ApiDb:274 - Set plugin database path to: C:\ST\STM32CubeIDE_1.17.0\STM32CubeIDE\plugins\com.st.stm32cube.common.mx_6.13.0.202411220809\\db\/plugins/boardmanager/
2024-12-23 14:49:44,827 [INFO] ApiDb:261 - Set plugin images path to: C:\ST\STM32CubeIDE_1.17.0\STM32CubeIDE\plugins\com.st.stm32cube.common.mx_6.13.0.202411220809\\db\/plugins/mcufinder/images/
2024-12-23 14:49:44,827 [WARN] DbFile:41 - Overriding database path with different value: C:\Users\tcbir\.stmcufinder\plugins\mcufinder/ => C:\Users\tcbir\.stmcufinder\plugins\mcufinder
2024-12-23 14:49:44,828 [INFO] ApiDb:250 - Set database path to: C:\Users\tcbir\.stmcufinder\plugins\mcufinder//mcu/
2024-12-23 14:49:44,828 [WARN] DbFile:41 - Overriding database path with different value: C:\Users\tcbir\.stmcufinder\plugins\mcufinder/ => C:\Users\tcbir\.stmcufinder\plugins\mcufinder
2024-12-23 14:49:44,828 [INFO] DbMcusAds:125 - Set database path to: C:\Users\tcbir\.stmcufinder\plugins\mcufinder//mcu/
2024-12-23 14:49:44,828 [WARN] DbFile:41 - Overriding database path with different value: C:\Users\tcbir\.stmcufinder\plugins\mcufinder/ => C:\Users\tcbir\.stmcufinder\plugins\mcufinder
2024-12-23 14:49:44,828 [WARN] DbFile:41 - Overriding database path with different value: C:\Users\tcbir\.stmcufinder\plugins\mcufinder/ => C:\Users\tcbir\.stmcufinder\plugins\mcufinder
2024-12-23 14:49:44,828 [INFO] CrossReferenceDbSqlite:203 - Set database path to: C:\Users\tcbir\.stmcufinder\plugins\mcufinder//mcu/cs/
2024-12-23 14:49:44,851 [INFO] ApplicationProperties:184 - Using Application install path: C:\ST\STM32CubeIDE_1.17.0\STM32CubeIDE\plugins\com.st.stm32cube.common.mx_6.13.0.202411220809
2024-12-23 14:49:44,853 [INFO] PluginManage:196 - Search for loadable plugins [exclusion list=, ]
2024-12-23 14:49:44,854 [INFO] PluginManage:310 - Check plugin analytics
2024-12-23 14:49:45,080 [INFO] AnalyticsPlugin:253 - Accepted Software Licenses: 
2024-12-23 14:49:45,080 [INFO] AnalyticsPlugin:255 - Accepted CMSIS Pack Licenses: 
2024-12-23 14:49:45,082 [INFO] AnalyticsPlugin:257 - Accepted Firmware Licenses: 
2024-12-23 14:49:45,086 [INFO] PluginManage:359 - Loaded plugin analytics (category:tool,tabindex:-1)
2024-12-23 14:49:45,086 [INFO] PluginManage:310 - Check plugin cadmodel
2024-12-23 14:49:45,094 [INFO] CADModel:105 - Init CAD model plugin
2024-12-23 14:49:45,094 [INFO] PluginManage:359 - Loaded plugin cadmodel (category:power,tabindex:5)
2024-12-23 14:49:45,094 [INFO] PluginManage:310 - Check plugin clock
2024-12-23 14:49:45,107 [INFO] PluginManage:359 - Loaded plugin clock (category:base,tabindex:2)
2024-12-23 14:49:45,107 [INFO] PluginManage:310 - Check plugin ddr
2024-12-23 14:49:45,110 [INFO] PluginManage:359 - Loaded plugin ddr (category:tool,tabindex:6)
2024-12-23 14:49:45,111 [INFO] PluginManage:310 - Check plugin filemanager
2024-12-23 14:49:45,303 [INFO] PluginManage:359 - Loaded plugin filemanager (category:base,tabindex:10)
2024-12-23 14:49:45,303 [INFO] PluginManage:310 - Check plugin ipmanager
2024-12-23 14:49:45,313 [INFO] PluginManage:359 - Loaded plugin ipmanager (category:base,tabindex:5)
2024-12-23 14:49:45,313 [INFO] PluginManage:310 - Check plugin lpbam
2024-12-23 14:49:45,331 [INFO] PluginManage:359 - Loaded plugin lpbam (category:base,tabindex:0)
2024-12-23 14:49:45,331 [INFO] PluginManage:310 - Check plugin memorymap
2024-12-23 14:49:45,344 [INFO] PluginManage:359 - Loaded plugin memorymap (category:base,tabindex:4)
2024-12-23 14:49:45,345 [INFO] PluginManage:310 - Check plugin pinoutandconfiguration
2024-12-23 14:49:45,353 [INFO] PluginManage:359 - Loaded plugin pinoutandconfiguration (category:base,tabindex:1)
2024-12-23 14:49:45,353 [INFO] PluginManage:310 - Check plugin pinoutconfig
2024-12-23 14:49:45,486 [WARN] SupportedApi:132 - Cannot load RTOS API schema: s4s-elt-must-match.1: The content of 'definitions' must match (annotation?, (simpleType | complexType)?, (unique | key | keyref)*)). A problem was found starting at: attribute.
2024-12-23 14:49:45,631 [INFO] PluginManage:359 - Loaded plugin pinoutconfig (category:base,tabindex:0)
2024-12-23 14:49:45,631 [INFO] PluginManage:310 - Check plugin power
2024-12-23 14:49:45,644 [INFO] PluginManage:359 - Loaded plugin power (category:power,tabindex:4)
2024-12-23 14:49:45,644 [INFO] PluginManage:310 - Check plugin projectmanager
2024-12-23 14:49:45,667 [INFO] PluginManage:359 - Loaded plugin projectmanager (category:projectmanager,tabindex:4)
2024-12-23 14:49:45,667 [INFO] PluginManage:310 - Check plugin rif
2024-12-23 14:49:45,679 [INFO] PluginManage:359 - Loaded plugin rif (category:base,tabindex:3)
2024-12-23 14:49:45,679 [INFO] PluginManage:310 - Check plugin thirdparty
2024-12-23 14:49:45,845 [WARN] IntegrityCheckThread:84 - waiting for thirdparty lock release [integrity check]
2024-12-23 14:49:45,845 [INFO] PluginManage:359 - Loaded plugin thirdparty (category:base,tabindex:-1)
2024-12-23 14:49:45,845 [INFO] IntegrityCheckThread:86 - entering critical section [integrity check]
2024-12-23 14:49:45,845 [INFO] PluginManage:310 - Check plugin tools
2024-12-23 14:49:45,846 [INFO] ThirdPartyUpdaterWithRetryManager:70 - Updater plugin not ready yet. [1/15]
2024-12-23 14:49:45,849 [INFO] PluginManage:359 - Loaded plugin tools (category:base,tabindex:7)
2024-12-23 14:49:45,851 [INFO] PluginManage:310 - Check plugin tutovideos
2024-12-23 14:49:46,027 [INFO] PluginManage:359 - Loaded plugin tutovideos (category:base,tabindex:-1)
2024-12-23 14:49:46,027 [INFO] PluginManage:310 - Check plugin updater
2024-12-23 14:49:46,048 [INFO] PluginManage:359 - Loaded plugin updater (category:base,tabindex:12)
2024-12-23 14:49:46,048 [INFO] PluginManage:310 - Check plugin userauth
2024-12-23 14:49:46,052 [INFO] UserAuth:118 - Init User Auth plugin
2024-12-23 14:49:46,054 [INFO] PluginManage:359 - Loaded plugin userauth (category:base,tabindex:14)
2024-12-23 14:49:46,054 [INFO] PluginManage:283 - PluginManage : Loaded plugins [18]
2024-12-23 14:49:46,298 [INFO] PinOutPanel:1589 - setPackage(No Configuration,No Configuration)
2024-12-23 14:49:46,399 [INFO] CADModel:165 - CPN selected for project level
2024-12-23 14:49:46,400 [INFO] CADModel:114 - Register for checkConnection events
2024-12-23 14:49:46,424 [INFO] IPUIPlugin:80 - create IPUIPlugin
2024-12-23 14:49:46,424 [INFO] PluginManager:220 - loadIPPluginJar : add adc
2024-12-23 14:49:46,427 [INFO] IPUIPlugin:80 - create IPUIPlugin
2024-12-23 14:49:46,428 [INFO] PluginManager:220 - loadIPPluginJar : add aes
2024-12-23 14:49:46,431 [INFO] IPUIPlugin:80 - create IPUIPlugin
2024-12-23 14:49:46,431 [INFO] PluginManager:220 - loadIPPluginJar : add can
2024-12-23 14:49:46,433 [INFO] IPUIPlugin:80 - create IPUIPlugin
2024-12-23 14:49:46,433 [INFO] PluginManager:220 - loadIPPluginJar : add comp
2024-12-23 14:49:46,436 [INFO] IPUIPlugin:80 - create IPUIPlugin
2024-12-23 14:49:46,436 [INFO] PluginManager:220 - loadIPPluginJar : add cryp
2024-12-23 14:49:46,440 [INFO] IPUIPlugin:80 - create IPUIPlugin
2024-12-23 14:49:46,440 [INFO] PluginManager:220 - loadIPPluginJar : add ddr_ctrl_phy
2024-12-23 14:49:46,444 [INFO] IPUIPlugin:80 - create IPUIPlugin
2024-12-23 14:49:46,444 [INFO] PluginManager:220 - loadIPPluginJar : add dfsdm
2024-12-23 14:49:46,450 [INFO] IPUIPlugin:80 - create IPUIPlugin
2024-12-23 14:49:46,452 [INFO] PluginManager:220 - loadIPPluginJar : add dma
2024-12-23 14:49:46,456 [INFO] IPUIPlugin:80 - create IPUIPlugin
2024-12-23 14:49:46,456 [INFO] PluginManager:220 - loadIPPluginJar : add dma3
2024-12-23 14:49:46,460 [INFO] IPUIPlugin:80 - create IPUIPlugin
2024-12-23 14:49:46,461 [INFO] PluginManager:220 - loadIPPluginJar : add extmemmanager
2024-12-23 14:49:46,463 [INFO] IPUIPlugin:80 - create IPUIPlugin
2024-12-23 14:49:46,463 [INFO] PluginManager:220 - loadIPPluginJar : add fatfs
2024-12-23 14:49:46,468 [INFO] IPUIPlugin:80 - create IPUIPlugin
2024-12-23 14:49:46,468 [INFO] PluginManager:220 - loadIPPluginJar : add fmc
2024-12-23 14:49:46,475 [INFO] IPUIPlugin:80 - create IPUIPlugin
2024-12-23 14:49:46,475 [INFO] PluginManager:220 - loadIPPluginJar : add freertos
2024-12-23 14:49:46,478 [INFO] IPUIPlugin:80 - create IPUIPlugin
2024-12-23 14:49:46,478 [INFO] PluginManager:220 - loadIPPluginJar : add genericplugin
2024-12-23 14:49:46,480 [INFO] IPUIPlugin:80 - create IPUIPlugin
2024-12-23 14:49:46,481 [INFO] PluginManager:220 - loadIPPluginJar : add gfxmmu
2024-12-23 14:49:46,487 [INFO] IPUIPlugin:80 - create IPUIPlugin
2024-12-23 14:49:46,487 [INFO] PluginManager:220 - loadIPPluginJar : add gic
2024-12-23 14:49:46,493 [INFO] IPUIPlugin:80 - create IPUIPlugin
2024-12-23 14:49:46,493 [INFO] PluginManager:220 - loadIPPluginJar : add gpio
2024-12-23 14:49:46,496 [INFO] IPUIPlugin:80 - create IPUIPlugin
2024-12-23 14:49:46,497 [INFO] PluginManager:220 - loadIPPluginJar : add gtzc
2024-12-23 14:49:46,500 [INFO] IPUIPlugin:80 - create IPUIPlugin
2024-12-23 14:49:46,500 [INFO] PluginManager:220 - loadIPPluginJar : add hash
2024-12-23 14:49:46,503 [INFO] IPUIPlugin:80 - create IPUIPlugin
2024-12-23 14:49:46,503 [INFO] PluginManager:220 - loadIPPluginJar : add i2c
2024-12-23 14:49:46,508 [INFO] IPUIPlugin:80 - create IPUIPlugin
2024-12-23 14:49:46,508 [INFO] PluginManager:220 - loadIPPluginJar : add i2s
2024-12-23 14:49:46,511 [INFO] IPUIPlugin:80 - create IPUIPlugin
2024-12-23 14:49:46,511 [INFO] PluginManager:220 - loadIPPluginJar : add i3c
2024-12-23 14:49:46,515 [INFO] IPUIPlugin:80 - create IPUIPlugin
2024-12-23 14:49:46,515 [INFO] PluginManager:220 - loadIPPluginJar : add ipddr
2024-12-23 14:49:46,521 [INFO] IPUIPlugin:80 - create IPUIPlugin
2024-12-23 14:49:46,522 [INFO] PluginManager:220 - loadIPPluginJar : add linkedlist
2024-12-23 14:49:46,526 [INFO] IPUIPlugin:80 - create IPUIPlugin
2024-12-23 14:49:46,527 [INFO] PluginManager:220 - loadIPPluginJar : add lorawan
2024-12-23 14:49:46,528 [INFO] IPUIPlugin:80 - create IPUIPlugin
2024-12-23 14:49:46,528 [INFO] PluginManager:220 - loadIPPluginJar : add ltdc
2024-12-23 14:49:46,534 [INFO] IPUIPlugin:80 - create IPUIPlugin
2024-12-23 14:49:46,534 [INFO] PluginManager:220 - loadIPPluginJar : add mdma
2024-12-23 14:49:46,539 [INFO] IPUIPlugin:80 - create IPUIPlugin
2024-12-23 14:49:46,539 [INFO] PluginManager:220 - loadIPPluginJar : add nvic
2024-12-23 14:49:46,543 [INFO] IPUIPlugin:80 - create IPUIPlugin
2024-12-23 14:49:46,543 [INFO] PluginManager:220 - loadIPPluginJar : add opamp
2024-12-23 14:49:46,546 [INFO] IPUIPlugin:80 - create IPUIPlugin
2024-12-23 14:49:46,546 [INFO] PluginManager:220 - loadIPPluginJar : add openamp
2024-12-23 14:49:46,551 [INFO] IPUIPlugin:80 - create IPUIPlugin
2024-12-23 14:49:46,551 [INFO] PluginManager:220 - loadIPPluginJar : add pdm2pcm
2024-12-23 14:49:46,558 [INFO] IPUIPlugin:80 - create IPUIPlugin
2024-12-23 14:49:46,562 [INFO] PluginManager:220 - loadIPPluginJar : add plateformsettings
2024-12-23 14:49:46,564 [INFO] IPUIPlugin:80 - create IPUIPlugin
2024-12-23 14:49:46,564 [INFO] PluginManager:220 - loadIPPluginJar : add quadspi
2024-12-23 14:49:46,566 [INFO] IPUIPlugin:80 - create IPUIPlugin
2024-12-23 14:49:46,567 [INFO] PluginManager:220 - loadIPPluginJar : add radio
2024-12-23 14:49:46,570 [INFO] IPUIPlugin:80 - create IPUIPlugin
2024-12-23 14:49:46,570 [INFO] PluginManager:220 - loadIPPluginJar : add resmgrutility
2024-12-23 14:49:46,578 [INFO] IPUIPlugin:80 - create IPUIPlugin
2024-12-23 14:49:46,578 [INFO] PluginManager:220 - loadIPPluginJar : add sai
2024-12-23 14:49:46,581 [INFO] IPUIPlugin:80 - create IPUIPlugin
2024-12-23 14:49:46,581 [INFO] PluginManager:220 - loadIPPluginJar : add spi
2024-12-23 14:49:46,587 [INFO] IPUIPlugin:80 - create IPUIPlugin
2024-12-23 14:49:46,588 [INFO] PluginManager:220 - loadIPPluginJar : add stm32_wpan
2024-12-23 14:49:46,590 [INFO] IPUIPlugin:80 - create IPUIPlugin
2024-12-23 14:49:46,590 [INFO] PluginManager:220 - loadIPPluginJar : add tim
2024-12-23 14:49:46,595 [INFO] IPUIPlugin:80 - create IPUIPlugin
2024-12-23 14:49:46,595 [INFO] PluginManager:220 - loadIPPluginJar : add touchsensing
2024-12-23 14:49:46,598 [INFO] IPUIPlugin:80 - create IPUIPlugin
2024-12-23 14:49:46,598 [INFO] PluginManager:220 - loadIPPluginJar : add tracer_emb
2024-12-23 14:49:46,600 [INFO] IPUIPlugin:80 - create IPUIPlugin
2024-12-23 14:49:46,600 [INFO] PluginManager:220 - loadIPPluginJar : add ts
2024-12-23 14:49:46,602 [INFO] IPUIPlugin:80 - create IPUIPlugin
2024-12-23 14:49:46,602 [INFO] PluginManager:220 - loadIPPluginJar : add tsc
2024-12-23 14:49:46,604 [INFO] IPUIPlugin:80 - create IPUIPlugin
2024-12-23 14:49:46,604 [INFO] PluginManager:220 - loadIPPluginJar : add ucpd
2024-12-23 14:49:46,609 [INFO] IPUIPlugin:80 - create IPUIPlugin
2024-12-23 14:49:46,609 [INFO] PluginManager:220 - loadIPPluginJar : add usart
2024-12-23 14:49:46,612 [INFO] IPUIPlugin:80 - create IPUIPlugin
2024-12-23 14:49:46,613 [INFO] PluginManager:220 - loadIPPluginJar : add usbx
2024-12-23 14:49:46,760 [FATAL] Updater:351 - Updater called before beeing initialized
2024-12-23 14:49:46,793 [INFO] RulesReader:64 - Compatibility file has been processed (297 Rules)
2024-12-23 14:49:46,808 [INFO] RulesReader:64 - Compatibility file has been processed (297 Rules)
2024-12-23 14:49:46,820 [INFO] CADModel:165 - CPN selected for project level
2024-12-23 14:49:46,820 [INFO] CADModel:114 - Register for checkConnection events
2024-12-23 14:49:46,820 [FATAL] Updater:351 - Updater called before beeing initialized
2024-12-23 14:49:46,821 [ERROR] CADModel:125 - Updater not yet initialized, retry later 
2024-12-23 14:49:47,031 [FATAL] Updater:351 - Updater called before beeing initialized
2024-12-23 14:49:47,033 [INFO] CADModel:165 - CPN selected for project level
2024-12-23 14:49:47,033 [INFO] CADModel:114 - Register for checkConnection events
2024-12-23 14:49:47,033 [FATAL] Updater:351 - Updater called before beeing initialized
2024-12-23 14:49:47,033 [ERROR] CADModel:125 - Updater not yet initialized, retry later 
2024-12-23 14:49:47,036 [FATAL] Updater:351 - Updater called before beeing initialized
2024-12-23 14:49:47,184 [FATAL] Updater:351 - Updater called before beeing initialized
2024-12-23 14:49:47,188 [INFO] DbMcusAds:53 - JSON generation date=Wed Sep 29 23:55:09 PDT 2021 (1632984909247)
2024-12-23 14:49:47,188 [FATAL] Updater:351 - Updater called before beeing initialized
2024-12-23 14:49:47,231 [WARN] DetailPanel:346 - Failed to get advertising image, set to default
2024-12-23 14:49:47,513 [FATAL] Updater:351 - Updater called before beeing initialized
2024-12-23 14:49:47,515 [FATAL] Updater:351 - Updater called before beeing initialized
2024-12-23 14:49:47,515 [FATAL] Updater:351 - Updater called before beeing initialized
2024-12-23 14:49:47,515 [WARN] DetailPanel:346 - Failed to get advertising image, set to default
2024-12-23 14:49:47,516 [FATAL] Updater:351 - Updater called before beeing initialized
2024-12-23 14:49:47,568 [ERROR] Updater:1198 - MainUpdater not yet initialized. External WinMGr cannot be set.
2024-12-23 14:49:47,570 [INFO] Updater:1134 - Updater Version found : 6.13.0
2024-12-23 14:49:47,587 [INFO] ApplicationProperties:184 - Using Application install path: C:\ST\STM32CubeIDE_1.17.0\STM32CubeIDE\plugins\com.st.stm32cube.common.mx_6.13.0.202411220809
2024-12-23 14:49:48,847 [INFO] ThirdPartyUpdaterWithRetryManager:70 - Updater plugin not ready yet. [2/15]
2024-12-23 14:49:49,156 [ERROR] LogOutputStream:75 - [STDERR_REDIRECT] Dec 23, 2024 2:49:49 PM java.util.prefs.WindowsPreferences <init>
2024-12-23 14:49:49,158 [ERROR] LogOutputStream:75 - [STDERR_REDIRECT] WARNING: Could not open/create prefs root node Software\JavaSoft\Prefs at root 0xffffffff80000002. Windows RegCreateKeyEx(...) returned error code 5.
2024-12-23 14:49:49,158 [ERROR] LogOutputStream:75 - [STDERR_REDIRECT] 
2024-12-23 14:49:49,523 [INFO] MainUpdater:2872 - connection check result : 10
2024-12-23 14:49:49,523 [INFO] MainUpdater:3566 - Updater definition file requires update
2024-12-23 14:49:49,525 [INFO] MainUpdater:289 - Updater Check For Update Now.
2024-12-23 14:49:49,525 [INFO] MicroXplorer:498 - Change Database Version : DB.6.0.130
2024-12-23 14:49:49,536 [INFO] McuFinderGlobals:63 - Set McuFinder mode to 2 (CubeIDE integrated)
2024-12-23 14:49:49,537 [INFO] UserAuth:171 - activating auth plugin
2024-12-23 14:49:49,539 [INFO] UserAuth:486 - Internet connection configuration mode: 1
2024-12-23 14:49:49,551 [INFO] JxBrowserEngine:152 - Initiate JxBrowser Engine with user profile folder
2024-12-23 14:49:49,573 [INFO] ServerAccessManage:473 - Download File updaters.zip
2024-12-23 14:49:49,753 [INFO] FileExtend:240 - Unzip File : updaters.zip
2024-12-23 14:49:49,754 [INFO] FileExtend:255 - Standard Zip Deflate
2024-12-23 14:49:50,361 [INFO] ServerAccessManage:473 - Download File PacksControlFlags.xml
2024-12-23 14:49:50,491 [INFO] ServerAccessManage:473 - Download File cubemx.pidx
2024-12-23 14:49:50,705 [INFO] LoadServerUpdatesThread:375 - End of LoadServerUpdate Thread
2024-12-23 14:49:50,839 [WARN] CheckServerUpdateThread:151 - Open CheckUpdateFile Fail
2024-12-23 14:49:50,974 [INFO] CheckServerUpdateThread:120 - End of CheckServer Thread
2024-12-23 14:49:51,384 [INFO] WebApp:168 - Instantiating new browser for Auth
2024-12-23 14:49:52,067 [WARN] PackLoader:240 - Cannot read IP mode file for STMicroelectronics.FP-SNS-MOTENVWB1.1.4.0
2024-12-23 14:49:52,081 [WARN] PackLoader:240 - Cannot read IP mode file for STMicroelectronics.FP-SNS-FLIGHT1.5.0.2
2024-12-23 14:49:52,107 [WARN] PackLoader:240 - Cannot read IP mode file for STMicroelectronics.X-CUBE-DISPLAY.3.0.0
2024-12-23 14:49:52,134 [WARN] PackLoader:240 - Cannot read IP mode file for STMicroelectronics.X-CUBE-BLE1.7.0.0
2024-12-23 14:49:52,146 [WARN] PackLoader:240 - Cannot read IP mode file for STMicroelectronics.FP-SNS-SMARTAG2.1.2.0
2024-12-23 14:49:52,156 [WARN] PackLoader:240 - Cannot read IP mode file for STMicroelectronics.FP-SNS-MOTENV1.5.0.0
2024-12-23 14:49:52,168 [WARN] PackLoader:240 - Cannot read IP mode file for STMicroelectronics.X-CUBE-BLE2.3.3.0
2024-12-23 14:49:52,179 [WARN] PackLoader:240 - Cannot read IP mode file for STMicroelectronics.FP-ATR-SIGFOX1.3.2.0
2024-12-23 14:49:52,186 [WARN] PackLoader:240 - Cannot read IP mode file for STMicroelectronics.X-CUBE-AI.9.1.0
2024-12-23 14:49:52,201 [WARN] PackLoader:240 - Cannot read IP mode file for STMicroelectronics.FP-SNS-STBOX1.2.0.0
2024-12-23 14:49:52,218 [WARN] PackLoader:240 - Cannot read IP mode file for STMicroelectronics.X-CUBE-ALS.1.0.2
2024-12-23 14:49:52,220 [INFO] ThirdParty:978 - Integrity check success = true
2024-12-23 14:49:52,221 [INFO] IntegrityCheckThread:100 - exiting critical section [integrity check]
2024-12-23 14:49:52,221 [INFO] IntegrityCheckThread:103 - End integrity checks thread
2024-12-23 14:49:52,822 [INFO] WebApp:449 - Apply proxy settings
2024-12-23 14:49:52,824 [INFO] WebApp:534 - Chromium requires no authentication
2024-12-23 14:49:52,844 [INFO] WebApp:477 - Direct internet connection detected
2024-12-23 14:49:52,890 [INFO] WebApp:880 - Register for checkConnection events
2024-12-23 14:49:52,890 [INFO] WebApp:449 - Apply proxy settings
2024-12-23 14:49:52,890 [INFO] WebApp:534 - Chromium requires no authentication
2024-12-23 14:49:52,891 [INFO] WebApp:477 - Direct internet connection detected
2024-12-23 14:49:53,196 [INFO] WebApp:221 - Starting web application
2024-12-23 14:49:53,197 [INFO] WebApp:579 - Web application path used C:\ST\STM32CubeIDE_1.17.0\STM32CubeIDE\plugins\com.st.stm32cube.common.mx_6.13.0.202411220809\db\plugins\mcufinder\reactClient1\index.html
2024-12-23 14:49:53,541 [INFO] WebApp:187 - Connection restablished
2024-12-23 14:49:54,406 [ERROR] LogOutputStream:75 - [STDERR_REDIRECT] [Fatal Error] :1:1: Premature end of file.
2024-12-23 14:49:54,406 [ERROR] LogOutputStream:75 - [STDERR_REDIRECT] 
2024-12-23 14:49:54,877 [ERROR] LogOutputStream:75 - [STDERR_REDIRECT] [Fatal Error] :1:1: Premature end of file.
2024-12-23 14:49:54,878 [ERROR] LogOutputStream:75 - [STDERR_REDIRECT] 
2024-12-23 14:49:55,877 [ERROR] LogOutputStream:75 - [STDERR_REDIRECT] [Fatal Error] :1:1: Premature end of file.
2024-12-23 14:49:55,878 [ERROR] LogOutputStream:75 - [STDERR_REDIRECT] 
2024-12-23 14:49:56,871 [ERROR] LogOutputStream:75 - [STDERR_REDIRECT] [Fatal Error] :1:1: Premature end of file.
2024-12-23 14:49:56,872 [ERROR] LogOutputStream:75 - [STDERR_REDIRECT] 
2024-12-23 14:49:57,868 [ERROR] LogOutputStream:75 - [STDERR_REDIRECT] [Fatal Error] :1:1: Premature end of file.
2024-12-23 14:49:57,868 [ERROR] LogOutputStream:75 - [STDERR_REDIRECT] 
2024-12-23 14:49:58,867 [ERROR] LogOutputStream:75 - [STDERR_REDIRECT] [Fatal Error] :1:1: Premature end of file.
2024-12-23 14:49:58,868 [ERROR] LogOutputStream:75 - [STDERR_REDIRECT] 
2024-12-23 14:49:59,865 [ERROR] LogOutputStream:75 - [STDERR_REDIRECT] [Fatal Error] :1:1: Premature end of file.
2024-12-23 14:49:59,865 [ERROR] LogOutputStream:75 - [STDERR_REDIRECT] 
2024-12-23 14:50:01,377 [ERROR] LogOutputStream:75 - [STDERR_REDIRECT] [Fatal Error] :1:1: Premature end of file.
2024-12-23 14:50:01,378 [ERROR] LogOutputStream:75 - [STDERR_REDIRECT] 
2024-12-23 14:50:01,937 [ERROR] LogOutputStream:75 - [STDERR_REDIRECT] [Fatal Error] :1:1: Premature end of file.
2024-12-23 14:50:01,938 [ERROR] LogOutputStream:75 - [STDERR_REDIRECT] 
2024-12-23 14:50:57,944 [INFO] Activator:176 - 


2024-12-23 14:50:57,946 [INFO] Activator:177 - !SESSION log4j initialized
2024-12-23 14:51:02,495 [INFO] LogOutputStream:77 - [STDOUT_REDIRECT] 
2024-12-23 14:51:05,636 [INFO] ApplicationProperties:184 - Using Application install path: C:\ST\STM32CubeIDE_1.17.0\STM32CubeIDE\plugins\com.st.stm32cube.common.mx_6.13.0.202411220809
2024-12-23 14:51:05,656 [INFO] DbMcusXml:78 - Set database path to: C:\ST\STM32CubeIDE_1.17.0\STM32CubeIDE\plugins\com.st.stm32cube.common.mx_6.13.0.202411220809\\db\/mcu/
2024-12-23 14:51:05,656 [INFO] ApiDb:274 - Set plugin database path to: C:\ST\STM32CubeIDE_1.17.0\STM32CubeIDE\plugins\com.st.stm32cube.common.mx_6.13.0.202411220809\\db\/plugins/boardmanager/
2024-12-23 14:51:05,657 [WARN] ApiDb:259 - Overriding images path with different value:  => C:\ST\STM32CubeIDE_1.17.0\STM32CubeIDE\plugins\com.st.stm32cube.common.mx_6.13.0.202411220809\\db\/plugins/mcufinder/images/
2024-12-23 14:51:05,662 [INFO] ApiDb:250 - Set database path to: C:\Users\tcbir\.stmcufinder\plugins\mcufinder//mcu/
2024-12-23 14:51:05,663 [INFO] DbMcusAds:125 - Set database path to: C:\Users\tcbir\.stmcufinder\plugins\mcufinder//mcu/
2024-12-23 14:51:05,667 [INFO] CrossReferenceDbSqlite:203 - Set database path to: C:\Users\tcbir\.stmcufinder\plugins\mcufinder//mcu/cs/
2024-12-23 14:51:05,793 [INFO] RulesReader:64 - Compatibility file has been processed (297 Rules)
2024-12-23 14:51:05,896 [INFO] DbMcusXml:78 - Set database path to: C:\ST\STM32CubeIDE_1.17.0\STM32CubeIDE\plugins\com.st.stm32cube.common.mx_6.13.0.202411220809\\db\/mcu/
2024-12-23 14:51:05,896 [INFO] ApiDb:274 - Set plugin database path to: C:\ST\STM32CubeIDE_1.17.0\STM32CubeIDE\plugins\com.st.stm32cube.common.mx_6.13.0.202411220809\\db\/plugins/boardmanager/
2024-12-23 14:51:05,896 [INFO] ApiDb:261 - Set plugin images path to: C:\ST\STM32CubeIDE_1.17.0\STM32CubeIDE\plugins\com.st.stm32cube.common.mx_6.13.0.202411220809\\db\/plugins/mcufinder/images/
2024-12-23 14:51:05,896 [WARN] DbFile:41 - Overriding database path with different value: C:\Users\tcbir\.stmcufinder\plugins\mcufinder/ => C:\Users\tcbir\.stmcufinder\plugins\mcufinder
2024-12-23 14:51:05,897 [INFO] ApiDb:250 - Set database path to: C:\Users\tcbir\.stmcufinder\plugins\mcufinder//mcu/
2024-12-23 14:51:05,897 [WARN] DbFile:41 - Overriding database path with different value: C:\Users\tcbir\.stmcufinder\plugins\mcufinder/ => C:\Users\tcbir\.stmcufinder\plugins\mcufinder
2024-12-23 14:51:05,897 [INFO] DbMcusAds:125 - Set database path to: C:\Users\tcbir\.stmcufinder\plugins\mcufinder//mcu/
2024-12-23 14:51:05,897 [WARN] DbFile:41 - Overriding database path with different value: C:\Users\tcbir\.stmcufinder\plugins\mcufinder/ => C:\Users\tcbir\.stmcufinder\plugins\mcufinder
2024-12-23 14:51:05,897 [WARN] DbFile:41 - Overriding database path with different value: C:\Users\tcbir\.stmcufinder\plugins\mcufinder/ => C:\Users\tcbir\.stmcufinder\plugins\mcufinder
2024-12-23 14:51:05,897 [INFO] CrossReferenceDbSqlite:203 - Set database path to: C:\Users\tcbir\.stmcufinder\plugins\mcufinder//mcu/cs/
2024-12-23 14:51:06,019 [INFO] MainPanel:272 - HeapMemory: 268435456
2024-12-23 14:51:06,164 [INFO] DbMcusXml:78 - Set database path to: C:\ST\STM32CubeIDE_1.17.0\STM32CubeIDE\plugins\com.st.stm32cube.common.mx_6.13.0.202411220809\\db\/mcu/
2024-12-23 14:51:06,165 [INFO] ApiDb:274 - Set plugin database path to: C:\ST\STM32CubeIDE_1.17.0\STM32CubeIDE\plugins\com.st.stm32cube.common.mx_6.13.0.202411220809\\db\/plugins/boardmanager/
2024-12-23 14:51:06,165 [INFO] ApiDb:261 - Set plugin images path to: C:\ST\STM32CubeIDE_1.17.0\STM32CubeIDE\plugins\com.st.stm32cube.common.mx_6.13.0.202411220809\\db\/plugins/mcufinder/images/
2024-12-23 14:51:06,166 [WARN] DbFile:41 - Overriding database path with different value: C:\Users\tcbir\.stmcufinder\plugins\mcufinder/ => C:\Users\tcbir\.stmcufinder\plugins\mcufinder
2024-12-23 14:51:06,166 [INFO] ApiDb:250 - Set database path to: C:\Users\tcbir\.stmcufinder\plugins\mcufinder//mcu/
2024-12-23 14:51:06,166 [WARN] DbFile:41 - Overriding database path with different value: C:\Users\tcbir\.stmcufinder\plugins\mcufinder/ => C:\Users\tcbir\.stmcufinder\plugins\mcufinder
2024-12-23 14:51:06,166 [INFO] DbMcusAds:125 - Set database path to: C:\Users\tcbir\.stmcufinder\plugins\mcufinder//mcu/
2024-12-23 14:51:06,167 [WARN] DbFile:41 - Overriding database path with different value: C:\Users\tcbir\.stmcufinder\plugins\mcufinder/ => C:\Users\tcbir\.stmcufinder\plugins\mcufinder
2024-12-23 14:51:06,167 [WARN] DbFile:41 - Overriding database path with different value: C:\Users\tcbir\.stmcufinder\plugins\mcufinder/ => C:\Users\tcbir\.stmcufinder\plugins\mcufinder
2024-12-23 14:51:06,167 [INFO] CrossReferenceDbSqlite:203 - Set database path to: C:\Users\tcbir\.stmcufinder\plugins\mcufinder//mcu/cs/
2024-12-23 14:51:06,195 [INFO] ApplicationProperties:184 - Using Application install path: C:\ST\STM32CubeIDE_1.17.0\STM32CubeIDE\plugins\com.st.stm32cube.common.mx_6.13.0.202411220809
2024-12-23 14:51:06,198 [INFO] PluginManage:196 - Search for loadable plugins [exclusion list=, ]
2024-12-23 14:51:06,200 [INFO] PluginManage:310 - Check plugin analytics
2024-12-23 14:51:06,569 [INFO] AnalyticsPlugin:253 - Accepted Software Licenses: 
2024-12-23 14:51:06,570 [INFO] AnalyticsPlugin:255 - Accepted CMSIS Pack Licenses: 
2024-12-23 14:51:06,570 [INFO] AnalyticsPlugin:257 - Accepted Firmware Licenses: 
2024-12-23 14:51:06,578 [INFO] PluginManage:359 - Loaded plugin analytics (category:tool,tabindex:-1)
2024-12-23 14:51:06,580 [INFO] PluginManage:310 - Check plugin cadmodel
2024-12-23 14:51:06,590 [INFO] CADModel:105 - Init CAD model plugin
2024-12-23 14:51:06,592 [INFO] PluginManage:359 - Loaded plugin cadmodel (category:power,tabindex:5)
2024-12-23 14:51:06,592 [INFO] PluginManage:310 - Check plugin clock
2024-12-23 14:51:06,612 [INFO] PluginManage:359 - Loaded plugin clock (category:base,tabindex:2)
2024-12-23 14:51:06,613 [INFO] PluginManage:310 - Check plugin ddr
2024-12-23 14:51:06,618 [INFO] PluginManage:359 - Loaded plugin ddr (category:tool,tabindex:6)
2024-12-23 14:51:06,619 [INFO] PluginManage:310 - Check plugin filemanager
2024-12-23 14:51:06,949 [INFO] PluginManage:359 - Loaded plugin filemanager (category:base,tabindex:10)
2024-12-23 14:51:06,951 [INFO] PluginManage:310 - Check plugin ipmanager
2024-12-23 14:51:06,964 [INFO] PluginManage:359 - Loaded plugin ipmanager (category:base,tabindex:5)
2024-12-23 14:51:06,964 [INFO] PluginManage:310 - Check plugin lpbam
2024-12-23 14:51:06,985 [INFO] PluginManage:359 - Loaded plugin lpbam (category:base,tabindex:0)
2024-12-23 14:51:06,986 [INFO] PluginManage:310 - Check plugin memorymap
2024-12-23 14:51:07,005 [INFO] PluginManage:359 - Loaded plugin memorymap (category:base,tabindex:4)
2024-12-23 14:51:07,006 [INFO] PluginManage:310 - Check plugin pinoutandconfiguration
2024-12-23 14:51:07,020 [INFO] PluginManage:359 - Loaded plugin pinoutandconfiguration (category:base,tabindex:1)
2024-12-23 14:51:07,021 [INFO] PluginManage:310 - Check plugin pinoutconfig
2024-12-23 14:51:07,185 [WARN] SupportedApi:132 - Cannot load RTOS API schema: s4s-elt-must-match.1: The content of 'definitions' must match (annotation?, (simpleType | complexType)?, (unique | key | keyref)*)). A problem was found starting at: attribute.
2024-12-23 14:51:07,412 [INFO] PluginManage:359 - Loaded plugin pinoutconfig (category:base,tabindex:0)
2024-12-23 14:51:07,413 [INFO] PluginManage:310 - Check plugin power
2024-12-23 14:51:07,428 [INFO] PluginManage:359 - Loaded plugin power (category:power,tabindex:4)
2024-12-23 14:51:07,428 [INFO] PluginManage:310 - Check plugin projectmanager
2024-12-23 14:51:07,463 [INFO] PluginManage:359 - Loaded plugin projectmanager (category:projectmanager,tabindex:4)
2024-12-23 14:51:07,464 [INFO] PluginManage:310 - Check plugin rif
2024-12-23 14:51:07,475 [INFO] PluginManage:359 - Loaded plugin rif (category:base,tabindex:3)
2024-12-23 14:51:07,476 [INFO] PluginManage:310 - Check plugin thirdparty
2024-12-23 14:51:07,693 [INFO] PluginManage:359 - Loaded plugin thirdparty (category:base,tabindex:-1)
2024-12-23 14:51:07,693 [WARN] IntegrityCheckThread:84 - waiting for thirdparty lock release [integrity check]
2024-12-23 14:51:07,693 [INFO] PluginManage:310 - Check plugin tools
2024-12-23 14:51:07,693 [INFO] IntegrityCheckThread:86 - entering critical section [integrity check]
2024-12-23 14:51:07,694 [INFO] ThirdPartyUpdaterWithRetryManager:70 - Updater plugin not ready yet. [1/15]
2024-12-23 14:51:07,697 [INFO] PluginManage:359 - Loaded plugin tools (category:base,tabindex:7)
2024-12-23 14:51:07,698 [INFO] PluginManage:310 - Check plugin tutovideos
2024-12-23 14:51:07,922 [INFO] PluginManage:359 - Loaded plugin tutovideos (category:base,tabindex:-1)
2024-12-23 14:51:07,922 [INFO] PluginManage:310 - Check plugin updater
2024-12-23 14:51:07,948 [INFO] PluginManage:359 - Loaded plugin updater (category:base,tabindex:12)
2024-12-23 14:51:07,948 [INFO] PluginManage:310 - Check plugin userauth
2024-12-23 14:51:07,953 [INFO] UserAuth:118 - Init User Auth plugin
2024-12-23 14:51:07,954 [INFO] PluginManage:359 - Loaded plugin userauth (category:base,tabindex:14)
2024-12-23 14:51:07,955 [INFO] PluginManage:283 - PluginManage : Loaded plugins [18]
2024-12-23 14:51:08,249 [INFO] PinOutPanel:1589 - setPackage(No Configuration,No Configuration)
2024-12-23 14:51:08,354 [INFO] CADModel:165 - CPN selected for project level
2024-12-23 14:51:08,354 [INFO] CADModel:114 - Register for checkConnection events
2024-12-23 14:51:08,371 [INFO] IPUIPlugin:80 - create IPUIPlugin
2024-12-23 14:51:08,371 [INFO] PluginManager:220 - loadIPPluginJar : add adc
2024-12-23 14:51:08,373 [INFO] IPUIPlugin:80 - create IPUIPlugin
2024-12-23 14:51:08,373 [INFO] PluginManager:220 - loadIPPluginJar : add aes
2024-12-23 14:51:08,378 [INFO] IPUIPlugin:80 - create IPUIPlugin
2024-12-23 14:51:08,378 [INFO] PluginManager:220 - loadIPPluginJar : add can
2024-12-23 14:51:08,380 [INFO] IPUIPlugin:80 - create IPUIPlugin
2024-12-23 14:51:08,380 [INFO] PluginManager:220 - loadIPPluginJar : add comp
2024-12-23 14:51:08,382 [INFO] IPUIPlugin:80 - create IPUIPlugin
2024-12-23 14:51:08,383 [INFO] PluginManager:220 - loadIPPluginJar : add cryp
2024-12-23 14:51:08,385 [INFO] IPUIPlugin:80 - create IPUIPlugin
2024-12-23 14:51:08,385 [INFO] PluginManager:220 - loadIPPluginJar : add ddr_ctrl_phy
2024-12-23 14:51:08,388 [INFO] IPUIPlugin:80 - create IPUIPlugin
2024-12-23 14:51:08,388 [INFO] PluginManager:220 - loadIPPluginJar : add dfsdm
2024-12-23 14:51:08,394 [INFO] IPUIPlugin:80 - create IPUIPlugin
2024-12-23 14:51:08,395 [INFO] PluginManager:220 - loadIPPluginJar : add dma
2024-12-23 14:51:08,398 [INFO] IPUIPlugin:80 - create IPUIPlugin
2024-12-23 14:51:08,398 [INFO] PluginManager:220 - loadIPPluginJar : add dma3
2024-12-23 14:51:08,401 [INFO] IPUIPlugin:80 - create IPUIPlugin
2024-12-23 14:51:08,401 [INFO] PluginManager:220 - loadIPPluginJar : add extmemmanager
2024-12-23 14:51:08,403 [INFO] IPUIPlugin:80 - create IPUIPlugin
2024-12-23 14:51:08,403 [INFO] PluginManager:220 - loadIPPluginJar : add fatfs
2024-12-23 14:51:08,409 [INFO] IPUIPlugin:80 - create IPUIPlugin
2024-12-23 14:51:08,409 [INFO] PluginManager:220 - loadIPPluginJar : add fmc
2024-12-23 14:51:08,417 [INFO] IPUIPlugin:80 - create IPUIPlugin
2024-12-23 14:51:08,417 [INFO] PluginManager:220 - loadIPPluginJar : add freertos
2024-12-23 14:51:08,421 [INFO] IPUIPlugin:80 - create IPUIPlugin
2024-12-23 14:51:08,421 [INFO] PluginManager:220 - loadIPPluginJar : add genericplugin
2024-12-23 14:51:08,426 [INFO] IPUIPlugin:80 - create IPUIPlugin
2024-12-23 14:51:08,426 [INFO] PluginManager:220 - loadIPPluginJar : add gfxmmu
2024-12-23 14:51:08,433 [INFO] IPUIPlugin:80 - create IPUIPlugin
2024-12-23 14:51:08,433 [INFO] PluginManager:220 - loadIPPluginJar : add gic
2024-12-23 14:51:08,438 [INFO] IPUIPlugin:80 - create IPUIPlugin
2024-12-23 14:51:08,439 [INFO] PluginManager:220 - loadIPPluginJar : add gpio
2024-12-23 14:51:08,443 [INFO] IPUIPlugin:80 - create IPUIPlugin
2024-12-23 14:51:08,444 [INFO] PluginManager:220 - loadIPPluginJar : add gtzc
2024-12-23 14:51:08,448 [INFO] IPUIPlugin:80 - create IPUIPlugin
2024-12-23 14:51:08,449 [INFO] PluginManager:220 - loadIPPluginJar : add hash
2024-12-23 14:51:08,455 [INFO] IPUIPlugin:80 - create IPUIPlugin
2024-12-23 14:51:08,456 [INFO] PluginManager:220 - loadIPPluginJar : add i2c
2024-12-23 14:51:08,461 [INFO] IPUIPlugin:80 - create IPUIPlugin
2024-12-23 14:51:08,461 [INFO] PluginManager:220 - loadIPPluginJar : add i2s
2024-12-23 14:51:08,464 [INFO] IPUIPlugin:80 - create IPUIPlugin
2024-12-23 14:51:08,466 [INFO] PluginManager:220 - loadIPPluginJar : add i3c
2024-12-23 14:51:08,471 [INFO] IPUIPlugin:80 - create IPUIPlugin
2024-12-23 14:51:08,472 [INFO] PluginManager:220 - loadIPPluginJar : add ipddr
2024-12-23 14:51:08,481 [INFO] IPUIPlugin:80 - create IPUIPlugin
2024-12-23 14:51:08,483 [INFO] PluginManager:220 - loadIPPluginJar : add linkedlist
2024-12-23 14:51:08,491 [INFO] IPUIPlugin:80 - create IPUIPlugin
2024-12-23 14:51:08,492 [INFO] PluginManager:220 - loadIPPluginJar : add lorawan
2024-12-23 14:51:08,494 [INFO] IPUIPlugin:80 - create IPUIPlugin
2024-12-23 14:51:08,495 [INFO] PluginManager:220 - loadIPPluginJar : add ltdc
2024-12-23 14:51:08,505 [INFO] IPUIPlugin:80 - create IPUIPlugin
2024-12-23 14:51:08,506 [INFO] PluginManager:220 - loadIPPluginJar : add mdma
2024-12-23 14:51:08,514 [INFO] IPUIPlugin:80 - create IPUIPlugin
2024-12-23 14:51:08,514 [INFO] PluginManager:220 - loadIPPluginJar : add nvic
2024-12-23 14:51:08,518 [INFO] IPUIPlugin:80 - create IPUIPlugin
2024-12-23 14:51:08,519 [INFO] PluginManager:220 - loadIPPluginJar : add opamp
2024-12-23 14:51:08,523 [INFO] IPUIPlugin:80 - create IPUIPlugin
2024-12-23 14:51:08,523 [INFO] PluginManager:220 - loadIPPluginJar : add openamp
2024-12-23 14:51:08,529 [INFO] IPUIPlugin:80 - create IPUIPlugin
2024-12-23 14:51:08,530 [INFO] PluginManager:220 - loadIPPluginJar : add pdm2pcm
2024-12-23 14:51:08,539 [INFO] IPUIPlugin:80 - create IPUIPlugin
2024-12-23 14:51:08,546 [INFO] PluginManager:220 - loadIPPluginJar : add plateformsettings
2024-12-23 14:51:08,549 [INFO] IPUIPlugin:80 - create IPUIPlugin
2024-12-23 14:51:08,549 [INFO] PluginManager:220 - loadIPPluginJar : add quadspi
2024-12-23 14:51:08,553 [INFO] IPUIPlugin:80 - create IPUIPlugin
2024-12-23 14:51:08,555 [INFO] PluginManager:220 - loadIPPluginJar : add radio
2024-12-23 14:51:08,566 [INFO] IPUIPlugin:80 - create IPUIPlugin
2024-12-23 14:51:08,566 [INFO] PluginManager:220 - loadIPPluginJar : add resmgrutility
2024-12-23 14:51:08,570 [INFO] IPUIPlugin:80 - create IPUIPlugin
2024-12-23 14:51:08,571 [INFO] PluginManager:220 - loadIPPluginJar : add sai
2024-12-23 14:51:08,574 [INFO] IPUIPlugin:80 - create IPUIPlugin
2024-12-23 14:51:08,574 [INFO] PluginManager:220 - loadIPPluginJar : add spi
2024-12-23 14:51:08,587 [INFO] IPUIPlugin:80 - create IPUIPlugin
2024-12-23 14:51:08,587 [INFO] PluginManager:220 - loadIPPluginJar : add stm32_wpan
2024-12-23 14:51:08,590 [INFO] IPUIPlugin:80 - create IPUIPlugin
2024-12-23 14:51:08,590 [INFO] PluginManager:220 - loadIPPluginJar : add tim
2024-12-23 14:51:08,596 [INFO] IPUIPlugin:80 - create IPUIPlugin
2024-12-23 14:51:08,596 [INFO] PluginManager:220 - loadIPPluginJar : add touchsensing
2024-12-23 14:51:08,600 [INFO] IPUIPlugin:80 - create IPUIPlugin
2024-12-23 14:51:08,601 [INFO] PluginManager:220 - loadIPPluginJar : add tracer_emb
2024-12-23 14:51:08,605 [INFO] IPUIPlugin:80 - create IPUIPlugin
2024-12-23 14:51:08,606 [INFO] PluginManager:220 - loadIPPluginJar : add ts
2024-12-23 14:51:08,611 [INFO] IPUIPlugin:80 - create IPUIPlugin
2024-12-23 14:51:08,611 [INFO] PluginManager:220 - loadIPPluginJar : add tsc
2024-12-23 14:51:08,613 [INFO] IPUIPlugin:80 - create IPUIPlugin
2024-12-23 14:51:08,614 [INFO] PluginManager:220 - loadIPPluginJar : add ucpd
2024-12-23 14:51:08,618 [INFO] IPUIPlugin:80 - create IPUIPlugin
2024-12-23 14:51:08,619 [INFO] PluginManager:220 - loadIPPluginJar : add usart
2024-12-23 14:51:08,623 [INFO] IPUIPlugin:80 - create IPUIPlugin
2024-12-23 14:51:08,623 [INFO] PluginManager:220 - loadIPPluginJar : add usbx
2024-12-23 14:51:08,778 [FATAL] Updater:351 - Updater called before beeing initialized
2024-12-23 14:51:08,817 [INFO] RulesReader:64 - Compatibility file has been processed (297 Rules)
2024-12-23 14:51:08,835 [INFO] RulesReader:64 - Compatibility file has been processed (297 Rules)
2024-12-23 14:51:08,846 [INFO] CADModel:165 - CPN selected for project level
2024-12-23 14:51:08,846 [INFO] CADModel:114 - Register for checkConnection events
2024-12-23 14:51:08,846 [FATAL] Updater:351 - Updater called before beeing initialized
2024-12-23 14:51:08,846 [ERROR] CADModel:125 - Updater not yet initialized, retry later 
2024-12-23 14:51:09,012 [FATAL] Updater:351 - Updater called before beeing initialized
2024-12-23 14:51:09,017 [INFO] CADModel:165 - CPN selected for project level
2024-12-23 14:51:09,017 [INFO] CADModel:114 - Register for checkConnection events
2024-12-23 14:51:09,017 [FATAL] Updater:351 - Updater called before beeing initialized
2024-12-23 14:51:09,017 [ERROR] CADModel:125 - Updater not yet initialized, retry later 
2024-12-23 14:51:09,021 [FATAL] Updater:351 - Updater called before beeing initialized
2024-12-23 14:51:09,201 [FATAL] Updater:351 - Updater called before beeing initialized
2024-12-23 14:51:09,207 [INFO] DbMcusAds:53 - JSON generation date=Wed Sep 29 23:55:09 PDT 2021 (1632984909247)
2024-12-23 14:51:09,207 [FATAL] Updater:351 - Updater called before beeing initialized
2024-12-23 14:51:09,262 [WARN] DetailPanel:346 - Failed to get advertising image, set to default
2024-12-23 14:51:09,611 [FATAL] Updater:351 - Updater called before beeing initialized
2024-12-23 14:51:09,613 [FATAL] Updater:351 - Updater called before beeing initialized
2024-12-23 14:51:09,613 [FATAL] Updater:351 - Updater called before beeing initialized
2024-12-23 14:51:09,614 [WARN] DetailPanel:346 - Failed to get advertising image, set to default
2024-12-23 14:51:09,615 [FATAL] Updater:351 - Updater called before beeing initialized
2024-12-23 14:51:09,668 [ERROR] Updater:1198 - MainUpdater not yet initialized. External WinMGr cannot be set.
2024-12-23 14:51:09,670 [INFO] Updater:1134 - Updater Version found : 6.13.0
2024-12-23 14:51:09,686 [INFO] ApplicationProperties:184 - Using Application install path: C:\ST\STM32CubeIDE_1.17.0\STM32CubeIDE\plugins\com.st.stm32cube.common.mx_6.13.0.202411220809
2024-12-23 14:51:10,696 [INFO] ThirdPartyUpdaterWithRetryManager:70 - Updater plugin not ready yet. [2/15]
2024-12-23 14:51:11,263 [ERROR] LogOutputStream:75 - [STDERR_REDIRECT] Dec 23, 2024 2:51:11 PM java.util.prefs.WindowsPreferences <init>
2024-12-23 14:51:11,266 [ERROR] LogOutputStream:75 - [STDERR_REDIRECT] WARNING: Could not open/create prefs root node Software\JavaSoft\Prefs at root 0xffffffff80000002. Windows RegCreateKeyEx(...) returned error code 5.
2024-12-23 14:51:11,266 [ERROR] LogOutputStream:75 - [STDERR_REDIRECT] 
2024-12-23 14:51:11,913 [INFO] MainUpdater:2872 - connection check result : 10
2024-12-23 14:51:11,914 [INFO] MainUpdater:289 - Updater Check For Update Now.
2024-12-23 14:51:11,914 [INFO] MicroXplorer:498 - Change Database Version : DB.6.0.130
2024-12-23 14:51:11,923 [INFO] McuFinderGlobals:63 - Set McuFinder mode to 2 (CubeIDE integrated)
2024-12-23 14:51:11,924 [INFO] UserAuth:171 - activating auth plugin
2024-12-23 14:51:11,927 [INFO] UserAuth:486 - Internet connection configuration mode: 1
2024-12-23 14:51:11,959 [INFO] JxBrowserEngine:152 - Initiate JxBrowser Engine with user profile folder
2024-12-23 14:51:12,134 [INFO] CheckServerUpdateThread:120 - End of CheckServer Thread
2024-12-23 14:51:12,876 [INFO] WebApp:168 - Instantiating new browser for Auth
2024-12-23 14:51:13,964 [WARN] PackLoader:240 - Cannot read IP mode file for STMicroelectronics.FP-SNS-MOTENVWB1.1.4.0
2024-12-23 14:51:13,980 [WARN] PackLoader:240 - Cannot read IP mode file for STMicroelectronics.FP-SNS-FLIGHT1.5.0.2
2024-12-23 14:51:14,011 [WARN] PackLoader:240 - Cannot read IP mode file for STMicroelectronics.X-CUBE-DISPLAY.3.0.0
2024-12-23 14:51:14,035 [WARN] PackLoader:240 - Cannot read IP mode file for STMicroelectronics.X-CUBE-BLE1.7.0.0
2024-12-23 14:51:14,045 [WARN] PackLoader:240 - Cannot read IP mode file for STMicroelectronics.FP-SNS-SMARTAG2.1.2.0
2024-12-23 14:51:14,054 [WARN] PackLoader:240 - Cannot read IP mode file for STMicroelectronics.FP-SNS-MOTENV1.5.0.0
2024-12-23 14:51:14,067 [WARN] PackLoader:240 - Cannot read IP mode file for STMicroelectronics.X-CUBE-BLE2.3.3.0
2024-12-23 14:51:14,078 [WARN] PackLoader:240 - Cannot read IP mode file for STMicroelectronics.FP-ATR-SIGFOX1.3.2.0
2024-12-23 14:51:14,087 [WARN] PackLoader:240 - Cannot read IP mode file for STMicroelectronics.X-CUBE-AI.9.1.0
2024-12-23 14:51:14,101 [WARN] PackLoader:240 - Cannot read IP mode file for STMicroelectronics.FP-SNS-STBOX1.2.0.0
2024-12-23 14:51:14,116 [WARN] PackLoader:240 - Cannot read IP mode file for STMicroelectronics.X-CUBE-ALS.1.0.2
2024-12-23 14:51:14,119 [INFO] ThirdParty:978 - Integrity check success = true
2024-12-23 14:51:14,119 [INFO] IntegrityCheckThread:100 - exiting critical section [integrity check]
2024-12-23 14:51:14,119 [INFO] IntegrityCheckThread:103 - End integrity checks thread
2024-12-23 14:51:14,140 [INFO] WebApp:449 - Apply proxy settings
2024-12-23 14:51:14,140 [INFO] WebApp:534 - Chromium requires no authentication
2024-12-23 14:51:14,154 [INFO] WebApp:477 - Direct internet connection detected
2024-12-23 14:51:14,187 [INFO] WebApp:880 - Register for checkConnection events
2024-12-23 14:51:14,187 [INFO] WebApp:449 - Apply proxy settings
2024-12-23 14:51:14,188 [INFO] WebApp:534 - Chromium requires no authentication
2024-12-23 14:51:14,188 [INFO] WebApp:477 - Direct internet connection detected
2024-12-23 14:51:14,432 [INFO] WebApp:221 - Starting web application
2024-12-23 14:51:14,432 [INFO] WebApp:579 - Web application path used C:\ST\STM32CubeIDE_1.17.0\STM32CubeIDE\plugins\com.st.stm32cube.common.mx_6.13.0.202411220809\db\plugins\mcufinder\reactClient1\index.html
2024-12-23 14:51:14,871 [INFO] WebApp:187 - Connection restablished
2024-12-23 14:51:15,164 [ERROR] LogOutputStream:75 - [STDERR_REDIRECT] [Fatal Error] :1:1: Premature end of file.
2024-12-23 14:51:15,165 [ERROR] LogOutputStream:75 - [STDERR_REDIRECT] 
2024-12-23 14:51:15,715 [ERROR] LogOutputStream:75 - [STDERR_REDIRECT] [Fatal Error] :1:1: Premature end of file.
2024-12-23 14:51:15,716 [ERROR] LogOutputStream:75 - [STDERR_REDIRECT] 
2024-12-23 14:51:16,712 [ERROR] LogOutputStream:75 - [STDERR_REDIRECT] [Fatal Error] :1:1: Premature end of file.
2024-12-23 14:51:16,713 [ERROR] LogOutputStream:75 - [STDERR_REDIRECT] 
2024-12-23 14:51:17,690 [ERROR] LogOutputStream:75 - [STDERR_REDIRECT] [Fatal Error] :1:1: Premature end of file.
2024-12-23 14:51:17,690 [ERROR] LogOutputStream:75 - [STDERR_REDIRECT] 
2024-12-23 14:51:18,667 [ERROR] LogOutputStream:75 - [STDERR_REDIRECT] [Fatal Error] :1:1: Premature end of file.
2024-12-23 14:51:18,667 [ERROR] LogOutputStream:75 - [STDERR_REDIRECT] 
2024-12-23 14:51:19,672 [ERROR] LogOutputStream:75 - [STDERR_REDIRECT] [Fatal Error] :1:1: Premature end of file.
2024-12-23 14:51:19,672 [ERROR] LogOutputStream:75 - [STDERR_REDIRECT] 
2024-12-23 14:51:20,708 [ERROR] LogOutputStream:75 - [STDERR_REDIRECT] [Fatal Error] :1:1: Premature end of file.
2024-12-23 14:51:20,709 [ERROR] LogOutputStream:75 - [STDERR_REDIRECT] 
2024-12-23 14:51:21,672 [ERROR] LogOutputStream:75 - [STDERR_REDIRECT] [Fatal Error] :1:1: Premature end of file.
2024-12-23 14:51:21,673 [ERROR] LogOutputStream:75 - [STDERR_REDIRECT] 
2024-12-23 14:51:22,675 [ERROR] LogOutputStream:75 - [STDERR_REDIRECT] [Fatal Error] :1:1: Premature end of file.
2024-12-23 14:51:22,676 [ERROR] LogOutputStream:75 - [STDERR_REDIRECT] 
2024-12-23 14:51:23,700 [ERROR] LogOutputStream:75 - [STDERR_REDIRECT] [Fatal Error] :1:1: Premature end of file.
2024-12-23 14:51:23,700 [ERROR] LogOutputStream:75 - [STDERR_REDIRECT] 
2024-12-23 14:51:24,666 [ERROR] LogOutputStream:75 - [STDERR_REDIRECT] [Fatal Error] :1:1: Premature end of file.
2024-12-23 14:51:24,666 [ERROR] LogOutputStream:75 - [STDERR_REDIRECT] 
2024-12-23 14:51:25,665 [ERROR] LogOutputStream:75 - [STDERR_REDIRECT] [Fatal Error] :1:1: Premature end of file.
2024-12-23 14:51:25,665 [ERROR] LogOutputStream:75 - [STDERR_REDIRECT] 
2024-12-23 14:51:26,666 [ERROR] LogOutputStream:75 - [STDERR_REDIRECT] [Fatal Error] :1:1: Premature end of file.
2024-12-23 14:51:26,666 [ERROR] LogOutputStream:75 - [STDERR_REDIRECT] 
2024-12-23 14:51:27,661 [ERROR] LogOutputStream:75 - [STDERR_REDIRECT] [Fatal Error] :1:1: Premature end of file.
2024-12-23 14:51:27,662 [ERROR] LogOutputStream:75 - [STDERR_REDIRECT] 
2024-12-23 14:51:28,667 [ERROR] LogOutputStream:75 - [STDERR_REDIRECT] [Fatal Error] :1:1: Premature end of file.
2024-12-23 14:51:28,668 [ERROR] LogOutputStream:75 - [STDERR_REDIRECT] 
2024-12-23 14:51:29,716 [ERROR] LogOutputStream:75 - [STDERR_REDIRECT] [Fatal Error] :1:1: Premature end of file.
2024-12-23 14:51:29,716 [ERROR] LogOutputStream:75 - [STDERR_REDIRECT] 
2024-12-23 14:51:30,669 [ERROR] LogOutputStream:75 - [STDERR_REDIRECT] [Fatal Error] :1:1: Premature end of file.
2024-12-23 14:51:30,669 [ERROR] LogOutputStream:75 - [STDERR_REDIRECT] 
2024-12-23 14:51:31,718 [ERROR] LogOutputStream:75 - [STDERR_REDIRECT] [Fatal Error] :1:1: Premature end of file.
2024-12-23 14:51:31,718 [ERROR] LogOutputStream:75 - [STDERR_REDIRECT] 
2024-12-23 14:51:32,664 [ERROR] LogOutputStream:75 - [STDERR_REDIRECT] [Fatal Error] :1:1: Premature end of file.
2024-12-23 14:51:32,664 [ERROR] LogOutputStream:75 - [STDERR_REDIRECT] 
2024-12-23 14:51:33,663 [ERROR] LogOutputStream:75 - [STDERR_REDIRECT] [Fatal Error] :1:1: Premature end of file.
2024-12-23 14:51:33,663 [ERROR] LogOutputStream:75 - [STDERR_REDIRECT] 
2024-12-23 14:51:34,667 [ERROR] LogOutputStream:75 - [STDERR_REDIRECT] [Fatal Error] :1:1: Premature end of file.
2024-12-23 14:51:34,667 [ERROR] LogOutputStream:75 - [STDERR_REDIRECT] 
2024-12-23 14:51:35,828 [ERROR] LogOutputStream:75 - [STDERR_REDIRECT] [Fatal Error] :1:1: Premature end of file.
2024-12-23 14:51:35,828 [ERROR] LogOutputStream:75 - [STDERR_REDIRECT] 
2024-12-23 14:51:36,667 [ERROR] LogOutputStream:75 - [STDERR_REDIRECT] [Fatal Error] :1:1: Premature end of file.
2024-12-23 14:51:36,668 [ERROR] LogOutputStream:75 - [STDERR_REDIRECT] 
2024-12-23 14:51:37,666 [ERROR] LogOutputStream:75 - [STDERR_REDIRECT] [Fatal Error] :1:1: Premature end of file.
2024-12-23 14:51:37,667 [ERROR] LogOutputStream:75 - [STDERR_REDIRECT] 
2024-12-23 14:51:38,848 [ERROR] LogOutputStream:75 - [STDERR_REDIRECT] [Fatal Error] :1:1: Premature end of file.
2024-12-23 14:51:38,849 [ERROR] LogOutputStream:75 - [STDERR_REDIRECT] 
2024-12-23 14:51:39,681 [ERROR] LogOutputStream:75 - [STDERR_REDIRECT] [Fatal Error] :1:1: Premature end of file.
2024-12-23 14:51:39,682 [ERROR] LogOutputStream:75 - [STDERR_REDIRECT] 
2024-12-23 14:51:40,681 [ERROR] LogOutputStream:75 - [STDERR_REDIRECT] [Fatal Error] :1:1: Premature end of file.
2024-12-23 14:51:40,681 [ERROR] LogOutputStream:75 - [STDERR_REDIRECT] 
2024-12-23 14:51:41,669 [ERROR] LogOutputStream:75 - [STDERR_REDIRECT] [Fatal Error] :1:1: Premature end of file.
2024-12-23 14:51:41,669 [ERROR] LogOutputStream:75 - [STDERR_REDIRECT] 
2024-12-23 14:51:42,693 [ERROR] LogOutputStream:75 - [STDERR_REDIRECT] [Fatal Error] :1:1: Premature end of file.
2024-12-23 14:51:42,694 [ERROR] LogOutputStream:75 - [STDERR_REDIRECT] 
2024-12-23 14:51:43,680 [ERROR] LogOutputStream:75 - [STDERR_REDIRECT] [Fatal Error] :1:1: Premature end of file.
2024-12-23 14:51:43,680 [ERROR] LogOutputStream:75 - [STDERR_REDIRECT] 
2024-12-23 14:51:44,664 [ERROR] LogOutputStream:75 - [STDERR_REDIRECT] [Fatal Error] :1:1: Premature end of file.
2024-12-23 14:51:44,664 [ERROR] LogOutputStream:75 - [STDERR_REDIRECT] 
2024-12-23 14:51:45,667 [ERROR] LogOutputStream:75 - [STDERR_REDIRECT] [Fatal Error] :1:1: Premature end of file.
2024-12-23 14:51:45,667 [ERROR] LogOutputStream:75 - [STDERR_REDIRECT] 
2024-12-23 14:51:46,674 [ERROR] LogOutputStream:75 - [STDERR_REDIRECT] [Fatal Error] :1:1: Premature end of file.
2024-12-23 14:51:46,674 [ERROR] LogOutputStream:75 - [STDERR_REDIRECT] 
2024-12-23 14:51:47,676 [ERROR] LogOutputStream:75 - [STDERR_REDIRECT] [Fatal Error] :1:1: Premature end of file.
2024-12-23 14:51:47,676 [ERROR] LogOutputStream:75 - [STDERR_REDIRECT] 
2024-12-23 14:51:48,707 [ERROR] LogOutputStream:75 - [STDERR_REDIRECT] [Fatal Error] :1:1: Premature end of file.
2024-12-23 14:51:48,707 [ERROR] LogOutputStream:75 - [STDERR_REDIRECT] 
2024-12-23 14:51:49,664 [ERROR] LogOutputStream:75 - [STDERR_REDIRECT] [Fatal Error] :1:1: Premature end of file.
2024-12-23 14:51:49,664 [ERROR] LogOutputStream:75 - [STDERR_REDIRECT] 
2024-12-23 14:51:50,719 [ERROR] LogOutputStream:75 - [STDERR_REDIRECT] [Fatal Error] :1:1: Premature end of file.
2024-12-23 14:51:50,720 [ERROR] LogOutputStream:75 - [STDERR_REDIRECT] 
2024-12-23 14:51:51,662 [ERROR] LogOutputStream:75 - [STDERR_REDIRECT] [Fatal Error] :1:1: Premature end of file.
2024-12-23 14:51:51,663 [ERROR] LogOutputStream:75 - [STDERR_REDIRECT] 
2024-12-23 14:51:52,675 [ERROR] LogOutputStream:75 - [STDERR_REDIRECT] [Fatal Error] :1:1: Premature end of file.
2024-12-23 14:51:52,675 [ERROR] LogOutputStream:75 - [STDERR_REDIRECT] 
2024-12-23 14:51:53,671 [ERROR] LogOutputStream:75 - [STDERR_REDIRECT] [Fatal Error] :1:1: Premature end of file.
2024-12-23 14:51:53,672 [ERROR] LogOutputStream:75 - [STDERR_REDIRECT] 
2024-12-23 14:51:54,683 [ERROR] LogOutputStream:75 - [STDERR_REDIRECT] [Fatal Error] :1:1: Premature end of file.
2024-12-23 14:51:54,684 [ERROR] LogOutputStream:75 - [STDERR_REDIRECT] 
2024-12-23 14:51:55,666 [ERROR] LogOutputStream:75 - [STDERR_REDIRECT] [Fatal Error] :1:1: Premature end of file.
2024-12-23 14:51:55,666 [ERROR] LogOutputStream:75 - [STDERR_REDIRECT] 
2024-12-23 14:51:56,694 [ERROR] LogOutputStream:75 - [STDERR_REDIRECT] [Fatal Error] :1:1: Premature end of file.
2024-12-23 14:51:56,695 [ERROR] LogOutputStream:75 - [STDERR_REDIRECT] 
2024-12-23 14:51:57,668 [ERROR] LogOutputStream:75 - [STDERR_REDIRECT] [Fatal Error] :1:1: Premature end of file.
2024-12-23 14:51:57,668 [ERROR] LogOutputStream:75 - [STDERR_REDIRECT] 
2024-12-23 14:51:58,935 [ERROR] LogOutputStream:75 - [STDERR_REDIRECT] [Fatal Error] :1:1: Premature end of file.
2024-12-23 14:51:58,937 [ERROR] LogOutputStream:75 - [STDERR_REDIRECT] 
2024-12-23 14:51:59,808 [ERROR] LogOutputStream:75 - [STDERR_REDIRECT] 
2024-12-23 14:51:59,809 [ERROR] LogOutputStream:75 - [STDERR_REDIRECT] 
